mode: atomic
github.com/abraderAI/crm-project/api/internal/cli/agent/agent-tools.go:11.63,13.17 2 3
github.com/abraderAI/crm-project/api/internal/cli/agent/agent-tools.go:13.17,15.3 1 1
github.com/abraderAI/crm-project/api/internal/cli/agent/agent-tools.go:16.2,19.18 2 2
github.com/abraderAI/crm-project/api/internal/cli/agent/agent-tools.go:22.59,27.18 5 2
github.com/abraderAI/crm-project/api/internal/cli/agent/agent-tools.go:27.18,29.3 1 1
github.com/abraderAI/crm-project/api/internal/cli/agent/agent-tools.go:30.2,30.57 1 1
github.com/abraderAI/crm-project/api/internal/cli/agent/agent-tools.go:33.62,38.17 5 1
github.com/abraderAI/crm-project/api/internal/cli/agent/agent-tools.go:38.17,40.3 1 1
github.com/abraderAI/crm-project/api/internal/cli/agent/agent-tools.go:41.2,41.52 1 1
github.com/abraderAI/crm-project/api/internal/cli/agent/agent-tools.go:41.52,43.3 1 1
github.com/abraderAI/crm-project/api/internal/cli/agent/agent-tools.go:44.2,44.58 1 1
github.com/abraderAI/crm-project/api/internal/cli/agent/agent-tools.go:47.62,53.17 6 1
github.com/abraderAI/crm-project/api/internal/cli/agent/agent-tools.go:53.17,55.3 1 0
github.com/abraderAI/crm-project/api/internal/cli/agent/agent-tools.go:56.2,56.66 1 1
github.com/abraderAI/crm-project/api/internal/cli/agent/agent-tools.go:59.64,68.2 6 1
github.com/abraderAI/crm-project/api/internal/cli/agent/agent-tools.go:70.61,76.2 5 1
github.com/abraderAI/crm-project/api/internal/cli/agent/agent-tools.go:78.66,80.17 2 2
github.com/abraderAI/crm-project/api/internal/cli/agent/agent-tools.go:80.17,82.3 1 1
github.com/abraderAI/crm-project/api/internal/cli/agent/agent-tools.go:83.2,88.18 3 1
github.com/abraderAI/crm-project/api/internal/cli/agent/agent-tools.go:91.66,100.2 6 1
github.com/abraderAI/crm-project/api/internal/cli/agent/agent-tools.go:102.67,108.17 6 2
github.com/abraderAI/crm-project/api/internal/cli/agent/agent-tools.go:108.17,110.3 1 1
github.com/abraderAI/crm-project/api/internal/cli/agent/agent-tools.go:111.2,111.70 1 1
github.com/abraderAI/crm-project/api/internal/cli/agent/agent-tools.go:114.61,116.17 2 63
github.com/abraderAI/crm-project/api/internal/cli/agent/agent-tools.go:116.17,118.3 1 1
github.com/abraderAI/crm-project/api/internal/cli/agent/agent-tools.go:119.2,122.18 2 62
github.com/abraderAI/crm-project/api/internal/cli/agent/agent-tools.go:125.52,127.15 2 11
github.com/abraderAI/crm-project/api/internal/cli/agent/agent-tools.go:127.15,129.3 1 10
github.com/abraderAI/crm-project/api/internal/cli/agent/agent-tools.go:130.2,130.12 1 1
github.com/abraderAI/crm-project/api/internal/cli/agent/agent-tools.go:135.56,136.28 1 113
github.com/abraderAI/crm-project/api/internal/cli/agent/agent-tools.go:136.28,137.30 1 93
github.com/abraderAI/crm-project/api/internal/cli/agent/agent-tools.go:137.30,139.4 1 92
github.com/abraderAI/crm-project/api/internal/cli/agent/agent-tools.go:141.2,141.11 1 21
github.com/abraderAI/crm-project/api/internal/cli/agent/agent-tools.go:144.66,145.28 1 71
github.com/abraderAI/crm-project/api/internal/cli/agent/agent-tools.go:145.28,146.24 1 3
github.com/abraderAI/crm-project/api/internal/cli/agent/agent-tools.go:147.16,148.17 1 1
github.com/abraderAI/crm-project/api/internal/cli/agent/agent-tools.go:149.12,150.12 1 1
github.com/abraderAI/crm-project/api/internal/cli/agent/agent-tools.go:151.20,152.39 1 0
github.com/abraderAI/crm-project/api/internal/cli/agent/agent-tools.go:152.39,154.5 1 0
github.com/abraderAI/crm-project/api/internal/cli/agent/agent-tools.go:157.2,157.19 1 69
github.com/abraderAI/crm-project/api/internal/cli/agent/agent-tools.go:160.61,161.28 1 5
github.com/abraderAI/crm-project/api/internal/cli/agent/agent-tools.go:161.28,162.38 1 3
github.com/abraderAI/crm-project/api/internal/cli/agent/agent-tools.go:162.38,164.4 1 2
github.com/abraderAI/crm-project/api/internal/cli/agent/agent-tools.go:166.2,166.12 1 3
github.com/abraderAI/crm-project/api/internal/cli/agent/agent-tools.go:170.36,330.2 1 110
github.com/abraderAI/crm-project/api/internal/cli/agent/agent.go:53.79,59.2 1 126
github.com/abraderAI/crm-project/api/internal/cli/agent/agent.go:66.89,73.49 5 109
github.com/abraderAI/crm-project/api/internal/cli/agent/agent.go:73.49,75.17 2 172
github.com/abraderAI/crm-project/api/internal/cli/agent/agent.go:75.17,77.4 1 1
github.com/abraderAI/crm-project/api/internal/cli/agent/agent.go:79.3,81.31 2 171
github.com/abraderAI/crm-project/api/internal/cli/agent/agent.go:81.31,84.4 1 107
github.com/abraderAI/crm-project/api/internal/cli/agent/agent.go:87.3,87.37 1 64
github.com/abraderAI/crm-project/api/internal/cli/agent/agent.go:87.37,93.4 2 64
github.com/abraderAI/crm-project/api/internal/cli/agent/agent.go:96.2,96.99 1 1
github.com/abraderAI/crm-project/api/internal/cli/agent/agent.go:100.53,103.17 2 80
github.com/abraderAI/crm-project/api/internal/cli/agent/agent.go:104.22,106.17 2 3
github.com/abraderAI/crm-project/api/internal/cli/agent/agent.go:106.17,108.4 1 1
github.com/abraderAI/crm-project/api/internal/cli/agent/agent.go:108.9,110.4 1 2
github.com/abraderAI/crm-project/api/internal/cli/agent/agent.go:112.18,114.17 2 2
github.com/abraderAI/crm-project/api/internal/cli/agent/agent.go:114.17,116.4 1 1
github.com/abraderAI/crm-project/api/internal/cli/agent/agent.go:116.9,118.4 1 1
github.com/abraderAI/crm-project/api/internal/cli/agent/agent.go:120.21,122.17 2 1
github.com/abraderAI/crm-project/api/internal/cli/agent/agent.go:122.17,124.4 1 0
github.com/abraderAI/crm-project/api/internal/cli/agent/agent.go:124.9,126.4 1 1
github.com/abraderAI/crm-project/api/internal/cli/agent/agent.go:128.21,130.17 2 1
github.com/abraderAI/crm-project/api/internal/cli/agent/agent.go:130.17,132.4 1 0
github.com/abraderAI/crm-project/api/internal/cli/agent/agent.go:132.9,134.4 1 1
github.com/abraderAI/crm-project/api/internal/cli/agent/agent.go:136.23,138.17 2 1
github.com/abraderAI/crm-project/api/internal/cli/agent/agent.go:138.17,140.4 1 0
github.com/abraderAI/crm-project/api/internal/cli/agent/agent.go:140.9,142.4 1 1
github.com/abraderAI/crm-project/api/internal/cli/agent/agent.go:144.20,146.17 2 1
github.com/abraderAI/crm-project/api/internal/cli/agent/agent.go:146.17,148.4 1 0
github.com/abraderAI/crm-project/api/internal/cli/agent/agent.go:148.9,150.4 1 1
github.com/abraderAI/crm-project/api/internal/cli/agent/agent.go:152.25,154.17 2 2
github.com/abraderAI/crm-project/api/internal/cli/agent/agent.go:154.17,156.4 1 1
github.com/abraderAI/crm-project/api/internal/cli/agent/agent.go:156.9,158.4 1 1
github.com/abraderAI/crm-project/api/internal/cli/agent/agent.go:160.25,162.17 2 1
github.com/abraderAI/crm-project/api/internal/cli/agent/agent.go:162.17,164.4 1 0
github.com/abraderAI/crm-project/api/internal/cli/agent/agent.go:164.9,166.4 1 1
github.com/abraderAI/crm-project/api/internal/cli/agent/agent.go:168.27,170.17 2 2
github.com/abraderAI/crm-project/api/internal/cli/agent/agent.go:170.17,172.4 1 1
github.com/abraderAI/crm-project/api/internal/cli/agent/agent.go:172.9,174.4 1 1
github.com/abraderAI/crm-project/api/internal/cli/agent/agent.go:176.20,178.17 2 63
github.com/abraderAI/crm-project/api/internal/cli/agent/agent.go:178.17,180.4 1 13
github.com/abraderAI/crm-project/api/internal/cli/agent/agent.go:180.9,182.4 1 50
github.com/abraderAI/crm-project/api/internal/cli/agent/agent.go:184.19,186.17 2 1
github.com/abraderAI/crm-project/api/internal/cli/agent/agent.go:186.17,188.4 1 0
github.com/abraderAI/crm-project/api/internal/cli/agent/agent.go:188.9,190.4 1 1
github.com/abraderAI/crm-project/api/internal/cli/agent/agent.go:192.17,194.19 2 1
github.com/abraderAI/crm-project/api/internal/cli/agent/agent.go:194.19,196.4 1 0
github.com/abraderAI/crm-project/api/internal/cli/agent/agent.go:197.3,198.17 2 1
github.com/abraderAI/crm-project/api/internal/cli/agent/agent.go:198.17,200.4 1 0
github.com/abraderAI/crm-project/api/internal/cli/agent/agent.go:200.9,202.4 1 1
github.com/abraderAI/crm-project/api/internal/cli/agent/agent.go:204.10,205.58 1 1
github.com/abraderAI/crm-project/api/internal/cli/agent/agent.go:208.2,208.15 1 80
github.com/abraderAI/crm-project/api/internal/cli/auth/auth.go:25.38,27.2 1 12
github.com/abraderAI/crm-project/api/internal/cli/auth/auth.go:30.53,31.19 1 8
github.com/abraderAI/crm-project/api/internal/cli/auth/auth.go:31.19,33.3 1 3
github.com/abraderAI/crm-project/api/internal/cli/auth/auth.go:34.2,34.20 1 5
github.com/abraderAI/crm-project/api/internal/cli/auth/auth.go:34.20,36.3 1 4
github.com/abraderAI/crm-project/api/internal/cli/auth/auth.go:37.2,37.15 1 1
github.com/abraderAI/crm-project/api/internal/cli/auth/auth.go:53.34,55.2 1 7
github.com/abraderAI/crm-project/api/internal/cli/auth/auth.go:58.48,60.16 2 5
github.com/abraderAI/crm-project/api/internal/cli/auth/auth.go:60.16,62.3 1 0
github.com/abraderAI/crm-project/api/internal/cli/auth/auth.go:63.2,63.84 1 5
github.com/abraderAI/crm-project/api/internal/cli/auth/auth.go:63.84,65.3 1 0
github.com/abraderAI/crm-project/api/internal/cli/auth/auth.go:66.2,66.12 1 5
github.com/abraderAI/crm-project/api/internal/cli/auth/auth.go:71.46,73.16 2 6
github.com/abraderAI/crm-project/api/internal/cli/auth/auth.go:73.16,76.3 1 2
github.com/abraderAI/crm-project/api/internal/cli/auth/auth.go:77.2,78.61 2 4
github.com/abraderAI/crm-project/api/internal/cli/auth/auth.go:78.61,80.3 1 1
github.com/abraderAI/crm-project/api/internal/cli/auth/auth.go:81.2,81.20 1 3
github.com/abraderAI/crm-project/api/internal/cli/auth/auth.go:85.31,86.73 1 2
github.com/abraderAI/crm-project/api/internal/cli/auth/auth.go:86.73,89.3 1 0
github.com/abraderAI/crm-project/api/internal/cli/auth/auth.go:90.2,90.12 1 2
github.com/abraderAI/crm-project/api/internal/cli/auth/auth.go:94.67,95.21 1 5
github.com/abraderAI/crm-project/api/internal/cli/auth/auth.go:95.21,97.3 1 1
github.com/abraderAI/crm-project/api/internal/cli/auth/auth.go:99.2,101.16 3 4
github.com/abraderAI/crm-project/api/internal/cli/auth/auth.go:101.16,103.3 1 0
github.com/abraderAI/crm-project/api/internal/cli/auth/auth.go:105.2,106.21 2 4
github.com/abraderAI/crm-project/api/internal/cli/auth/auth.go:106.21,108.3 1 4
github.com/abraderAI/crm-project/api/internal/cli/auth/auth.go:110.2,111.16 2 4
github.com/abraderAI/crm-project/api/internal/cli/auth/auth.go:111.16,113.3 1 1
github.com/abraderAI/crm-project/api/internal/cli/auth/auth.go:114.2,114.15 1 3
github.com/abraderAI/crm-project/api/internal/cli/auth/auth.go:114.15,114.40 1 3
github.com/abraderAI/crm-project/api/internal/cli/auth/auth.go:116.2,116.38 1 3
github.com/abraderAI/crm-project/api/internal/cli/auth/auth.go:116.38,118.3 1 1
github.com/abraderAI/crm-project/api/internal/cli/auth/auth.go:119.2,119.12 1 2
github.com/abraderAI/crm-project/api/internal/cli/chat/chat.go:22.71,28.2 1 12
github.com/abraderAI/crm-project/api/internal/cli/chat/chat.go:32.53,34.16 2 8
github.com/abraderAI/crm-project/api/internal/cli/chat/chat.go:34.16,36.3 1 0
github.com/abraderAI/crm-project/api/internal/cli/chat/chat.go:37.2,38.22 2 8
github.com/abraderAI/crm-project/api/internal/cli/chat/chat.go:43.35,50.6 5 8
github.com/abraderAI/crm-project/api/internal/cli/chat/chat.go:50.6,53.22 2 15
github.com/abraderAI/crm-project/api/internal/cli/chat/chat.go:53.22,57.4 2 1
github.com/abraderAI/crm-project/api/internal/cli/chat/chat.go:59.3,60.18 2 14
github.com/abraderAI/crm-project/api/internal/cli/chat/chat.go:60.18,61.12 1 3
github.com/abraderAI/crm-project/api/internal/cli/chat/chat.go:64.3,65.41 2 11
github.com/abraderAI/crm-project/api/internal/cli/chat/chat.go:65.41,68.4 2 7
github.com/abraderAI/crm-project/api/internal/cli/chat/chat.go:70.3,71.17 2 4
github.com/abraderAI/crm-project/api/internal/cli/chat/chat.go:71.17,73.12 2 0
github.com/abraderAI/crm-project/api/internal/cli/chat/chat.go:76.3,77.32 2 4
github.com/abraderAI/crm-project/api/internal/cli/chat/chat.go:82.45,84.2 1 5
github.com/abraderAI/crm-project/api/internal/cli/chat/chat.go:87.34,89.2 1 1
github.com/abraderAI/crm-project/api/internal/cli/client/client.go:23.57,30.2 1 0
github.com/abraderAI/crm-project/api/internal/cli/client/client.go:33.88,40.2 1 25
github.com/abraderAI/crm-project/api/internal/cli/client/client.go:51.35,52.20 1 2
github.com/abraderAI/crm-project/api/internal/cli/client/client.go:52.20,54.3 1 2
github.com/abraderAI/crm-project/api/internal/cli/client/client.go:55.2,55.55 1 0
github.com/abraderAI/crm-project/api/internal/cli/client/client.go:81.80,85.17 3 27
github.com/abraderAI/crm-project/api/internal/cli/client/client.go:85.17,87.17 2 9
github.com/abraderAI/crm-project/api/internal/cli/client/client.go:87.17,89.4 1 0
github.com/abraderAI/crm-project/api/internal/cli/client/client.go:90.3,90.37 1 9
github.com/abraderAI/crm-project/api/internal/cli/client/client.go:93.2,94.16 2 27
github.com/abraderAI/crm-project/api/internal/cli/client/client.go:94.16,96.3 1 0
github.com/abraderAI/crm-project/api/internal/cli/client/client.go:98.2,98.17 1 27
github.com/abraderAI/crm-project/api/internal/cli/client/client.go:98.17,100.3 1 9
github.com/abraderAI/crm-project/api/internal/cli/client/client.go:101.2,101.45 1 27
github.com/abraderAI/crm-project/api/internal/cli/client/client.go:101.45,103.3 1 27
github.com/abraderAI/crm-project/api/internal/cli/client/client.go:105.2,106.16 2 27
github.com/abraderAI/crm-project/api/internal/cli/client/client.go:106.16,108.3 1 0
github.com/abraderAI/crm-project/api/internal/cli/client/client.go:109.2,109.15 1 27
github.com/abraderAI/crm-project/api/internal/cli/client/client.go:109.15,109.40 1 27
github.com/abraderAI/crm-project/api/internal/cli/client/client.go:111.2,112.16 2 27
github.com/abraderAI/crm-project/api/internal/cli/client/client.go:112.16,114.3 1 0
github.com/abraderAI/crm-project/api/internal/cli/client/client.go:116.2,116.28 1 27
github.com/abraderAI/crm-project/api/internal/cli/client/client.go:116.28,118.65 2 2
github.com/abraderAI/crm-project/api/internal/cli/client/client.go:118.65,121.4 2 1
github.com/abraderAI/crm-project/api/internal/cli/client/client.go:122.3,122.100 1 1
github.com/abraderAI/crm-project/api/internal/cli/client/client.go:125.2,125.35 1 25
github.com/abraderAI/crm-project/api/internal/cli/client/client.go:129.59,130.19 1 13
github.com/abraderAI/crm-project/api/internal/cli/client/client.go:130.19,132.3 1 7
github.com/abraderAI/crm-project/api/internal/cli/client/client.go:133.2,134.25 2 6
github.com/abraderAI/crm-project/api/internal/cli/client/client.go:134.25,136.3 1 2
github.com/abraderAI/crm-project/api/internal/cli/client/client.go:137.2,137.22 1 6
github.com/abraderAI/crm-project/api/internal/cli/client/client.go:137.22,139.3 1 3
github.com/abraderAI/crm-project/api/internal/cli/client/client.go:140.2,140.35 1 6
github.com/abraderAI/crm-project/api/internal/cli/client/client.go:140.35,142.3 1 3
github.com/abraderAI/crm-project/api/internal/cli/client/client.go:143.2,143.16 1 6
github.com/abraderAI/crm-project/api/internal/cli/client/client.go:143.16,145.3 1 6
github.com/abraderAI/crm-project/api/internal/cli/client/client.go:146.2,146.13 1 0
github.com/abraderAI/crm-project/api/internal/cli/client/client.go:152.76,154.2 1 3
github.com/abraderAI/crm-project/api/internal/cli/client/client.go:157.56,159.2 1 4
github.com/abraderAI/crm-project/api/internal/cli/client/client.go:162.65,164.2 1 1
github.com/abraderAI/crm-project/api/internal/cli/client/client.go:167.80,169.2 1 1
github.com/abraderAI/crm-project/api/internal/cli/client/client.go:174.93,176.2 1 1
github.com/abraderAI/crm-project/api/internal/cli/client/client.go:179.68,181.2 1 1
github.com/abraderAI/crm-project/api/internal/cli/client/client.go:184.82,186.2 1 1
github.com/abraderAI/crm-project/api/internal/cli/client/client.go:189.92,191.2 1 1
github.com/abraderAI/crm-project/api/internal/cli/client/client.go:196.103,198.2 1 1
github.com/abraderAI/crm-project/api/internal/cli/client/client.go:201.78,203.2 1 1
github.com/abraderAI/crm-project/api/internal/cli/client/client.go:206.92,208.2 1 1
github.com/abraderAI/crm-project/api/internal/cli/client/client.go:211.102,213.2 1 1
github.com/abraderAI/crm-project/api/internal/cli/client/client.go:218.114,220.2 1 1
github.com/abraderAI/crm-project/api/internal/cli/client/client.go:223.90,225.2 1 1
github.com/abraderAI/crm-project/api/internal/cli/client/client.go:228.103,230.2 1 1
github.com/abraderAI/crm-project/api/internal/cli/client/client.go:233.114,235.2 1 1
github.com/abraderAI/crm-project/api/internal/cli/client/client.go:240.126,242.2 1 1
github.com/abraderAI/crm-project/api/internal/cli/client/client.go:245.103,247.2 1 1
github.com/abraderAI/crm-project/api/internal/cli/client/client.go:252.88,253.19 1 2
github.com/abraderAI/crm-project/api/internal/cli/client/client.go:253.19,255.3 1 1
github.com/abraderAI/crm-project/api/internal/cli/client/client.go:256.2,256.25 1 2
github.com/abraderAI/crm-project/api/internal/cli/client/client.go:256.25,258.3 1 2
github.com/abraderAI/crm-project/api/internal/cli/client/client.go:259.2,260.59 2 2
github.com/abraderAI/crm-project/api/internal/cli/client/client.go:266.103,269.2 2 1
github.com/abraderAI/crm-project/api/internal/cli/client/client.go:273.73,275.16 2 9
github.com/abraderAI/crm-project/api/internal/cli/client/client.go:275.16,277.3 1 0
github.com/abraderAI/crm-project/api/internal/cli/client/client.go:279.2,280.56 2 9
github.com/abraderAI/crm-project/api/internal/cli/client/client.go:280.56,283.59 2 1
github.com/abraderAI/crm-project/api/internal/cli/client/client.go:283.59,285.4 1 0
github.com/abraderAI/crm-project/api/internal/cli/client/client.go:286.3,286.28 1 1
github.com/abraderAI/crm-project/api/internal/cli/client/client.go:289.2,290.26 2 8
github.com/abraderAI/crm-project/api/internal/cli/client/client.go:290.26,291.66 1 8
github.com/abraderAI/crm-project/api/internal/cli/client/client.go:291.66,293.4 1 0
github.com/abraderAI/crm-project/api/internal/cli/client/client.go:295.2,295.41 1 8
github.com/abraderAI/crm-project/api/internal/cli/client/client.go:298.57,300.16 2 8
github.com/abraderAI/crm-project/api/internal/cli/client/client.go:300.16,302.3 1 2
github.com/abraderAI/crm-project/api/internal/cli/client/client.go:303.2,304.54 2 6
github.com/abraderAI/crm-project/api/internal/cli/client/client.go:304.54,306.3 1 0
github.com/abraderAI/crm-project/api/internal/cli/client/client.go:307.2,307.20 1 6
github.com/abraderAI/crm-project/api/internal/cli/client/client.go:310.81,312.16 2 5
github.com/abraderAI/crm-project/api/internal/cli/client/client.go:312.16,314.3 1 0
github.com/abraderAI/crm-project/api/internal/cli/client/client.go:315.2,316.54 2 5
github.com/abraderAI/crm-project/api/internal/cli/client/client.go:316.54,318.3 1 0
github.com/abraderAI/crm-project/api/internal/cli/client/client.go:319.2,319.20 1 5
github.com/abraderAI/crm-project/api/internal/cli/client/client.go:322.81,324.16 2 4
github.com/abraderAI/crm-project/api/internal/cli/client/client.go:324.16,326.3 1 0
github.com/abraderAI/crm-project/api/internal/cli/client/client.go:327.2,328.54 2 4
github.com/abraderAI/crm-project/api/internal/cli/client/client.go:328.54,330.3 1 0
github.com/abraderAI/crm-project/api/internal/cli/client/client.go:331.2,331.20 1 4
github.com/abraderAI/crm-project/api/internal/cli/client/client.go:335.86,338.6 3 1
github.com/abraderAI/crm-project/api/internal/cli/client/client.go:338.6,340.17 2 2
github.com/abraderAI/crm-project/api/internal/cli/client/client.go:340.17,342.4 1 0
github.com/abraderAI/crm-project/api/internal/cli/client/client.go:343.3,344.72 2 2
github.com/abraderAI/crm-project/api/internal/cli/client/client.go:344.72,345.9 1 1
github.com/abraderAI/crm-project/api/internal/cli/client/client.go:347.3,347.31 1 1
github.com/abraderAI/crm-project/api/internal/cli/client/client.go:349.2,349.17 1 1
github.com/abraderAI/crm-project/api/internal/cli/client/client.go:353.54,356.2 2 1
github.com/abraderAI/crm-project/api/internal/cli/config/config.go:32.42,34.16 2 3
github.com/abraderAI/crm-project/api/internal/cli/config/config.go:34.16,36.3 1 0
github.com/abraderAI/crm-project/api/internal/cli/config/config.go:37.2,37.56 1 3
github.com/abraderAI/crm-project/api/internal/cli/config/config.go:43.41,48.16 2 7
github.com/abraderAI/crm-project/api/internal/cli/config/config.go:48.16,51.17 3 1
github.com/abraderAI/crm-project/api/internal/cli/config/config.go:51.17,53.4 1 0
github.com/abraderAI/crm-project/api/internal/cli/config/config.go:56.2,57.16 2 7
github.com/abraderAI/crm-project/api/internal/cli/config/config.go:57.16,58.25 1 2
github.com/abraderAI/crm-project/api/internal/cli/config/config.go:58.25,60.4 1 2
github.com/abraderAI/crm-project/api/internal/cli/config/config.go:61.3,61.57 1 0
github.com/abraderAI/crm-project/api/internal/cli/config/config.go:64.2,64.50 1 5
github.com/abraderAI/crm-project/api/internal/cli/config/config.go:64.50,66.3 1 1
github.com/abraderAI/crm-project/api/internal/cli/config/config.go:68.2,68.36 1 4
github.com/abraderAI/crm-project/api/internal/cli/config/config.go:72.43,73.16 1 3
github.com/abraderAI/crm-project/api/internal/cli/config/config.go:73.16,76.17 3 1
github.com/abraderAI/crm-project/api/internal/cli/config/config.go:76.17,78.4 1 0
github.com/abraderAI/crm-project/api/internal/cli/config/config.go:81.2,82.48 2 3
github.com/abraderAI/crm-project/api/internal/cli/config/config.go:82.48,84.3 1 0
github.com/abraderAI/crm-project/api/internal/cli/config/config.go:86.2,87.16 2 3
github.com/abraderAI/crm-project/api/internal/cli/config/config.go:87.16,89.3 1 0
github.com/abraderAI/crm-project/api/internal/cli/config/config.go:91.2,91.56 1 3
github.com/abraderAI/crm-project/api/internal/cli/config/config.go:91.56,93.3 1 0
github.com/abraderAI/crm-project/api/internal/cli/config/config.go:95.2,95.12 1 3
github.com/abraderAI/crm-project/api/internal/cli/config/config.go:99.45,100.40 1 7
github.com/abraderAI/crm-project/api/internal/cli/config/config.go:100.40,102.3 1 2
github.com/abraderAI/crm-project/api/internal/cli/config/config.go:103.2,103.40 1 7
github.com/abraderAI/crm-project/api/internal/cli/config/config.go:103.40,105.3 1 2
github.com/abraderAI/crm-project/api/internal/cli/config/config.go:106.2,106.37 1 7
github.com/abraderAI/crm-project/api/internal/cli/config/config.go:106.37,108.3 1 1
github.com/abraderAI/crm-project/api/internal/cli/config/config.go:109.2,109.12 1 7
github.com/abraderAI/crm-project/api/internal/audit/audit.go:28.39,30.2 1 7
github.com/abraderAI/crm-project/api/internal/audit/audit.go:33.67,35.27 1 2
github.com/abraderAI/crm-project/api/internal/audit/audit.go:35.27,37.3 1 1
github.com/abraderAI/crm-project/api/internal/audit/audit.go:39.2,39.12 1 2
github.com/abraderAI/crm-project/api/internal/audit/audit.go:39.12,41.3 1 2
github.com/abraderAI/crm-project/api/internal/audit/audit.go:45.77,46.27 1 11
github.com/abraderAI/crm-project/api/internal/audit/audit.go:46.27,48.3 1 10
github.com/abraderAI/crm-project/api/internal/audit/audit.go:49.2,49.51 1 11
github.com/abraderAI/crm-project/api/internal/audit/audit.go:62.113,66.29 3 9
github.com/abraderAI/crm-project/api/internal/audit/audit.go:66.29,68.3 1 3
github.com/abraderAI/crm-project/api/internal/audit/audit.go:69.2,69.27 1 9
github.com/abraderAI/crm-project/api/internal/audit/audit.go:69.27,71.3 1 0
github.com/abraderAI/crm-project/api/internal/audit/audit.go:72.2,72.25 1 9
github.com/abraderAI/crm-project/api/internal/audit/audit.go:72.25,74.3 1 2
github.com/abraderAI/crm-project/api/internal/audit/audit.go:75.2,75.25 1 9
github.com/abraderAI/crm-project/api/internal/audit/audit.go:75.25,77.3 1 2
github.com/abraderAI/crm-project/api/internal/audit/audit.go:79.2,79.25 1 9
github.com/abraderAI/crm-project/api/internal/audit/audit.go:79.25,81.17 2 0
github.com/abraderAI/crm-project/api/internal/audit/audit.go:81.17,83.4 1 0
github.com/abraderAI/crm-project/api/internal/audit/audit.go:84.3,84.51 1 0
github.com/abraderAI/crm-project/api/internal/audit/audit.go:87.2,87.72 1 9
github.com/abraderAI/crm-project/api/internal/audit/audit.go:87.72,89.3 1 0
github.com/abraderAI/crm-project/api/internal/audit/audit.go:91.2,92.30 2 9
github.com/abraderAI/crm-project/api/internal/audit/audit.go:92.30,97.3 4 1
github.com/abraderAI/crm-project/api/internal/audit/audit.go:99.2,99.28 1 9
github.com/abraderAI/crm-project/api/internal/audit/audit.go:108.44,110.2 1 2
github.com/abraderAI/crm-project/api/internal/audit/audit.go:113.64,125.16 4 2
github.com/abraderAI/crm-project/api/internal/audit/audit.go:125.16,128.3 2 0
github.com/abraderAI/crm-project/api/internal/audit/audit.go:130.2,133.4 1 2
github.com/abraderAI/crm-project/api/internal/audit/audit.go:137.133,140.15 3 1
github.com/abraderAI/crm-project/api/internal/audit/audit.go:140.15,142.3 1 0
github.com/abraderAI/crm-project/api/internal/audit/audit.go:144.2,145.19 2 1
github.com/abraderAI/crm-project/api/internal/audit/audit.go:145.19,148.3 2 0
github.com/abraderAI/crm-project/api/internal/audit/audit.go:149.2,149.18 1 1
github.com/abraderAI/crm-project/api/internal/audit/audit.go:149.18,152.3 2 1
github.com/abraderAI/crm-project/api/internal/audit/audit.go:154.2,162.4 1 1
github.com/abraderAI/crm-project/api/internal/cli/output/output.go:35.49,38.2 2 2
github.com/abraderAI/crm-project/api/internal/cli/output/output.go:41.70,43.2 1 14
github.com/abraderAI/crm-project/api/internal/cli/output/output.go:46.65,47.28 1 4
github.com/abraderAI/crm-project/api/internal/cli/output/output.go:47.28,49.3 1 1
github.com/abraderAI/crm-project/api/internal/cli/output/output.go:50.2,50.32 1 3
github.com/abraderAI/crm-project/api/internal/cli/output/output.go:54.63,55.28 1 4
github.com/abraderAI/crm-project/api/internal/cli/output/output.go:55.28,57.3 1 1
github.com/abraderAI/crm-project/api/internal/cli/output/output.go:58.2,58.35 1 3
github.com/abraderAI/crm-project/api/internal/cli/output/output.go:62.45,63.13 1 2
github.com/abraderAI/crm-project/api/internal/cli/output/output.go:63.13,66.3 2 1
github.com/abraderAI/crm-project/api/internal/cli/output/output.go:66.8,68.3 1 1
github.com/abraderAI/crm-project/api/internal/cli/output/output.go:72.45,73.13 1 2
github.com/abraderAI/crm-project/api/internal/cli/output/output.go:73.13,76.3 2 1
github.com/abraderAI/crm-project/api/internal/cli/output/output.go:76.8,78.3 1 1
github.com/abraderAI/crm-project/api/internal/cli/output/output.go:82.47,83.13 1 2
github.com/abraderAI/crm-project/api/internal/cli/output/output.go:83.13,86.3 2 1
github.com/abraderAI/crm-project/api/internal/cli/output/output.go:86.8,88.3 1 1
github.com/abraderAI/crm-project/api/internal/cli/output/output.go:91.48,95.2 3 2
github.com/abraderAI/crm-project/api/internal/cli/output/output.go:97.66,98.24 1 3
github.com/abraderAI/crm-project/api/internal/cli/output/output.go:98.24,101.3 2 1
github.com/abraderAI/crm-project/api/internal/cli/output/output.go:104.2,108.25 4 2
github.com/abraderAI/crm-project/api/internal/cli/output/output.go:108.25,110.3 1 6
github.com/abraderAI/crm-project/api/internal/cli/output/output.go:111.2,113.34 2 2
github.com/abraderAI/crm-project/api/internal/cli/output/output.go:113.34,115.26 2 4
github.com/abraderAI/crm-project/api/internal/cli/output/output.go:115.26,117.4 1 12
github.com/abraderAI/crm-project/api/internal/cli/output/output.go:118.3,118.24 1 4
github.com/abraderAI/crm-project/api/internal/cli/output/output.go:121.2,122.12 2 2
github.com/abraderAI/crm-project/api/internal/cli/output/output.go:125.67,126.22 1 3
github.com/abraderAI/crm-project/api/internal/cli/output/output.go:126.22,129.3 2 1
github.com/abraderAI/crm-project/api/internal/cli/output/output.go:131.2,133.25 3 2
github.com/abraderAI/crm-project/api/internal/cli/output/output.go:133.25,134.25 1 5
github.com/abraderAI/crm-project/api/internal/cli/output/output.go:134.25,136.4 1 3
github.com/abraderAI/crm-project/api/internal/cli/output/output.go:139.2,139.25 1 2
github.com/abraderAI/crm-project/api/internal/cli/output/output.go:139.25,141.14 2 5
github.com/abraderAI/crm-project/api/internal/cli/output/output.go:141.14,144.4 2 2
github.com/abraderAI/crm-project/api/internal/cli/output/output.go:145.3,147.67 3 5
github.com/abraderAI/crm-project/api/internal/cli/output/output.go:149.2,149.12 1 2
github.com/abraderAI/crm-project/api/internal/cli/output/output.go:153.54,159.30 4 3
github.com/abraderAI/crm-project/api/internal/cli/output/output.go:159.30,160.30 1 24
github.com/abraderAI/crm-project/api/internal/cli/output/output.go:160.30,161.39 1 41
github.com/abraderAI/crm-project/api/internal/cli/output/output.go:161.39,164.10 3 8
github.com/abraderAI/crm-project/api/internal/cli/output/output.go:170.2,170.29 1 3
github.com/abraderAI/crm-project/api/internal/cli/output/output.go:170.29,171.20 1 6
github.com/abraderAI/crm-project/api/internal/cli/output/output.go:171.20,172.16 1 16
github.com/abraderAI/crm-project/api/internal/cli/output/output.go:172.16,175.5 2 3
github.com/abraderAI/crm-project/api/internal/cli/output/output.go:178.2,178.13 1 3
github.com/abraderAI/crm-project/api/internal/cli/output/output.go:181.44,183.19 2 3
github.com/abraderAI/crm-project/api/internal/cli/output/output.go:183.19,185.3 1 8
github.com/abraderAI/crm-project/api/internal/cli/output/output.go:186.2,187.13 2 3
github.com/abraderAI/crm-project/api/internal/cli/output/output.go:190.32,191.14 1 27
github.com/abraderAI/crm-project/api/internal/cli/output/output.go:191.14,193.3 1 3
github.com/abraderAI/crm-project/api/internal/cli/output/output.go:194.2,194.25 1 24
github.com/abraderAI/crm-project/api/internal/cli/output/output.go:195.14,196.20 1 17
github.com/abraderAI/crm-project/api/internal/cli/output/output.go:196.20,198.4 1 1
github.com/abraderAI/crm-project/api/internal/cli/output/output.go:199.3,199.13 1 16
github.com/abraderAI/crm-project/api/internal/cli/output/output.go:200.15,201.33 1 2
github.com/abraderAI/crm-project/api/internal/cli/output/output.go:201.33,203.4 1 1
github.com/abraderAI/crm-project/api/internal/cli/output/output.go:204.3,204.34 1 1
github.com/abraderAI/crm-project/api/internal/cli/output/output.go:205.12,206.10 1 2
github.com/abraderAI/crm-project/api/internal/cli/output/output.go:206.10,208.4 1 1
github.com/abraderAI/crm-project/api/internal/cli/output/output.go:209.3,209.17 1 1
github.com/abraderAI/crm-project/api/internal/cli/output/output.go:210.22,212.17 2 3
github.com/abraderAI/crm-project/api/internal/cli/output/output.go:212.17,214.4 1 0
github.com/abraderAI/crm-project/api/internal/cli/output/output.go:215.3,216.18 2 3
github.com/abraderAI/crm-project/api/internal/cli/output/output.go:216.18,218.4 1 1
github.com/abraderAI/crm-project/api/internal/cli/output/output.go:219.3,219.11 1 2
github.com/abraderAI/crm-project/api/internal/cli/output/output.go:220.10,222.18 2 0
github.com/abraderAI/crm-project/api/internal/cli/output/output.go:222.18,224.4 1 0
github.com/abraderAI/crm-project/api/internal/cli/output/output.go:225.3,225.11 1 0
github.com/abraderAI/crm-project/api/internal/config/config.go:47.30,65.39 2 4
github.com/abraderAI/crm-project/api/internal/config/config.go:65.39,67.3 1 2
github.com/abraderAI/crm-project/api/internal/config/config.go:69.2,69.17 1 2
github.com/abraderAI/crm-project/api/internal/config/config.go:73.35,74.46 1 17
github.com/abraderAI/crm-project/api/internal/config/config.go:74.46,76.3 1 4
github.com/abraderAI/crm-project/api/internal/config/config.go:78.2,78.24 1 13
github.com/abraderAI/crm-project/api/internal/config/config.go:78.24,80.3 1 1
github.com/abraderAI/crm-project/api/internal/config/config.go:82.2,82.25 1 12
github.com/abraderAI/crm-project/api/internal/config/config.go:82.25,84.3 1 1
github.com/abraderAI/crm-project/api/internal/config/config.go:86.2,89.33 2 11
github.com/abraderAI/crm-project/api/internal/config/config.go:89.33,91.3 1 2
github.com/abraderAI/crm-project/api/internal/config/config.go:93.2,93.12 1 9
github.com/abraderAI/crm-project/api/internal/config/config.go:97.35,99.2 1 2
github.com/abraderAI/crm-project/api/internal/config/config.go:101.42,102.38 1 172
github.com/abraderAI/crm-project/api/internal/config/config.go:102.38,104.3 1 131
github.com/abraderAI/crm-project/api/internal/config/config.go:105.2,105.17 1 41
github.com/abraderAI/crm-project/api/internal/config/config.go:108.46,110.15 2 55
github.com/abraderAI/crm-project/api/internal/config/config.go:110.15,112.3 1 3
github.com/abraderAI/crm-project/api/internal/config/config.go:113.2,114.16 2 52
github.com/abraderAI/crm-project/api/internal/config/config.go:114.16,116.3 1 33
github.com/abraderAI/crm-project/api/internal/config/config.go:117.2,117.10 1 19
github.com/abraderAI/crm-project/api/internal/config/config.go:120.52,122.15 2 5
github.com/abraderAI/crm-project/api/internal/config/config.go:122.15,124.3 1 3
github.com/abraderAI/crm-project/api/internal/config/config.go:125.2,126.16 2 2
github.com/abraderAI/crm-project/api/internal/config/config.go:126.16,128.3 1 1
github.com/abraderAI/crm-project/api/internal/config/config.go:129.2,129.10 1 1
github.com/abraderAI/crm-project/api/internal/config/config.go:132.49,134.15 2 65
github.com/abraderAI/crm-project/api/internal/config/config.go:134.15,136.3 1 4
github.com/abraderAI/crm-project/api/internal/config/config.go:137.2,138.16 2 61
github.com/abraderAI/crm-project/api/internal/config/config.go:138.16,140.3 1 44
github.com/abraderAI/crm-project/api/internal/config/config.go:141.2,141.10 1 17
github.com/abraderAI/crm-project/api/internal/config/config.go:144.58,146.15 2 7
github.com/abraderAI/crm-project/api/internal/config/config.go:146.15,148.3 1 4
github.com/abraderAI/crm-project/api/internal/config/config.go:149.2,151.26 3 3
github.com/abraderAI/crm-project/api/internal/config/config.go:151.26,153.20 2 8
github.com/abraderAI/crm-project/api/internal/config/config.go:153.20,155.4 1 5
github.com/abraderAI/crm-project/api/internal/config/config.go:157.2,157.22 1 3
github.com/abraderAI/crm-project/api/internal/config/config.go:157.22,159.3 1 1
github.com/abraderAI/crm-project/api/internal/config/config.go:160.2,160.15 1 2
github.com/abraderAI/crm-project/api/internal/config/rbac-policy.go:39.55,41.16 2 2
github.com/abraderAI/crm-project/api/internal/config/rbac-policy.go:41.16,43.3 1 1
github.com/abraderAI/crm-project/api/internal/config/rbac-policy.go:45.2,45.30 1 1
github.com/abraderAI/crm-project/api/internal/config/rbac-policy.go:49.56,51.54 2 16
github.com/abraderAI/crm-project/api/internal/config/rbac-policy.go:51.54,53.3 1 1
github.com/abraderAI/crm-project/api/internal/config/rbac-policy.go:55.2,55.42 1 15
github.com/abraderAI/crm-project/api/internal/config/rbac-policy.go:55.42,57.3 1 8
github.com/abraderAI/crm-project/api/internal/config/rbac-policy.go:59.2,60.21 2 7
github.com/abraderAI/crm-project/api/internal/config/rbac-policy.go:63.39,64.33 1 15
github.com/abraderAI/crm-project/api/internal/config/rbac-policy.go:64.33,66.3 1 1
github.com/abraderAI/crm-project/api/internal/config/rbac-policy.go:68.2,68.34 1 14
github.com/abraderAI/crm-project/api/internal/config/rbac-policy.go:68.34,70.3 1 1
github.com/abraderAI/crm-project/api/internal/config/rbac-policy.go:72.2,72.33 1 13
github.com/abraderAI/crm-project/api/internal/config/rbac-policy.go:72.33,74.3 1 1
github.com/abraderAI/crm-project/api/internal/config/rbac-policy.go:76.2,76.35 1 12
github.com/abraderAI/crm-project/api/internal/config/rbac-policy.go:76.35,78.3 1 1
github.com/abraderAI/crm-project/api/internal/config/rbac-policy.go:81.2,81.41 1 11
github.com/abraderAI/crm-project/api/internal/config/rbac-policy.go:81.41,82.46 1 42
github.com/abraderAI/crm-project/api/internal/config/rbac-policy.go:82.46,84.4 1 1
github.com/abraderAI/crm-project/api/internal/config/rbac-policy.go:88.2,89.38 2 10
github.com/abraderAI/crm-project/api/internal/config/rbac-policy.go:89.38,91.3 1 40
github.com/abraderAI/crm-project/api/internal/config/rbac-policy.go:93.2,98.35 2 10
github.com/abraderAI/crm-project/api/internal/config/rbac-policy.go:98.35,99.40 1 27
github.com/abraderAI/crm-project/api/internal/config/rbac-policy.go:99.40,101.4 1 3
github.com/abraderAI/crm-project/api/internal/config/rbac-policy.go:104.2,104.12 1 7
github.com/abraderAI/crm-project/api/internal/config/rbac-policy.go:107.36,109.41 2 7
github.com/abraderAI/crm-project/api/internal/config/rbac-policy.go:109.41,111.3 1 37
github.com/abraderAI/crm-project/api/internal/config/rbac-policy.go:113.2,114.47 2 7
github.com/abraderAI/crm-project/api/internal/config/rbac-policy.go:114.47,118.3 3 37
github.com/abraderAI/crm-project/api/internal/config/rbac-policy.go:123.48,124.39 1 12
github.com/abraderAI/crm-project/api/internal/config/rbac-policy.go:124.39,126.3 1 10
github.com/abraderAI/crm-project/api/internal/config/rbac-policy.go:127.2,127.11 1 2
github.com/abraderAI/crm-project/api/internal/config/rbac-policy.go:131.66,133.9 2 5
github.com/abraderAI/crm-project/api/internal/config/rbac-policy.go:133.9,135.3 1 1
github.com/abraderAI/crm-project/api/internal/config/rbac-policy.go:136.2,136.26 1 4
github.com/abraderAI/crm-project/api/internal/config/rbac-policy.go:136.26,137.22 1 7
github.com/abraderAI/crm-project/api/internal/config/rbac-policy.go:137.22,139.4 1 3
github.com/abraderAI/crm-project/api/internal/config/rbac-policy.go:141.2,141.14 1 1
github.com/abraderAI/crm-project/api/internal/config/rbac-policy.go:145.60,146.40 1 4
github.com/abraderAI/crm-project/api/internal/config/rbac-policy.go:146.40,150.3 3 3
github.com/abraderAI/crm-project/api/internal/config/rbac-policy.go:151.2,151.12 1 1
github.com/abraderAI/crm-project/api/internal/config/rbac-policy.go:155.64,157.2 1 4
github.com/abraderAI/crm-project/api/internal/admin/api-usage.go:18.67,19.46 1 1
github.com/abraderAI/crm-project/api/internal/admin/api-usage.go:19.46,20.72 1 1
github.com/abraderAI/crm-project/api/internal/admin/api-usage.go:20.72,38.4 5 5
github.com/abraderAI/crm-project/api/internal/admin/api-usage.go:50.95,52.16 2 18
github.com/abraderAI/crm-project/api/internal/admin/api-usage.go:53.13,54.39 1 6
github.com/abraderAI/crm-project/api/internal/admin/api-usage.go:55.12,56.36 1 2
github.com/abraderAI/crm-project/api/internal/admin/api-usage.go:57.13,58.37 1 2
github.com/abraderAI/crm-project/api/internal/admin/api-usage.go:59.10,60.39 1 8
github.com/abraderAI/crm-project/api/internal/admin/api-usage.go:63.2,74.16 4 18
github.com/abraderAI/crm-project/api/internal/admin/api-usage.go:74.16,76.3 1 0
github.com/abraderAI/crm-project/api/internal/admin/api-usage.go:78.2,78.21 1 18
github.com/abraderAI/crm-project/api/internal/admin/api-usage.go:82.78,84.18 2 2
github.com/abraderAI/crm-project/api/internal/admin/api-usage.go:84.18,86.3 1 1
github.com/abraderAI/crm-project/api/internal/admin/api-usage.go:88.2,89.16 2 2
github.com/abraderAI/crm-project/api/internal/admin/api-usage.go:89.16,92.3 2 0
github.com/abraderAI/crm-project/api/internal/admin/api-usage.go:94.2,97.4 1 2
github.com/abraderAI/crm-project/api/internal/admin/export.go:39.163,40.35 1 53
github.com/abraderAI/crm-project/api/internal/admin/export.go:40.35,42.3 1 9
github.com/abraderAI/crm-project/api/internal/admin/export.go:43.2,43.33 1 44
github.com/abraderAI/crm-project/api/internal/admin/export.go:43.33,45.3 1 7
github.com/abraderAI/crm-project/api/internal/admin/export.go:46.2,46.23 1 37
github.com/abraderAI/crm-project/api/internal/admin/export.go:46.23,48.3 1 1
github.com/abraderAI/crm-project/api/internal/admin/export.go:50.2,50.19 1 36
github.com/abraderAI/crm-project/api/internal/admin/export.go:50.19,52.3 1 2
github.com/abraderAI/crm-project/api/internal/admin/export.go:53.2,53.34 1 36
github.com/abraderAI/crm-project/api/internal/admin/export.go:53.34,55.3 1 5
github.com/abraderAI/crm-project/api/internal/admin/export.go:57.2,64.67 2 31
github.com/abraderAI/crm-project/api/internal/admin/export.go:64.67,66.3 1 2
github.com/abraderAI/crm-project/api/internal/admin/export.go:69.2,71.20 2 29
github.com/abraderAI/crm-project/api/internal/admin/export.go:75.150,79.25 3 9
github.com/abraderAI/crm-project/api/internal/admin/export.go:79.25,81.17 2 0
github.com/abraderAI/crm-project/api/internal/admin/export.go:81.17,83.4 1 0
github.com/abraderAI/crm-project/api/internal/admin/export.go:84.3,84.51 1 0
github.com/abraderAI/crm-project/api/internal/admin/export.go:87.2,87.75 1 9
github.com/abraderAI/crm-project/api/internal/admin/export.go:87.75,89.3 1 0
github.com/abraderAI/crm-project/api/internal/admin/export.go:91.2,92.33 2 9
github.com/abraderAI/crm-project/api/internal/admin/export.go:92.33,97.3 4 1
github.com/abraderAI/crm-project/api/internal/admin/export.go:99.2,99.31 1 9
github.com/abraderAI/crm-project/api/internal/admin/export.go:103.90,106.16 3 15
github.com/abraderAI/crm-project/api/internal/admin/export.go:106.16,107.36 1 7
github.com/abraderAI/crm-project/api/internal/admin/export.go:107.36,109.4 1 7
github.com/abraderAI/crm-project/api/internal/admin/export.go:110.3,110.52 1 0
github.com/abraderAI/crm-project/api/internal/admin/export.go:112.2,112.21 1 8
github.com/abraderAI/crm-project/api/internal/admin/export.go:116.82,124.76 4 29
github.com/abraderAI/crm-project/api/internal/admin/export.go:124.76,127.3 2 8
github.com/abraderAI/crm-project/api/internal/admin/export.go:129.2,132.21 3 21
github.com/abraderAI/crm-project/api/internal/admin/export.go:133.15,134.48 1 14
github.com/abraderAI/crm-project/api/internal/admin/export.go:135.14,136.47 1 4
github.com/abraderAI/crm-project/api/internal/admin/export.go:137.15,138.48 1 3
github.com/abraderAI/crm-project/api/internal/admin/export.go:139.10,140.59 1 0
github.com/abraderAI/crm-project/api/internal/admin/export.go:143.2,143.16 1 21
github.com/abraderAI/crm-project/api/internal/admin/export.go:143.16,146.3 2 0
github.com/abraderAI/crm-project/api/internal/admin/export.go:149.2,151.20 3 21
github.com/abraderAI/crm-project/api/internal/admin/export.go:151.20,153.17 2 19
github.com/abraderAI/crm-project/api/internal/admin/export.go:153.17,156.4 2 0
github.com/abraderAI/crm-project/api/internal/admin/export.go:157.8,159.3 1 2
github.com/abraderAI/crm-project/api/internal/admin/export.go:161.2,167.5 2 21
github.com/abraderAI/crm-project/api/internal/admin/export.go:171.55,177.2 1 8
github.com/abraderAI/crm-project/api/internal/admin/export.go:180.83,182.65 2 14
github.com/abraderAI/crm-project/api/internal/admin/export.go:182.65,184.3 1 0
github.com/abraderAI/crm-project/api/internal/admin/export.go:186.2,186.22 1 14
github.com/abraderAI/crm-project/api/internal/admin/export.go:186.22,188.3 1 1
github.com/abraderAI/crm-project/api/internal/admin/export.go:191.2,194.26 4 13
github.com/abraderAI/crm-project/api/internal/admin/export.go:194.26,200.3 1 2
github.com/abraderAI/crm-project/api/internal/admin/export.go:201.2,202.25 2 13
github.com/abraderAI/crm-project/api/internal/admin/export.go:206.82,208.64 2 4
github.com/abraderAI/crm-project/api/internal/admin/export.go:208.64,210.3 1 0
github.com/abraderAI/crm-project/api/internal/admin/export.go:212.2,212.22 1 4
github.com/abraderAI/crm-project/api/internal/admin/export.go:212.22,214.3 1 1
github.com/abraderAI/crm-project/api/internal/admin/export.go:216.2,219.25 4 3
github.com/abraderAI/crm-project/api/internal/admin/export.go:219.25,221.3 1 2
github.com/abraderAI/crm-project/api/internal/admin/export.go:222.2,223.25 2 3
github.com/abraderAI/crm-project/api/internal/admin/export.go:227.83,229.77 2 3
github.com/abraderAI/crm-project/api/internal/admin/export.go:229.77,231.3 1 0
github.com/abraderAI/crm-project/api/internal/admin/export.go:233.2,233.22 1 3
github.com/abraderAI/crm-project/api/internal/admin/export.go:233.22,235.3 1 1
github.com/abraderAI/crm-project/api/internal/admin/export.go:237.2,240.25 4 2
github.com/abraderAI/crm-project/api/internal/admin/export.go:240.25,246.3 1 3
github.com/abraderAI/crm-project/api/internal/admin/export.go:247.2,248.25 2 2
github.com/abraderAI/crm-project/api/internal/admin/export.go:254.79,260.62 2 5
github.com/abraderAI/crm-project/api/internal/admin/export.go:260.62,263.3 2 1
github.com/abraderAI/crm-project/api/internal/admin/export.go:265.2,265.42 1 4
github.com/abraderAI/crm-project/api/internal/admin/export.go:265.42,268.3 2 1
github.com/abraderAI/crm-project/api/internal/admin/export.go:270.2,272.15 3 3
github.com/abraderAI/crm-project/api/internal/admin/export.go:272.15,274.3 1 3
github.com/abraderAI/crm-project/api/internal/admin/export.go:276.2,277.27 2 3
github.com/abraderAI/crm-project/api/internal/admin/export.go:277.27,279.3 1 0
github.com/abraderAI/crm-project/api/internal/admin/export.go:281.2,282.16 2 3
github.com/abraderAI/crm-project/api/internal/admin/export.go:282.16,283.33 1 1
github.com/abraderAI/crm-project/api/internal/admin/export.go:283.33,286.4 2 1
github.com/abraderAI/crm-project/api/internal/admin/export.go:287.3,288.9 2 0
github.com/abraderAI/crm-project/api/internal/admin/export.go:291.2,294.4 1 2
github.com/abraderAI/crm-project/api/internal/admin/export.go:298.78,301.15 3 1
github.com/abraderAI/crm-project/api/internal/admin/export.go:301.15,303.3 1 1
github.com/abraderAI/crm-project/api/internal/admin/export.go:305.2,307.16 3 1
github.com/abraderAI/crm-project/api/internal/admin/export.go:307.16,310.3 2 0
github.com/abraderAI/crm-project/api/internal/admin/export.go:312.2,315.4 1 1
github.com/abraderAI/crm-project/api/internal/admin/export.go:319.76,321.14 2 3
github.com/abraderAI/crm-project/api/internal/admin/export.go:321.14,324.3 2 1
github.com/abraderAI/crm-project/api/internal/admin/export.go:326.2,327.16 2 2
github.com/abraderAI/crm-project/api/internal/admin/export.go:327.16,330.3 2 0
github.com/abraderAI/crm-project/api/internal/admin/export.go:331.2,331.19 1 2
github.com/abraderAI/crm-project/api/internal/admin/export.go:331.19,334.3 2 1
github.com/abraderAI/crm-project/api/internal/admin/export.go:336.2,336.41 1 1
github.com/abraderAI/crm-project/api/internal/admin/export.go:340.44,345.2 2 6
github.com/abraderAI/crm-project/api/internal/admin/feature-flags.go:21.49,27.2 1 23
github.com/abraderAI/crm-project/api/internal/admin/feature-flags.go:30.63,31.45 1 23
github.com/abraderAI/crm-project/api/internal/admin/feature-flags.go:31.45,34.36 3 69
github.com/abraderAI/crm-project/api/internal/admin/feature-flags.go:34.36,35.68 1 66
github.com/abraderAI/crm-project/api/internal/admin/feature-flags.go:35.68,37.5 1 0
github.com/abraderAI/crm-project/api/internal/admin/feature-flags.go:38.9,38.24 1 3
github.com/abraderAI/crm-project/api/internal/admin/feature-flags.go:38.24,40.4 1 0
github.com/abraderAI/crm-project/api/internal/admin/feature-flags.go:42.2,42.12 1 23
github.com/abraderAI/crm-project/api/internal/admin/feature-flags.go:46.87,48.82 2 5
github.com/abraderAI/crm-project/api/internal/admin/feature-flags.go:48.82,50.3 1 1
github.com/abraderAI/crm-project/api/internal/admin/feature-flags.go:51.2,51.19 1 4
github.com/abraderAI/crm-project/api/internal/admin/feature-flags.go:55.96,58.16 3 15
github.com/abraderAI/crm-project/api/internal/admin/feature-flags.go:58.16,59.36 1 6
github.com/abraderAI/crm-project/api/internal/admin/feature-flags.go:59.36,61.4 1 6
github.com/abraderAI/crm-project/api/internal/admin/feature-flags.go:62.3,62.66 1 0
github.com/abraderAI/crm-project/api/internal/admin/feature-flags.go:64.2,64.19 1 9
github.com/abraderAI/crm-project/api/internal/admin/feature-flags.go:68.108,71.16 3 29
github.com/abraderAI/crm-project/api/internal/admin/feature-flags.go:71.16,72.36 1 12
github.com/abraderAI/crm-project/api/internal/admin/feature-flags.go:72.36,74.4 1 11
github.com/abraderAI/crm-project/api/internal/admin/feature-flags.go:75.3,75.53 1 1
github.com/abraderAI/crm-project/api/internal/admin/feature-flags.go:78.2,79.21 2 17
github.com/abraderAI/crm-project/api/internal/admin/feature-flags.go:79.21,80.22 1 3
github.com/abraderAI/crm-project/api/internal/admin/feature-flags.go:80.22,82.4 1 1
github.com/abraderAI/crm-project/api/internal/admin/feature-flags.go:82.9,84.4 1 2
github.com/abraderAI/crm-project/api/internal/admin/feature-flags.go:87.2,87.82 1 17
github.com/abraderAI/crm-project/api/internal/admin/feature-flags.go:87.82,89.3 1 0
github.com/abraderAI/crm-project/api/internal/admin/feature-flags.go:90.2,90.12 1 17
github.com/abraderAI/crm-project/api/internal/admin/feature-flags.go:94.83,97.16 3 23
github.com/abraderAI/crm-project/api/internal/admin/feature-flags.go:97.16,98.36 1 11
github.com/abraderAI/crm-project/api/internal/admin/feature-flags.go:98.36,100.4 1 11
github.com/abraderAI/crm-project/api/internal/admin/feature-flags.go:101.3,101.69 1 0
github.com/abraderAI/crm-project/api/internal/admin/feature-flags.go:103.2,103.26 1 12
github.com/abraderAI/crm-project/api/internal/admin/feature-flags.go:107.76,109.16 2 2
github.com/abraderAI/crm-project/api/internal/admin/feature-flags.go:109.16,112.3 2 1
github.com/abraderAI/crm-project/api/internal/admin/feature-flags.go:113.2,113.64 1 1
github.com/abraderAI/crm-project/api/internal/admin/feature-flags.go:117.76,119.15 2 7
github.com/abraderAI/crm-project/api/internal/admin/feature-flags.go:119.15,122.3 2 1
github.com/abraderAI/crm-project/api/internal/admin/feature-flags.go:124.2,128.62 2 6
github.com/abraderAI/crm-project/api/internal/admin/feature-flags.go:128.62,131.3 2 1
github.com/abraderAI/crm-project/api/internal/admin/feature-flags.go:132.2,132.25 1 5
github.com/abraderAI/crm-project/api/internal/admin/feature-flags.go:132.25,135.3 2 1
github.com/abraderAI/crm-project/api/internal/admin/feature-flags.go:137.2,137.100 1 4
github.com/abraderAI/crm-project/api/internal/admin/feature-flags.go:137.100,138.79 1 2
github.com/abraderAI/crm-project/api/internal/admin/feature-flags.go:138.79,141.4 2 1
github.com/abraderAI/crm-project/api/internal/admin/feature-flags.go:142.3,143.9 2 1
github.com/abraderAI/crm-project/api/internal/admin/feature-flags.go:147.2,149.15 3 2
github.com/abraderAI/crm-project/api/internal/admin/feature-flags.go:149.15,151.3 1 2
github.com/abraderAI/crm-project/api/internal/admin/feature-flags.go:152.2,157.31 3 2
github.com/abraderAI/crm-project/api/internal/admin/feature-flags.go:157.31,160.3 2 0
github.com/abraderAI/crm-project/api/internal/admin/feature-flags.go:161.2,161.39 1 2
github.com/abraderAI/crm-project/api/internal/admin/handler-admin.go:21.72,32.34 3 3
github.com/abraderAI/crm-project/api/internal/admin/handler-admin.go:32.34,33.56 1 1
github.com/abraderAI/crm-project/api/internal/admin/handler-admin.go:33.56,35.4 1 1
github.com/abraderAI/crm-project/api/internal/admin/handler-admin.go:37.2,37.35 1 3
github.com/abraderAI/crm-project/api/internal/admin/handler-admin.go:37.35,38.56 1 1
github.com/abraderAI/crm-project/api/internal/admin/handler-admin.go:38.56,40.4 1 1
github.com/abraderAI/crm-project/api/internal/admin/handler-admin.go:43.2,44.16 2 3
github.com/abraderAI/crm-project/api/internal/admin/handler-admin.go:44.16,47.3 2 1
github.com/abraderAI/crm-project/api/internal/admin/handler-admin.go:49.2,52.4 1 2
github.com/abraderAI/crm-project/api/internal/admin/handler-admin.go:58.78,60.16 2 2
github.com/abraderAI/crm-project/api/internal/admin/handler-admin.go:60.16,63.3 2 1
github.com/abraderAI/crm-project/api/internal/admin/handler-admin.go:65.2,65.65 1 1
github.com/abraderAI/crm-project/api/internal/admin/handler-admin.go:69.76,73.62 2 4
github.com/abraderAI/crm-project/api/internal/admin/handler-admin.go:73.62,76.3 2 1
github.com/abraderAI/crm-project/api/internal/admin/handler-admin.go:77.2,77.23 1 3
github.com/abraderAI/crm-project/api/internal/admin/handler-admin.go:77.23,80.3 2 1
github.com/abraderAI/crm-project/api/internal/admin/handler-admin.go:82.2,84.15 3 2
github.com/abraderAI/crm-project/api/internal/admin/handler-admin.go:84.15,86.3 1 1
github.com/abraderAI/crm-project/api/internal/admin/handler-admin.go:88.2,89.16 2 2
github.com/abraderAI/crm-project/api/internal/admin/handler-admin.go:89.16,90.47 1 1
github.com/abraderAI/crm-project/api/internal/admin/handler-admin.go:90.47,93.4 2 1
github.com/abraderAI/crm-project/api/internal/admin/handler-admin.go:94.3,95.9 2 0
github.com/abraderAI/crm-project/api/internal/admin/handler-admin.go:99.2,102.28 2 1
github.com/abraderAI/crm-project/api/internal/admin/handler-admin.go:106.79,108.18 2 4
github.com/abraderAI/crm-project/api/internal/admin/handler-admin.go:108.18,111.3 2 1
github.com/abraderAI/crm-project/api/internal/admin/handler-admin.go:113.2,113.75 1 3
github.com/abraderAI/crm-project/api/internal/admin/handler-admin.go:113.75,114.59 1 2
github.com/abraderAI/crm-project/api/internal/admin/handler-admin.go:114.59,117.4 2 1
github.com/abraderAI/crm-project/api/internal/admin/handler-admin.go:118.3,118.49 1 1
github.com/abraderAI/crm-project/api/internal/admin/handler-admin.go:118.49,121.4 2 1
github.com/abraderAI/crm-project/api/internal/admin/handler-admin.go:122.3,123.9 2 0
github.com/abraderAI/crm-project/api/internal/admin/handler-admin.go:127.2,129.23 2 1
github.com/abraderAI/crm-project/api/internal/admin/handler-orgs.go:21.68,31.42 3 3
github.com/abraderAI/crm-project/api/internal/admin/handler-orgs.go:31.42,32.56 1 1
github.com/abraderAI/crm-project/api/internal/admin/handler-orgs.go:32.56,34.4 1 1
github.com/abraderAI/crm-project/api/internal/admin/handler-orgs.go:36.2,36.43 1 3
github.com/abraderAI/crm-project/api/internal/admin/handler-orgs.go:36.43,37.56 1 1
github.com/abraderAI/crm-project/api/internal/admin/handler-orgs.go:37.56,39.4 1 1
github.com/abraderAI/crm-project/api/internal/admin/handler-orgs.go:42.2,43.16 2 3
github.com/abraderAI/crm-project/api/internal/admin/handler-orgs.go:43.16,46.3 2 1
github.com/abraderAI/crm-project/api/internal/admin/handler-orgs.go:48.2,51.4 1 2
github.com/abraderAI/crm-project/api/internal/admin/handler-orgs.go:55.66,57.23 2 3
github.com/abraderAI/crm-project/api/internal/admin/handler-orgs.go:57.23,60.3 2 1
github.com/abraderAI/crm-project/api/internal/admin/handler-orgs.go:62.2,63.16 2 2
github.com/abraderAI/crm-project/api/internal/admin/handler-orgs.go:63.16,66.3 2 0
github.com/abraderAI/crm-project/api/internal/admin/handler-orgs.go:67.2,67.19 1 2
github.com/abraderAI/crm-project/api/internal/admin/handler-orgs.go:67.19,70.3 2 1
github.com/abraderAI/crm-project/api/internal/admin/handler-orgs.go:72.2,72.41 1 1
github.com/abraderAI/crm-project/api/internal/admin/handler-orgs.go:76.70,78.23 2 4
github.com/abraderAI/crm-project/api/internal/admin/handler-orgs.go:78.23,81.3 2 1
github.com/abraderAI/crm-project/api/internal/admin/handler-orgs.go:83.2,86.62 2 3
github.com/abraderAI/crm-project/api/internal/admin/handler-orgs.go:86.62,89.3 2 1
github.com/abraderAI/crm-project/api/internal/admin/handler-orgs.go:91.2,93.15 3 2
github.com/abraderAI/crm-project/api/internal/admin/handler-orgs.go:93.15,95.3 1 1
github.com/abraderAI/crm-project/api/internal/admin/handler-orgs.go:97.2,97.97 1 2
github.com/abraderAI/crm-project/api/internal/admin/handler-orgs.go:97.97,98.49 1 1
github.com/abraderAI/crm-project/api/internal/admin/handler-orgs.go:98.49,101.4 2 1
github.com/abraderAI/crm-project/api/internal/admin/handler-orgs.go:102.3,103.9 2 0
github.com/abraderAI/crm-project/api/internal/admin/handler-orgs.go:107.2,113.4 2 1
github.com/abraderAI/crm-project/api/internal/admin/handler-orgs.go:117.72,119.23 2 3
github.com/abraderAI/crm-project/api/internal/admin/handler-orgs.go:119.23,122.3 2 1
github.com/abraderAI/crm-project/api/internal/admin/handler-orgs.go:124.2,124.73 1 2
github.com/abraderAI/crm-project/api/internal/admin/handler-orgs.go:124.73,125.49 1 1
github.com/abraderAI/crm-project/api/internal/admin/handler-orgs.go:125.49,128.4 2 1
github.com/abraderAI/crm-project/api/internal/admin/handler-orgs.go:129.3,130.9 2 0
github.com/abraderAI/crm-project/api/internal/admin/handler-orgs.go:134.2,139.4 2 1
github.com/abraderAI/crm-project/api/internal/admin/handler-orgs.go:143.77,145.23 2 4
github.com/abraderAI/crm-project/api/internal/admin/handler-orgs.go:145.23,148.3 2 1
github.com/abraderAI/crm-project/api/internal/admin/handler-orgs.go:150.2,153.62 2 3
github.com/abraderAI/crm-project/api/internal/admin/handler-orgs.go:153.62,156.3 2 1
github.com/abraderAI/crm-project/api/internal/admin/handler-orgs.go:157.2,157.31 1 2
github.com/abraderAI/crm-project/api/internal/admin/handler-orgs.go:157.31,160.3 2 1
github.com/abraderAI/crm-project/api/internal/admin/handler-orgs.go:162.2,162.102 1 1
github.com/abraderAI/crm-project/api/internal/admin/handler-orgs.go:162.102,163.49 1 0
github.com/abraderAI/crm-project/api/internal/admin/handler-orgs.go:163.49,166.4 2 0
github.com/abraderAI/crm-project/api/internal/admin/handler-orgs.go:167.3,168.9 2 0
github.com/abraderAI/crm-project/api/internal/admin/handler-orgs.go:172.2,179.4 2 1
github.com/abraderAI/crm-project/api/internal/admin/handler-orgs.go:183.68,185.23 2 4
github.com/abraderAI/crm-project/api/internal/admin/handler-orgs.go:185.23,188.3 2 1
github.com/abraderAI/crm-project/api/internal/admin/handler-orgs.go:190.2,193.62 2 3
github.com/abraderAI/crm-project/api/internal/admin/handler-orgs.go:193.62,196.3 2 1
github.com/abraderAI/crm-project/api/internal/admin/handler-orgs.go:198.2,199.30 2 2
github.com/abraderAI/crm-project/api/internal/admin/handler-orgs.go:199.30,202.3 2 1
github.com/abraderAI/crm-project/api/internal/admin/handler-orgs.go:204.2,204.73 1 1
github.com/abraderAI/crm-project/api/internal/admin/handler-orgs.go:204.73,207.3 2 0
github.com/abraderAI/crm-project/api/internal/admin/handler-orgs.go:210.2,216.4 2 1
github.com/abraderAI/crm-project/api/internal/admin/handler-users.go:22.69,32.34 3 4
github.com/abraderAI/crm-project/api/internal/admin/handler-users.go:32.34,35.3 2 1
github.com/abraderAI/crm-project/api/internal/admin/handler-users.go:35.8,35.42 1 3
github.com/abraderAI/crm-project/api/internal/admin/handler-users.go:35.42,38.3 2 1
github.com/abraderAI/crm-project/api/internal/admin/handler-users.go:39.2,39.39 1 4
github.com/abraderAI/crm-project/api/internal/admin/handler-users.go:39.39,40.56 1 1
github.com/abraderAI/crm-project/api/internal/admin/handler-users.go:40.56,42.4 1 1
github.com/abraderAI/crm-project/api/internal/admin/handler-users.go:44.2,44.40 1 4
github.com/abraderAI/crm-project/api/internal/admin/handler-users.go:44.40,45.56 1 1
github.com/abraderAI/crm-project/api/internal/admin/handler-users.go:45.56,47.4 1 1
github.com/abraderAI/crm-project/api/internal/admin/handler-users.go:50.2,51.16 2 4
github.com/abraderAI/crm-project/api/internal/admin/handler-users.go:51.16,54.3 2 1
github.com/abraderAI/crm-project/api/internal/admin/handler-users.go:56.2,59.4 1 3
github.com/abraderAI/crm-project/api/internal/admin/handler-users.go:63.67,65.18 2 3
github.com/abraderAI/crm-project/api/internal/admin/handler-users.go:65.18,68.3 2 1
github.com/abraderAI/crm-project/api/internal/admin/handler-users.go:70.2,71.16 2 2
github.com/abraderAI/crm-project/api/internal/admin/handler-users.go:71.16,74.3 2 0
github.com/abraderAI/crm-project/api/internal/admin/handler-users.go:75.2,75.19 1 2
github.com/abraderAI/crm-project/api/internal/admin/handler-users.go:75.19,78.3 2 1
github.com/abraderAI/crm-project/api/internal/admin/handler-users.go:80.2,80.41 1 1
github.com/abraderAI/crm-project/api/internal/admin/handler-users.go:84.67,86.18 2 3
github.com/abraderAI/crm-project/api/internal/admin/handler-users.go:86.18,89.3 2 1
github.com/abraderAI/crm-project/api/internal/admin/handler-users.go:91.2,94.62 2 2
github.com/abraderAI/crm-project/api/internal/admin/handler-users.go:94.62,97.3 2 1
github.com/abraderAI/crm-project/api/internal/admin/handler-users.go:99.2,101.15 3 1
github.com/abraderAI/crm-project/api/internal/admin/handler-users.go:101.15,103.3 1 1
github.com/abraderAI/crm-project/api/internal/admin/handler-users.go:105.2,105.86 1 1
github.com/abraderAI/crm-project/api/internal/admin/handler-users.go:105.86,108.3 2 0
github.com/abraderAI/crm-project/api/internal/admin/handler-users.go:111.2,117.4 2 1
github.com/abraderAI/crm-project/api/internal/admin/handler-users.go:121.69,123.18 2 3
github.com/abraderAI/crm-project/api/internal/admin/handler-users.go:123.18,126.3 2 1
github.com/abraderAI/crm-project/api/internal/admin/handler-users.go:128.2,128.65 1 2
github.com/abraderAI/crm-project/api/internal/admin/handler-users.go:128.65,129.49 1 1
github.com/abraderAI/crm-project/api/internal/admin/handler-users.go:129.49,132.4 2 1
github.com/abraderAI/crm-project/api/internal/admin/handler-users.go:133.3,134.9 2 0
github.com/abraderAI/crm-project/api/internal/admin/handler-users.go:138.2,143.4 2 1
github.com/abraderAI/crm-project/api/internal/admin/handler-users.go:147.69,149.18 2 2
github.com/abraderAI/crm-project/api/internal/admin/handler-users.go:149.18,152.3 2 1
github.com/abraderAI/crm-project/api/internal/admin/handler-users.go:155.2,155.69 1 1
github.com/abraderAI/crm-project/api/internal/admin/handler-users.go:155.69,158.3 2 0
github.com/abraderAI/crm-project/api/internal/admin/handler-users.go:161.2,170.4 3 1
github.com/abraderAI/crm-project/api/internal/admin/handler.go:20.131,27.2 1 102
github.com/abraderAI/crm-project/api/internal/admin/handler.go:30.62,32.2 1 2
github.com/abraderAI/crm-project/api/internal/admin/impersonation.go:41.159,42.24 1 30
github.com/abraderAI/crm-project/api/internal/admin/impersonation.go:42.24,44.3 1 2
github.com/abraderAI/crm-project/api/internal/admin/impersonation.go:45.2,45.26 1 28
github.com/abraderAI/crm-project/api/internal/admin/impersonation.go:45.26,47.3 1 1
github.com/abraderAI/crm-project/api/internal/admin/impersonation.go:48.2,48.36 1 27
github.com/abraderAI/crm-project/api/internal/admin/impersonation.go:48.36,50.3 1 2
github.com/abraderAI/crm-project/api/internal/admin/impersonation.go:53.2,54.16 2 25
github.com/abraderAI/crm-project/api/internal/admin/impersonation.go:54.16,56.3 1 0
github.com/abraderAI/crm-project/api/internal/admin/impersonation.go:57.2,57.13 1 25
github.com/abraderAI/crm-project/api/internal/admin/impersonation.go:57.13,59.3 1 2
github.com/abraderAI/crm-project/api/internal/admin/impersonation.go:62.2,62.26 1 23
github.com/abraderAI/crm-project/api/internal/admin/impersonation.go:62.26,64.3 1 7
github.com/abraderAI/crm-project/api/internal/admin/impersonation.go:65.2,65.47 1 23
github.com/abraderAI/crm-project/api/internal/admin/impersonation.go:65.47,67.3 1 3
github.com/abraderAI/crm-project/api/internal/admin/impersonation.go:69.2,77.16 3 23
github.com/abraderAI/crm-project/api/internal/admin/impersonation.go:77.16,79.3 1 0
github.com/abraderAI/crm-project/api/internal/admin/impersonation.go:81.2,81.27 1 23
github.com/abraderAI/crm-project/api/internal/admin/impersonation.go:85.79,87.2 1 18
github.com/abraderAI/crm-project/api/internal/admin/impersonation.go:90.72,92.16 2 25
github.com/abraderAI/crm-project/api/internal/admin/impersonation.go:92.16,94.3 1 0
github.com/abraderAI/crm-project/api/internal/admin/impersonation.go:96.2,104.39 6 25
github.com/abraderAI/crm-project/api/internal/admin/impersonation.go:108.77,111.42 2 18
github.com/abraderAI/crm-project/api/internal/admin/impersonation.go:111.42,112.25 1 5237
github.com/abraderAI/crm-project/api/internal/admin/impersonation.go:112.25,114.9 2 13
github.com/abraderAI/crm-project/api/internal/admin/impersonation.go:117.2,117.16 1 18
github.com/abraderAI/crm-project/api/internal/admin/impersonation.go:117.16,119.3 1 5
github.com/abraderAI/crm-project/api/internal/admin/impersonation.go:121.2,125.16 4 13
github.com/abraderAI/crm-project/api/internal/admin/impersonation.go:125.16,127.3 1 6
github.com/abraderAI/crm-project/api/internal/admin/impersonation.go:129.2,130.16 2 7
github.com/abraderAI/crm-project/api/internal/admin/impersonation.go:130.16,132.3 1 1
github.com/abraderAI/crm-project/api/internal/admin/impersonation.go:135.2,138.35 4 6
github.com/abraderAI/crm-project/api/internal/admin/impersonation.go:138.35,140.3 1 3
github.com/abraderAI/crm-project/api/internal/admin/impersonation.go:142.2,143.56 2 3
github.com/abraderAI/crm-project/api/internal/admin/impersonation.go:143.56,145.3 1 0
github.com/abraderAI/crm-project/api/internal/admin/impersonation.go:148.2,148.39 1 3
github.com/abraderAI/crm-project/api/internal/admin/impersonation.go:148.39,150.3 1 1
github.com/abraderAI/crm-project/api/internal/admin/impersonation.go:152.2,152.20 1 2
github.com/abraderAI/crm-project/api/internal/admin/impersonation.go:156.78,158.24 2 6
github.com/abraderAI/crm-project/api/internal/admin/impersonation.go:158.24,161.3 2 1
github.com/abraderAI/crm-project/api/internal/admin/impersonation.go:163.2,167.62 2 5
github.com/abraderAI/crm-project/api/internal/admin/impersonation.go:167.62,170.3 2 1
github.com/abraderAI/crm-project/api/internal/admin/impersonation.go:172.2,172.23 1 4
github.com/abraderAI/crm-project/api/internal/admin/impersonation.go:172.23,175.3 2 1
github.com/abraderAI/crm-project/api/internal/admin/impersonation.go:177.2,179.15 3 3
github.com/abraderAI/crm-project/api/internal/admin/impersonation.go:179.15,181.3 1 3
github.com/abraderAI/crm-project/api/internal/admin/impersonation.go:183.2,184.16 2 3
github.com/abraderAI/crm-project/api/internal/admin/impersonation.go:184.16,185.40 1 1
github.com/abraderAI/crm-project/api/internal/admin/impersonation.go:185.40,188.4 2 1
github.com/abraderAI/crm-project/api/internal/admin/impersonation.go:189.3,190.9 2 0
github.com/abraderAI/crm-project/api/internal/admin/impersonation.go:194.2,206.4 2 2
github.com/abraderAI/crm-project/api/internal/admin/impersonation.go:210.51,216.2 2 6
github.com/abraderAI/crm-project/api/internal/admin/integrations.go:26.78,34.53 2 3
github.com/abraderAI/crm-project/api/internal/admin/integrations.go:34.53,36.3 1 1
github.com/abraderAI/crm-project/api/internal/admin/integrations.go:39.2,39.51 1 3
github.com/abraderAI/crm-project/api/internal/admin/integrations.go:39.51,41.3 1 1
github.com/abraderAI/crm-project/api/internal/admin/integrations.go:44.2,44.54 1 3
github.com/abraderAI/crm-project/api/internal/admin/integrations.go:44.54,46.3 1 1
github.com/abraderAI/crm-project/api/internal/admin/integrations.go:48.2,48.15 1 3
github.com/abraderAI/crm-project/api/internal/admin/integrations.go:52.80,55.2 2 1
github.com/abraderAI/crm-project/api/internal/admin/integrations.go:58.147,62.25 3 10
github.com/abraderAI/crm-project/api/internal/admin/integrations.go:62.25,64.17 2 3
github.com/abraderAI/crm-project/api/internal/admin/integrations.go:64.17,66.4 1 2
github.com/abraderAI/crm-project/api/internal/admin/integrations.go:67.3,67.51 1 1
github.com/abraderAI/crm-project/api/internal/admin/integrations.go:70.2,70.78 1 8
github.com/abraderAI/crm-project/api/internal/admin/integrations.go:70.78,71.36 1 1
github.com/abraderAI/crm-project/api/internal/admin/integrations.go:71.36,73.4 1 0
github.com/abraderAI/crm-project/api/internal/admin/integrations.go:74.3,74.69 1 1
github.com/abraderAI/crm-project/api/internal/admin/integrations.go:77.2,78.36 2 7
github.com/abraderAI/crm-project/api/internal/admin/integrations.go:78.36,83.3 4 1
github.com/abraderAI/crm-project/api/internal/admin/integrations.go:85.2,85.34 1 7
github.com/abraderAI/crm-project/api/internal/admin/integrations.go:89.81,93.16 3 2
github.com/abraderAI/crm-project/api/internal/admin/integrations.go:93.16,96.3 2 1
github.com/abraderAI/crm-project/api/internal/admin/integrations.go:98.2,101.4 1 1
github.com/abraderAI/crm-project/api/internal/admin/llm-usage.go:26.88,27.31 1 10
github.com/abraderAI/crm-project/api/internal/admin/llm-usage.go:27.31,29.3 1 6
github.com/abraderAI/crm-project/api/internal/admin/llm-usage.go:31.2,36.16 3 10
github.com/abraderAI/crm-project/api/internal/admin/llm-usage.go:36.16,38.3 1 0
github.com/abraderAI/crm-project/api/internal/admin/llm-usage.go:40.2,41.25 2 10
github.com/abraderAI/crm-project/api/internal/admin/llm-usage.go:41.25,51.3 1 4
github.com/abraderAI/crm-project/api/internal/admin/llm-usage.go:53.2,53.21 1 10
github.com/abraderAI/crm-project/api/internal/admin/llm-usage.go:57.78,59.16 2 1
github.com/abraderAI/crm-project/api/internal/admin/llm-usage.go:59.16,62.3 2 0
github.com/abraderAI/crm-project/api/internal/admin/llm-usage.go:64.2,67.4 1 1
github.com/abraderAI/crm-project/api/internal/admin/middleware.go:15.70,16.46 1 3
github.com/abraderAI/crm-project/api/internal/admin/middleware.go:16.46,17.72 1 3
github.com/abraderAI/crm-project/api/internal/admin/middleware.go:17.72,19.17 2 3
github.com/abraderAI/crm-project/api/internal/admin/middleware.go:19.17,22.5 2 1
github.com/abraderAI/crm-project/api/internal/admin/middleware.go:24.4,25.18 2 2
github.com/abraderAI/crm-project/api/internal/admin/middleware.go:25.18,28.5 2 0
github.com/abraderAI/crm-project/api/internal/admin/middleware.go:29.4,29.16 1 2
github.com/abraderAI/crm-project/api/internal/admin/middleware.go:29.16,32.5 2 1
github.com/abraderAI/crm-project/api/internal/admin/middleware.go:34.4,34.24 1 1
github.com/abraderAI/crm-project/api/internal/admin/middleware.go:41.61,42.46 1 3
github.com/abraderAI/crm-project/api/internal/admin/middleware.go:42.46,43.72 1 3
github.com/abraderAI/crm-project/api/internal/admin/middleware.go:43.72,45.17 2 3
github.com/abraderAI/crm-project/api/internal/admin/middleware.go:45.17,49.5 2 1
github.com/abraderAI/crm-project/api/internal/admin/middleware.go:51.4,52.18 2 2
github.com/abraderAI/crm-project/api/internal/admin/middleware.go:52.18,55.5 2 0
github.com/abraderAI/crm-project/api/internal/admin/middleware.go:56.4,56.14 1 2
github.com/abraderAI/crm-project/api/internal/admin/middleware.go:56.14,59.5 2 1
github.com/abraderAI/crm-project/api/internal/admin/middleware.go:61.4,61.24 1 1
github.com/abraderAI/crm-project/api/internal/admin/middleware.go:69.71,70.46 1 4
github.com/abraderAI/crm-project/api/internal/admin/middleware.go:70.46,71.72 1 4
github.com/abraderAI/crm-project/api/internal/admin/middleware.go:71.72,73.99 1 4
github.com/abraderAI/crm-project/api/internal/admin/middleware.go:73.99,76.5 2 1
github.com/abraderAI/crm-project/api/internal/admin/middleware.go:79.4,80.22 2 3
github.com/abraderAI/crm-project/api/internal/admin/middleware.go:80.22,83.5 2 1
github.com/abraderAI/crm-project/api/internal/admin/middleware.go:86.4,86.50 1 2
github.com/abraderAI/crm-project/api/internal/admin/middleware.go:86.50,89.5 2 1
github.com/abraderAI/crm-project/api/internal/admin/middleware.go:91.4,92.18 2 1
github.com/abraderAI/crm-project/api/internal/admin/middleware.go:92.18,95.5 2 0
github.com/abraderAI/crm-project/api/internal/admin/middleware.go:96.4,96.17 1 1
github.com/abraderAI/crm-project/api/internal/admin/middleware.go:96.17,104.5 2 1
github.com/abraderAI/crm-project/api/internal/admin/middleware.go:106.4,106.24 1 0
github.com/abraderAI/crm-project/api/internal/admin/middleware.go:113.68,114.46 1 9
github.com/abraderAI/crm-project/api/internal/admin/middleware.go:114.46,115.72 1 9
github.com/abraderAI/crm-project/api/internal/admin/middleware.go:115.72,117.99 1 10
github.com/abraderAI/crm-project/api/internal/admin/middleware.go:117.99,120.5 2 2
github.com/abraderAI/crm-project/api/internal/admin/middleware.go:123.4,123.50 1 8
github.com/abraderAI/crm-project/api/internal/admin/middleware.go:123.50,126.5 2 1
github.com/abraderAI/crm-project/api/internal/admin/middleware.go:128.4,129.18 2 7
github.com/abraderAI/crm-project/api/internal/admin/middleware.go:129.18,133.5 2 0
github.com/abraderAI/crm-project/api/internal/admin/middleware.go:134.4,134.15 1 7
github.com/abraderAI/crm-project/api/internal/admin/middleware.go:134.15,142.5 2 4
github.com/abraderAI/crm-project/api/internal/admin/middleware.go:144.4,144.24 1 3
github.com/abraderAI/crm-project/api/internal/admin/middleware.go:150.67,151.46 1 3
github.com/abraderAI/crm-project/api/internal/admin/middleware.go:151.46,152.72 1 3
github.com/abraderAI/crm-project/api/internal/admin/middleware.go:152.72,154.56 2 3
github.com/abraderAI/crm-project/api/internal/admin/middleware.go:154.56,156.5 1 2
github.com/abraderAI/crm-project/api/internal/admin/middleware.go:157.4,157.24 1 3
github.com/abraderAI/crm-project/api/internal/admin/rbac-override.go:55.79,58.16 3 16
github.com/abraderAI/crm-project/api/internal/admin/rbac-override.go:58.16,59.36 1 11
github.com/abraderAI/crm-project/api/internal/admin/rbac-override.go:59.36,61.4 1 9
github.com/abraderAI/crm-project/api/internal/admin/rbac-override.go:62.3,62.59 1 2
github.com/abraderAI/crm-project/api/internal/admin/rbac-override.go:64.2,65.73 2 5
github.com/abraderAI/crm-project/api/internal/admin/rbac-override.go:65.73,67.3 1 0
github.com/abraderAI/crm-project/api/internal/admin/rbac-override.go:68.2,68.23 1 5
github.com/abraderAI/crm-project/api/internal/admin/rbac-override.go:72.116,73.23 1 15
github.com/abraderAI/crm-project/api/internal/admin/rbac-override.go:73.23,75.3 1 1
github.com/abraderAI/crm-project/api/internal/admin/rbac-override.go:77.2,86.56 2 14
github.com/abraderAI/crm-project/api/internal/admin/rbac-override.go:86.56,90.3 3 84
github.com/abraderAI/crm-project/api/internal/admin/rbac-override.go:93.2,94.16 2 14
github.com/abraderAI/crm-project/api/internal/admin/rbac-override.go:94.16,96.3 1 2
github.com/abraderAI/crm-project/api/internal/admin/rbac-override.go:97.2,97.21 1 12
github.com/abraderAI/crm-project/api/internal/admin/rbac-override.go:97.21,99.3 1 8
github.com/abraderAI/crm-project/api/internal/admin/rbac-override.go:102.2,102.27 1 4
github.com/abraderAI/crm-project/api/internal/admin/rbac-override.go:102.27,103.55 1 2
github.com/abraderAI/crm-project/api/internal/admin/rbac-override.go:103.55,105.4 1 3
github.com/abraderAI/crm-project/api/internal/admin/rbac-override.go:108.2,108.30 1 4
github.com/abraderAI/crm-project/api/internal/admin/rbac-override.go:108.30,109.44 1 4
github.com/abraderAI/crm-project/api/internal/admin/rbac-override.go:109.44,111.4 1 4
github.com/abraderAI/crm-project/api/internal/admin/rbac-override.go:112.3,112.46 1 4
github.com/abraderAI/crm-project/api/internal/admin/rbac-override.go:112.46,114.4 1 1
github.com/abraderAI/crm-project/api/internal/admin/rbac-override.go:115.3,115.46 1 4
github.com/abraderAI/crm-project/api/internal/admin/rbac-override.go:115.46,117.4 1 1
github.com/abraderAI/crm-project/api/internal/admin/rbac-override.go:121.2,126.23 5 4
github.com/abraderAI/crm-project/api/internal/admin/rbac-override.go:130.106,132.27 1 22
github.com/abraderAI/crm-project/api/internal/admin/rbac-override.go:132.27,133.48 1 8
github.com/abraderAI/crm-project/api/internal/admin/rbac-override.go:133.48,134.26 1 9
github.com/abraderAI/crm-project/api/internal/admin/rbac-override.go:134.26,136.5 1 3
github.com/abraderAI/crm-project/api/internal/admin/rbac-override.go:140.2,140.30 1 19
github.com/abraderAI/crm-project/api/internal/admin/rbac-override.go:140.30,145.5 1 11
github.com/abraderAI/crm-project/api/internal/admin/rbac-override.go:145.5,146.40 1 31
github.com/abraderAI/crm-project/api/internal/admin/rbac-override.go:146.40,148.5 1 1
github.com/abraderAI/crm-project/api/internal/admin/rbac-override.go:152.2,153.16 2 18
github.com/abraderAI/crm-project/api/internal/admin/rbac-override.go:153.16,155.3 1 0
github.com/abraderAI/crm-project/api/internal/admin/rbac-override.go:157.2,166.35 2 18
github.com/abraderAI/crm-project/api/internal/admin/rbac-override.go:170.174,173.16 2 6
github.com/abraderAI/crm-project/api/internal/admin/rbac-override.go:173.16,175.3 1 1
github.com/abraderAI/crm-project/api/internal/admin/rbac-override.go:178.2,178.21 1 5
github.com/abraderAI/crm-project/api/internal/admin/rbac-override.go:178.21,179.28 1 1
github.com/abraderAI/crm-project/api/internal/admin/rbac-override.go:179.28,180.56 1 1
github.com/abraderAI/crm-project/api/internal/admin/rbac-override.go:180.56,182.5 1 1
github.com/abraderAI/crm-project/api/internal/admin/rbac-override.go:184.3,184.31 1 1
github.com/abraderAI/crm-project/api/internal/admin/rbac-override.go:184.31,185.45 1 0
github.com/abraderAI/crm-project/api/internal/admin/rbac-override.go:185.45,187.5 1 0
github.com/abraderAI/crm-project/api/internal/admin/rbac-override.go:188.4,188.47 1 0
github.com/abraderAI/crm-project/api/internal/admin/rbac-override.go:188.47,190.5 1 0
github.com/abraderAI/crm-project/api/internal/admin/rbac-override.go:191.4,191.47 1 0
github.com/abraderAI/crm-project/api/internal/admin/rbac-override.go:191.47,193.5 1 0
github.com/abraderAI/crm-project/api/internal/admin/rbac-override.go:198.2,200.16 3 5
github.com/abraderAI/crm-project/api/internal/admin/rbac-override.go:200.16,202.3 1 0
github.com/abraderAI/crm-project/api/internal/admin/rbac-override.go:205.2,207.39 2 5
github.com/abraderAI/crm-project/api/internal/admin/rbac-override.go:211.36,217.2 2 31
github.com/abraderAI/crm-project/api/internal/admin/rbac-override.go:220.73,222.16 2 2
github.com/abraderAI/crm-project/api/internal/admin/rbac-override.go:222.16,225.3 2 1
github.com/abraderAI/crm-project/api/internal/admin/rbac-override.go:226.2,226.44 1 1
github.com/abraderAI/crm-project/api/internal/admin/rbac-override.go:230.75,232.66 2 5
github.com/abraderAI/crm-project/api/internal/admin/rbac-override.go:232.66,235.3 2 1
github.com/abraderAI/crm-project/api/internal/admin/rbac-override.go:237.2,239.15 3 4
github.com/abraderAI/crm-project/api/internal/admin/rbac-override.go:239.15,241.3 1 1
github.com/abraderAI/crm-project/api/internal/admin/rbac-override.go:243.2,243.87 1 4
github.com/abraderAI/crm-project/api/internal/admin/rbac-override.go:243.87,244.27 1 2
github.com/abraderAI/crm-project/api/internal/admin/rbac-override.go:244.27,247.4 2 1
github.com/abraderAI/crm-project/api/internal/admin/rbac-override.go:248.3,249.9 2 1
github.com/abraderAI/crm-project/api/internal/admin/rbac-override.go:253.2,256.16 3 2
github.com/abraderAI/crm-project/api/internal/admin/rbac-override.go:256.16,259.3 2 0
github.com/abraderAI/crm-project/api/internal/admin/rbac-override.go:260.2,260.44 1 2
github.com/abraderAI/crm-project/api/internal/admin/rbac-override.go:264.77,271.61 2 4
github.com/abraderAI/crm-project/api/internal/admin/rbac-override.go:271.61,274.3 2 1
github.com/abraderAI/crm-project/api/internal/admin/rbac-override.go:275.2,275.68 1 3
github.com/abraderAI/crm-project/api/internal/admin/rbac-override.go:275.68,278.3 2 1
github.com/abraderAI/crm-project/api/internal/admin/rbac-override.go:280.2,281.16 2 2
github.com/abraderAI/crm-project/api/internal/admin/rbac-override.go:281.16,284.3 2 1
github.com/abraderAI/crm-project/api/internal/admin/rbac-override.go:286.2,292.4 1 1
github.com/abraderAI/crm-project/api/internal/admin/rbac-override.go:296.66,298.16 2 1
github.com/abraderAI/crm-project/api/internal/admin/rbac-override.go:298.16,300.3 1 0
github.com/abraderAI/crm-project/api/internal/admin/rbac-override.go:301.2,301.26 1 1
github.com/abraderAI/crm-project/api/internal/admin/security.go:29.70,30.46 1 3
github.com/abraderAI/crm-project/api/internal/admin/security.go:30.46,31.72 1 3
github.com/abraderAI/crm-project/api/internal/admin/security.go:31.72,33.36 2 7
github.com/abraderAI/crm-project/api/internal/admin/security.go:33.36,41.21 7 6
github.com/abraderAI/crm-project/api/internal/admin/security.go:41.21,43.6 1 2
github.com/abraderAI/crm-project/api/internal/admin/security.go:44.5,46.21 2 6
github.com/abraderAI/crm-project/api/internal/admin/security.go:46.21,55.6 3 2
github.com/abraderAI/crm-project/api/internal/admin/security.go:58.4,58.24 1 7
github.com/abraderAI/crm-project/api/internal/admin/security.go:64.70,65.46 1 3
github.com/abraderAI/crm-project/api/internal/admin/security.go:65.46,66.72 1 3
github.com/abraderAI/crm-project/api/internal/admin/security.go:66.72,70.48 3 3
github.com/abraderAI/crm-project/api/internal/admin/security.go:70.48,75.60 4 2
github.com/abraderAI/crm-project/api/internal/admin/security.go:75.60,77.25 1 1
github.com/abraderAI/crm-project/api/internal/admin/security.go:77.25,79.7 1 1
github.com/abraderAI/crm-project/api/internal/admin/security.go:81.5,81.52 1 2
github.com/abraderAI/crm-project/api/internal/admin/security.go:81.52,82.23 1 1
github.com/abraderAI/crm-project/api/internal/admin/security.go:82.23,84.7 1 1
[...]
github.com/abraderAI/crm-project/api/internal/reporting/repository-admin-sales.go:150.94,152.3 1 0
github.com/abraderAI/crm-project/api/internal/reporting/repository-admin-sales.go:153.2,153.17 1 14
github.com/abraderAI/crm-project/api/internal/reporting/repository-admin-sales.go:156.95,173.71 3 14
github.com/abraderAI/crm-project/api/internal/reporting/repository-admin-sales.go:173.71,175.3 1 0
github.com/abraderAI/crm-project/api/internal/reporting/repository-admin-sales.go:176.2,176.17 1 14
github.com/abraderAI/crm-project/api/internal/reporting/repository-admin-sales.go:176.17,178.3 1 14
github.com/abraderAI/crm-project/api/internal/reporting/repository-admin-sales.go:179.2,179.18 1 14
github.com/abraderAI/crm-project/api/internal/reporting/repository-admin-sales.go:182.116,203.95 3 14
github.com/abraderAI/crm-project/api/internal/reporting/repository-admin-sales.go:203.95,205.3 1 0
github.com/abraderAI/crm-project/api/internal/reporting/repository-admin-sales.go:206.2,206.17 1 14
github.com/abraderAI/crm-project/api/internal/reporting/repository-admin-sales.go:206.17,208.3 1 13
github.com/abraderAI/crm-project/api/internal/reporting/repository-admin-sales.go:209.2,209.18 1 14
github.com/abraderAI/crm-project/api/internal/reporting/repository-admin-sales.go:212.122,234.95 3 14
github.com/abraderAI/crm-project/api/internal/reporting/repository-admin-sales.go:234.95,236.3 1 0
github.com/abraderAI/crm-project/api/internal/reporting/repository-admin-sales.go:237.2,237.17 1 14
github.com/abraderAI/crm-project/api/internal/reporting/repository-admin-sales.go:237.17,239.3 1 14
github.com/abraderAI/crm-project/api/internal/reporting/repository-admin-sales.go:240.2,240.18 1 14
github.com/abraderAI/crm-project/api/internal/reporting/repository-admin-sales.go:243.114,267.95 3 14
github.com/abraderAI/crm-project/api/internal/reporting/repository-admin-sales.go:267.95,269.3 1 0
github.com/abraderAI/crm-project/api/internal/reporting/repository-admin-sales.go:270.2,270.17 1 14
github.com/abraderAI/crm-project/api/internal/reporting/repository-admin-sales.go:270.17,272.3 1 14
github.com/abraderAI/crm-project/api/internal/reporting/repository-admin-sales.go:273.2,273.18 1 14
github.com/abraderAI/crm-project/api/internal/reporting/repository-admin-support.go:8.115,10.16 2 17
github.com/abraderAI/crm-project/api/internal/reporting/repository-admin-support.go:10.16,12.3 1 0
github.com/abraderAI/crm-project/api/internal/reporting/repository-admin-support.go:14.2,15.16 2 17
github.com/abraderAI/crm-project/api/internal/reporting/repository-admin-support.go:15.16,17.3 1 0
github.com/abraderAI/crm-project/api/internal/reporting/repository-admin-support.go:19.2,20.16 2 17
github.com/abraderAI/crm-project/api/internal/reporting/repository-admin-support.go:20.16,22.3 1 0
github.com/abraderAI/crm-project/api/internal/reporting/repository-admin-support.go:24.2,25.16 2 17
github.com/abraderAI/crm-project/api/internal/reporting/repository-admin-support.go:25.16,27.3 1 0
github.com/abraderAI/crm-project/api/internal/reporting/repository-admin-support.go:29.2,30.16 2 17
github.com/abraderAI/crm-project/api/internal/reporting/repository-admin-support.go:30.16,32.3 1 0
github.com/abraderAI/crm-project/api/internal/reporting/repository-admin-support.go:34.2,35.16 2 17
github.com/abraderAI/crm-project/api/internal/reporting/repository-admin-support.go:35.16,37.3 1 0
github.com/abraderAI/crm-project/api/internal/reporting/repository-admin-support.go:39.2,40.16 2 17
github.com/abraderAI/crm-project/api/internal/reporting/repository-admin-support.go:40.16,42.3 1 0
github.com/abraderAI/crm-project/api/internal/reporting/repository-admin-support.go:44.2,52.8 1 17
github.com/abraderAI/crm-project/api/internal/reporting/repository-admin-support.go:55.117,72.95 4 17
github.com/abraderAI/crm-project/api/internal/reporting/repository-admin-support.go:72.95,74.3 1 0
github.com/abraderAI/crm-project/api/internal/reporting/repository-admin-support.go:75.2,76.27 2 17
github.com/abraderAI/crm-project/api/internal/reporting/repository-admin-support.go:76.27,78.3 1 30
github.com/abraderAI/crm-project/api/internal/reporting/repository-admin-support.go:79.2,79.20 1 17
github.com/abraderAI/crm-project/api/internal/reporting/repository-admin-support.go:82.112,94.95 3 17
github.com/abraderAI/crm-project/api/internal/reporting/repository-admin-support.go:94.95,96.3 1 0
github.com/abraderAI/crm-project/api/internal/reporting/repository-admin-support.go:97.2,97.17 1 17
github.com/abraderAI/crm-project/api/internal/reporting/repository-admin-support.go:97.17,99.3 1 3
github.com/abraderAI/crm-project/api/internal/reporting/repository-admin-support.go:100.2,100.18 1 17
github.com/abraderAI/crm-project/api/internal/reporting/repository-admin-support.go:103.112,114.94 3 17
github.com/abraderAI/crm-project/api/internal/reporting/repository-admin-support.go:114.94,116.3 1 0
github.com/abraderAI/crm-project/api/internal/reporting/repository-admin-support.go:117.2,117.17 1 17
github.com/abraderAI/crm-project/api/internal/reporting/repository-admin-support.go:120.97,137.71 3 17
github.com/abraderAI/crm-project/api/internal/reporting/repository-admin-support.go:137.71,139.3 1 0
github.com/abraderAI/crm-project/api/internal/reporting/repository-admin-support.go:140.2,140.17 1 17
github.com/abraderAI/crm-project/api/internal/reporting/repository-admin-support.go:140.17,142.3 1 17
github.com/abraderAI/crm-project/api/internal/reporting/repository-admin-support.go:143.2,143.18 1 17
github.com/abraderAI/crm-project/api/internal/reporting/repository-admin-support.go:146.119,163.95 4 17
github.com/abraderAI/crm-project/api/internal/reporting/repository-admin-support.go:163.95,165.3 1 0
github.com/abraderAI/crm-project/api/internal/reporting/repository-admin-support.go:166.2,167.27 2 17
github.com/abraderAI/crm-project/api/internal/reporting/repository-admin-support.go:167.27,169.3 1 28
github.com/abraderAI/crm-project/api/internal/reporting/repository-admin-support.go:170.2,170.20 1 17
github.com/abraderAI/crm-project/api/internal/reporting/repository-admin-support.go:173.115,191.94 3 17
github.com/abraderAI/crm-project/api/internal/reporting/repository-admin-support.go:191.94,193.3 1 0
github.com/abraderAI/crm-project/api/internal/reporting/repository-admin-support.go:194.2,194.17 1 17
github.com/abraderAI/crm-project/api/internal/reporting/repository-admin-support.go:197.82,208.72 3 17
github.com/abraderAI/crm-project/api/internal/reporting/repository-admin-support.go:208.72,210.3 1 0
github.com/abraderAI/crm-project/api/internal/reporting/repository-admin-support.go:211.2,211.19 1 17
github.com/abraderAI/crm-project/api/internal/reporting/repository-sales.go:8.118,22.80 6 124
github.com/abraderAI/crm-project/api/internal/reporting/repository-sales.go:22.80,24.3 1 0
github.com/abraderAI/crm-project/api/internal/reporting/repository-sales.go:25.2,25.17 1 124
github.com/abraderAI/crm-project/api/internal/reporting/repository-sales.go:25.17,27.3 1 0
github.com/abraderAI/crm-project/api/internal/reporting/repository-sales.go:28.2,28.18 1 124
github.com/abraderAI/crm-project/api/internal/reporting/repository-sales.go:32.116,45.80 6 3
github.com/abraderAI/crm-project/api/internal/reporting/repository-sales.go:45.80,47.3 1 0
github.com/abraderAI/crm-project/api/internal/reporting/repository-sales.go:48.2,48.17 1 3
github.com/abraderAI/crm-project/api/internal/reporting/repository-sales.go:48.17,50.3 1 0
github.com/abraderAI/crm-project/api/internal/reporting/repository-sales.go:51.2,51.18 1 3
github.com/abraderAI/crm-project/api/internal/reporting/repository-sales.go:55.124,75.80 7 4
github.com/abraderAI/crm-project/api/internal/reporting/repository-sales.go:75.80,77.3 1 0
github.com/abraderAI/crm-project/api/internal/reporting/repository-sales.go:78.2,78.25 1 4
github.com/abraderAI/crm-project/api/internal/reporting/repository-sales.go:78.25,79.18 1 5
github.com/abraderAI/crm-project/api/internal/reporting/repository-sales.go:80.21,81.17 1 3
github.com/abraderAI/crm-project/api/internal/reporting/repository-sales.go:82.22,83.18 1 2
github.com/abraderAI/crm-project/api/internal/reporting/repository-sales.go:86.2,86.23 1 4
github.com/abraderAI/crm-project/api/internal/reporting/repository-sales.go:90.112,103.79 5 64
github.com/abraderAI/crm-project/api/internal/reporting/repository-sales.go:103.79,105.3 1 0
github.com/abraderAI/crm-project/api/internal/reporting/repository-sales.go:106.2,106.17 1 64
github.com/abraderAI/crm-project/api/internal/reporting/repository-sales.go:110.122,128.80 6 3
github.com/abraderAI/crm-project/api/internal/reporting/repository-sales.go:128.80,130.3 1 0
github.com/abraderAI/crm-project/api/internal/reporting/repository-sales.go:131.2,131.17 1 3
github.com/abraderAI/crm-project/api/internal/reporting/repository-sales.go:131.17,133.3 1 1
github.com/abraderAI/crm-project/api/internal/reporting/repository-sales.go:134.2,134.18 1 3
github.com/abraderAI/crm-project/api/internal/reporting/repository-sales.go:138.122,160.80 6 3
github.com/abraderAI/crm-project/api/internal/reporting/repository-sales.go:160.80,162.3 1 0
github.com/abraderAI/crm-project/api/internal/reporting/repository-sales.go:163.2,163.17 1 3
github.com/abraderAI/crm-project/api/internal/reporting/repository-sales.go:163.17,165.3 1 0
github.com/abraderAI/crm-project/api/internal/reporting/repository-sales.go:166.2,166.18 1 3
github.com/abraderAI/crm-project/api/internal/reporting/repository-sales.go:170.128,193.80 4 64
github.com/abraderAI/crm-project/api/internal/reporting/repository-sales.go:193.80,195.3 1 0
github.com/abraderAI/crm-project/api/internal/reporting/repository-sales.go:196.2,196.17 1 64
github.com/abraderAI/crm-project/api/internal/reporting/repository-sales.go:196.17,198.3 1 4
github.com/abraderAI/crm-project/api/internal/reporting/repository-sales.go:199.2,199.18 1 64
github.com/abraderAI/crm-project/api/internal/reporting/repository-sales.go:203.120,228.80 4 4
github.com/abraderAI/crm-project/api/internal/reporting/repository-sales.go:228.80,230.3 1 0
github.com/abraderAI/crm-project/api/internal/reporting/repository-sales.go:231.2,231.17 1 4
github.com/abraderAI/crm-project/api/internal/reporting/repository-sales.go:231.17,233.3 1 3
github.com/abraderAI/crm-project/api/internal/reporting/repository-sales.go:234.2,234.18 1 4
github.com/abraderAI/crm-project/api/internal/reporting/repository-sales.go:238.123,258.80 6 2
github.com/abraderAI/crm-project/api/internal/reporting/repository-sales.go:258.80,260.3 1 0
github.com/abraderAI/crm-project/api/internal/reporting/repository-sales.go:261.2,261.17 1 2
github.com/abraderAI/crm-project/api/internal/reporting/repository-sales.go:261.17,263.3 1 0
github.com/abraderAI/crm-project/api/internal/reporting/repository-sales.go:264.2,264.18 1 2
github.com/abraderAI/crm-project/api/internal/reporting/repository.go:46.53,48.2 1 352
github.com/abraderAI/crm-project/api/internal/reporting/repository.go:53.123,72.80 7 64
github.com/abraderAI/crm-project/api/internal/reporting/repository.go:72.80,74.3 1 0
github.com/abraderAI/crm-project/api/internal/reporting/repository.go:75.2,76.27 2 64
github.com/abraderAI/crm-project/api/internal/reporting/repository.go:76.27,78.3 1 12
github.com/abraderAI/crm-project/api/internal/reporting/repository.go:79.2,79.20 1 64
github.com/abraderAI/crm-project/api/internal/reporting/repository.go:83.118,96.80 6 61
github.com/abraderAI/crm-project/api/internal/reporting/repository.go:96.80,98.3 1 0
github.com/abraderAI/crm-project/api/internal/reporting/repository.go:99.2,99.17 1 61
github.com/abraderAI/crm-project/api/internal/reporting/repository.go:99.17,101.3 1 58
github.com/abraderAI/crm-project/api/internal/reporting/repository.go:102.2,102.18 1 61
github.com/abraderAI/crm-project/api/internal/reporting/repository.go:107.118,120.79 5 61
github.com/abraderAI/crm-project/api/internal/reporting/repository.go:120.79,122.3 1 0
github.com/abraderAI/crm-project/api/internal/reporting/repository.go:123.2,123.17 1 61
github.com/abraderAI/crm-project/api/internal/reporting/repository.go:127.124,145.80 6 61
github.com/abraderAI/crm-project/api/internal/reporting/repository.go:145.80,147.3 1 0
github.com/abraderAI/crm-project/api/internal/reporting/repository.go:148.2,148.17 1 61
github.com/abraderAI/crm-project/api/internal/reporting/repository.go:148.17,150.3 1 59
github.com/abraderAI/crm-project/api/internal/reporting/repository.go:151.2,151.18 1 61
github.com/abraderAI/crm-project/api/internal/reporting/repository.go:155.125,174.80 7 61
github.com/abraderAI/crm-project/api/internal/reporting/repository.go:174.80,176.3 1 0
github.com/abraderAI/crm-project/api/internal/reporting/repository.go:177.2,178.27 2 61
github.com/abraderAI/crm-project/api/internal/reporting/repository.go:178.27,180.3 1 7
github.com/abraderAI/crm-project/api/internal/reporting/repository.go:181.2,181.20 1 61
github.com/abraderAI/crm-project/api/internal/reporting/repository.go:186.121,206.79 5 61
github.com/abraderAI/crm-project/api/internal/reporting/repository.go:206.79,208.3 1 0
github.com/abraderAI/crm-project/api/internal/reporting/repository.go:209.2,209.17 1 61
github.com/abraderAI/crm-project/api/internal/reporting/repository.go:214.109,227.81 5 61
github.com/abraderAI/crm-project/api/internal/reporting/repository.go:227.81,229.3 1 0
github.com/abraderAI/crm-project/api/internal/reporting/repository.go:230.2,230.19 1 61
github.com/abraderAI/crm-project/api/internal/reporting/repository.go:234.127,254.80 6 3
github.com/abraderAI/crm-project/api/internal/reporting/repository.go:254.80,256.3 1 0
github.com/abraderAI/crm-project/api/internal/reporting/repository.go:257.2,257.17 1 3
github.com/abraderAI/crm-project/api/internal/reporting/repository.go:257.17,259.3 1 0
github.com/abraderAI/crm-project/api/internal/reporting/repository.go:260.2,260.18 1 3
github.com/abraderAI/crm-project/api/internal/reporting/repository.go:264.98,265.20 1 636
github.com/abraderAI/crm-project/api/internal/reporting/repository.go:265.20,268.3 2 380
github.com/abraderAI/crm-project/api/internal/reporting/repository.go:269.2,269.16 1 636
github.com/abraderAI/crm-project/api/internal/reporting/service-admin.go:11.123,22.20 4 16
github.com/abraderAI/crm-project/api/internal/reporting/service-admin.go:22.20,26.3 3 16
github.com/abraderAI/crm-project/api/internal/reporting/service-admin.go:28.2,28.20 1 16
github.com/abraderAI/crm-project/api/internal/reporting/service-admin.go:28.20,32.3 3 16
github.com/abraderAI/crm-project/api/internal/reporting/service-admin.go:34.2,34.20 1 16
github.com/abraderAI/crm-project/api/internal/reporting/service-admin.go:34.20,38.3 3 16
github.com/abraderAI/crm-project/api/internal/reporting/service-admin.go:40.2,40.33 1 16
github.com/abraderAI/crm-project/api/internal/reporting/service-admin.go:40.33,42.3 1 0
github.com/abraderAI/crm-project/api/internal/reporting/service-admin.go:45.2,45.27 1 16
github.com/abraderAI/crm-project/api/internal/reporting/service-admin.go:45.27,46.51 1 26
github.com/abraderAI/crm-project/api/internal/reporting/service-admin.go:46.51,48.4 1 0
github.com/abraderAI/crm-project/api/internal/reporting/service-admin.go:51.2,54.8 1 16
github.com/abraderAI/crm-project/api/internal/reporting/service-admin.go:59.119,69.20 4 13
github.com/abraderAI/crm-project/api/internal/reporting/service-admin.go:69.20,73.3 3 13
github.com/abraderAI/crm-project/api/internal/reporting/service-admin.go:75.2,75.20 1 13
github.com/abraderAI/crm-project/api/internal/reporting/service-admin.go:75.20,79.3 3 13
github.com/abraderAI/crm-project/api/internal/reporting/service-admin.go:81.2,81.33 1 13
github.com/abraderAI/crm-project/api/internal/reporting/service-admin.go:81.33,83.3 1 0
github.com/abraderAI/crm-project/api/internal/reporting/service-admin.go:85.2,88.8 1 13
github.com/abraderAI/crm-project/api/internal/reporting/service-admin.go:92.129,95.2 2 3
github.com/abraderAI/crm-project/api/internal/reporting/service-admin.go:98.125,101.2 2 2
github.com/abraderAI/crm-project/api/internal/reporting/service.go:11.61,13.2 1 203
github.com/abraderAI/crm-project/api/internal/reporting/service.go:16.127,18.16 2 60
github.com/abraderAI/crm-project/api/internal/reporting/service.go:18.16,20.3 1 0
github.com/abraderAI/crm-project/api/internal/reporting/service.go:22.2,23.16 2 60
github.com/abraderAI/crm-project/api/internal/reporting/service.go:23.16,25.3 1 0
github.com/abraderAI/crm-project/api/internal/reporting/service.go:27.2,28.16 2 60
github.com/abraderAI/crm-project/api/internal/reporting/service.go:28.16,30.3 1 0
github.com/abraderAI/crm-project/api/internal/reporting/service.go:32.2,33.16 2 60
github.com/abraderAI/crm-project/api/internal/reporting/service.go:33.16,35.3 1 0
github.com/abraderAI/crm-project/api/internal/reporting/service.go:37.2,38.16 2 60
github.com/abraderAI/crm-project/api/internal/reporting/service.go:38.16,40.3 1 0
github.com/abraderAI/crm-project/api/internal/reporting/service.go:42.2,43.16 2 60
github.com/abraderAI/crm-project/api/internal/reporting/service.go:43.16,45.3 1 0
github.com/abraderAI/crm-project/api/internal/reporting/service.go:47.2,48.16 2 60
github.com/abraderAI/crm-project/api/internal/reporting/service.go:48.16,50.3 1 0
github.com/abraderAI/crm-project/api/internal/reporting/service.go:52.2,60.8 1 60
github.com/abraderAI/crm-project/api/internal/reporting/service.go:64.123,66.16 2 2
github.com/abraderAI/crm-project/api/internal/reporting/service.go:66.16,68.3 1 0
github.com/abraderAI/crm-project/api/internal/reporting/service.go:70.2,71.16 2 2
github.com/abraderAI/crm-project/api/internal/reporting/service.go:71.16,73.3 1 0
github.com/abraderAI/crm-project/api/internal/reporting/service.go:75.2,76.16 2 2
github.com/abraderAI/crm-project/api/internal/reporting/service.go:76.16,78.3 1 0
github.com/abraderAI/crm-project/api/internal/reporting/service.go:79.2,82.16 3 2
github.com/abraderAI/crm-project/api/internal/reporting/service.go:82.16,84.3 1 0
github.com/abraderAI/crm-project/api/internal/reporting/service.go:86.2,87.16 2 2
github.com/abraderAI/crm-project/api/internal/reporting/service.go:87.16,89.3 1 0
github.com/abraderAI/crm-project/api/internal/reporting/service.go:91.2,92.16 2 2
github.com/abraderAI/crm-project/api/internal/reporting/service.go:92.16,94.3 1 0
github.com/abraderAI/crm-project/api/internal/reporting/service.go:96.2,97.16 2 2
github.com/abraderAI/crm-project/api/internal/reporting/service.go:97.16,99.3 1 0
github.com/abraderAI/crm-project/api/internal/reporting/service.go:100.2,103.16 3 2
github.com/abraderAI/crm-project/api/internal/reporting/service.go:103.16,105.3 1 0
github.com/abraderAI/crm-project/api/internal/reporting/service.go:107.2,117.8 1 2
github.com/abraderAI/crm-project/api/internal/reporting/service.go:121.133,123.2 1 3
github.com/abraderAI/crm-project/api/internal/reporting/service.go:126.129,128.2 1 2
github.com/abraderAI/crm-project/api/internal/reporting/service.go:132.71,134.16 2 22
github.com/abraderAI/crm-project/api/internal/reporting/service.go:134.16,136.3 1 3
github.com/abraderAI/crm-project/api/internal/reporting/service.go:137.2,137.70 1 19
github.com/abraderAI/crm-project/api/internal/reporting/service.go:142.81,143.27 1 21
github.com/abraderAI/crm-project/api/internal/reporting/service.go:143.27,145.3 1 18
github.com/abraderAI/crm-project/api/internal/reporting/service.go:148.2,149.32 2 3
github.com/abraderAI/crm-project/api/internal/reporting/service.go:149.32,151.3 1 5
github.com/abraderAI/crm-project/api/internal/reporting/service.go:153.2,154.32 2 3
github.com/abraderAI/crm-project/api/internal/reporting/service.go:154.32,156.30 2 5
github.com/abraderAI/crm-project/api/internal/reporting/service.go:156.30,158.4 1 5
github.com/abraderAI/crm-project/api/internal/reporting/service.go:159.3,163.5 1 5
github.com/abraderAI/crm-project/api/internal/reporting/service.go:165.2,165.14 1 3
