mode: set
github.com/abraderAI/crm-project/api/cmd/server/main.go:18.13,24.16 3 0
github.com/abraderAI/crm-project/api/cmd/server/main.go:24.16,27.3 2 0
github.com/abraderAI/crm-project/api/cmd/server/main.go:30.2,31.22 2 0
github.com/abraderAI/crm-project/api/cmd/server/main.go:32.15,33.26 1 0
github.com/abraderAI/crm-project/api/cmd/server/main.go:34.14,35.25 1 0
github.com/abraderAI/crm-project/api/cmd/server/main.go:36.15,37.26 1 0
github.com/abraderAI/crm-project/api/cmd/server/main.go:38.10,39.25 1 0
github.com/abraderAI/crm-project/api/cmd/server/main.go:41.2,44.16 3 0
github.com/abraderAI/crm-project/api/cmd/server/main.go:44.16,47.3 2 0
github.com/abraderAI/crm-project/api/cmd/server/main.go:49.2,49.45 1 0
github.com/abraderAI/crm-project/api/cmd/server/main.go:49.45,52.3 2 0
github.com/abraderAI/crm-project/api/cmd/server/main.go:54.2,72.12 5 0
github.com/abraderAI/crm-project/api/cmd/server/main.go:72.12,74.77 2 0
github.com/abraderAI/crm-project/api/cmd/server/main.go:74.77,77.4 2 0
github.com/abraderAI/crm-project/api/cmd/server/main.go:80.2,86.42 5 0
github.com/abraderAI/crm-project/api/cmd/server/main.go:86.42,89.3 2 0
github.com/abraderAI/crm-project/api/cmd/server/main.go:91.2,91.31 1 0
github.com/abraderAI/crm-project/api/internal/board/handler.go:20.44,22.2 1 0
github.com/abraderAI/crm-project/api/internal/board/handler.go:25.66,27.19 2 0
github.com/abraderAI/crm-project/api/internal/board/handler.go:27.19,30.3 2 0
github.com/abraderAI/crm-project/api/internal/board/handler.go:32.2,33.63 2 0
github.com/abraderAI/crm-project/api/internal/board/handler.go:33.63,36.3 2 0
github.com/abraderAI/crm-project/api/internal/board/handler.go:38.2,39.16 2 0
github.com/abraderAI/crm-project/api/internal/board/handler.go:39.16,42.3 2 0
github.com/abraderAI/crm-project/api/internal/board/handler.go:44.2,44.24 1 0
github.com/abraderAI/crm-project/api/internal/board/handler.go:48.64,53.16 4 0
github.com/abraderAI/crm-project/api/internal/board/handler.go:53.16,56.3 2 0
github.com/abraderAI/crm-project/api/internal/board/handler.go:58.2,61.4 1 0
github.com/abraderAI/crm-project/api/internal/board/handler.go:65.63,70.16 4 0
github.com/abraderAI/crm-project/api/internal/board/handler.go:70.16,73.3 2 0
github.com/abraderAI/crm-project/api/internal/board/handler.go:74.2,74.14 1 0
github.com/abraderAI/crm-project/api/internal/board/handler.go:74.14,77.3 2 0
github.com/abraderAI/crm-project/api/internal/board/handler.go:79.2,79.36 1 0
github.com/abraderAI/crm-project/api/internal/board/handler.go:83.66,88.63 4 0
github.com/abraderAI/crm-project/api/internal/board/handler.go:88.63,91.3 2 0
github.com/abraderAI/crm-project/api/internal/board/handler.go:93.2,94.16 2 0
github.com/abraderAI/crm-project/api/internal/board/handler.go:94.16,97.3 2 0
github.com/abraderAI/crm-project/api/internal/board/handler.go:98.2,98.14 1 0
github.com/abraderAI/crm-project/api/internal/board/handler.go:98.14,101.3 2 0
github.com/abraderAI/crm-project/api/internal/board/handler.go:103.2,103.36 1 0
github.com/abraderAI/crm-project/api/internal/board/handler.go:107.66,111.73 3 0
github.com/abraderAI/crm-project/api/internal/board/handler.go:111.73,112.33 1 0
github.com/abraderAI/crm-project/api/internal/board/handler.go:112.33,115.4 2 0
github.com/abraderAI/crm-project/api/internal/board/handler.go:116.3,117.9 2 0
github.com/abraderAI/crm-project/api/internal/board/handler.go:120.2,120.23 1 0
github.com/abraderAI/crm-project/api/internal/board/handler.go:124.64,129.16 4 0
github.com/abraderAI/crm-project/api/internal/board/handler.go:129.16,132.3 2 0
github.com/abraderAI/crm-project/api/internal/board/handler.go:133.2,133.14 1 0
github.com/abraderAI/crm-project/api/internal/board/handler.go:133.14,136.3 2 0
github.com/abraderAI/crm-project/api/internal/board/handler.go:138.2,138.36 1 0
github.com/abraderAI/crm-project/api/internal/board/handler.go:142.66,147.16 4 0
github.com/abraderAI/crm-project/api/internal/board/handler.go:147.16,150.3 2 0
github.com/abraderAI/crm-project/api/internal/board/handler.go:151.2,151.14 1 0
github.com/abraderAI/crm-project/api/internal/board/handler.go:151.14,154.3 2 0
github.com/abraderAI/crm-project/api/internal/board/handler.go:156.2,156.36 1 0
github.com/abraderAI/crm-project/api/internal/board/repository.go:22.45,24.2 1 1
github.com/abraderAI/crm-project/api/internal/board/repository.go:27.77,28.66 1 1
github.com/abraderAI/crm-project/api/internal/board/repository.go:28.66,30.3 1 0
github.com/abraderAI/crm-project/api/internal/board/repository.go:31.2,31.12 1 1
github.com/abraderAI/crm-project/api/internal/board/repository.go:35.107,39.48 3 1
github.com/abraderAI/crm-project/api/internal/board/repository.go:39.48,41.3 1 1
github.com/abraderAI/crm-project/api/internal/board/repository.go:41.8,43.3 1 1
github.com/abraderAI/crm-project/api/internal/board/repository.go:45.2,45.50 1 1
github.com/abraderAI/crm-project/api/internal/board/repository.go:45.50,46.45 1 1
github.com/abraderAI/crm-project/api/internal/board/repository.go:46.45,48.4 1 1
github.com/abraderAI/crm-project/api/internal/board/repository.go:49.3,49.51 1 0
github.com/abraderAI/crm-project/api/internal/board/repository.go:51.2,51.20 1 1
github.com/abraderAI/crm-project/api/internal/board/repository.go:55.136,59.25 3 1
github.com/abraderAI/crm-project/api/internal/board/repository.go:59.25,61.17 2 0
github.com/abraderAI/crm-project/api/internal/board/repository.go:61.17,63.4 1 0
github.com/abraderAI/crm-project/api/internal/board/repository.go:64.3,64.51 1 0
github.com/abraderAI/crm-project/api/internal/board/repository.go:67.2,67.74 1 1
github.com/abraderAI/crm-project/api/internal/board/repository.go:67.74,69.3 1 0
github.com/abraderAI/crm-project/api/internal/board/repository.go:71.2,72.32 2 1
github.com/abraderAI/crm-project/api/internal/board/repository.go:72.32,77.3 4 1
github.com/abraderAI/crm-project/api/internal/board/repository.go:79.2,79.30 1 1
github.com/abraderAI/crm-project/api/internal/board/repository.go:83.77,84.64 1 1
github.com/abraderAI/crm-project/api/internal/board/repository.go:84.64,86.3 1 0
github.com/abraderAI/crm-project/api/internal/board/repository.go:87.2,87.12 1 1
github.com/abraderAI/crm-project/api/internal/board/repository.go:91.67,93.25 2 1
github.com/abraderAI/crm-project/api/internal/board/repository.go:93.25,95.3 1 0
github.com/abraderAI/crm-project/api/internal/board/repository.go:96.2,96.30 1 1
github.com/abraderAI/crm-project/api/internal/board/repository.go:96.30,98.3 1 0
github.com/abraderAI/crm-project/api/internal/board/repository.go:99.2,99.12 1 1
github.com/abraderAI/crm-project/api/internal/board/repository.go:103.97,106.85 2 1
github.com/abraderAI/crm-project/api/internal/board/repository.go:106.85,108.3 1 0
github.com/abraderAI/crm-project/api/internal/board/repository.go:109.2,109.23 1 1
github.com/abraderAI/crm-project/api/internal/board/service.go:19.44,21.2 1 1
github.com/abraderAI/crm-project/api/internal/board/service.go:31.105,32.22 1 1
github.com/abraderAI/crm-project/api/internal/board/service.go:32.22,34.3 1 1
github.com/abraderAI/crm-project/api/internal/board/service.go:35.2,35.26 1 1
github.com/abraderAI/crm-project/api/internal/board/service.go:35.26,36.59 1 1
github.com/abraderAI/crm-project/api/internal/board/service.go:36.59,38.4 1 1
github.com/abraderAI/crm-project/api/internal/board/service.go:39.8,41.3 1 1
github.com/abraderAI/crm-project/api/internal/board/service.go:43.2,45.20 3 1
github.com/abraderAI/crm-project/api/internal/board/service.go:45.20,47.17 2 1
github.com/abraderAI/crm-project/api/internal/board/service.go:47.17,49.4 1 0
github.com/abraderAI/crm-project/api/internal/board/service.go:50.3,50.14 1 1
github.com/abraderAI/crm-project/api/internal/board/service.go:50.14,51.9 1 1
github.com/abraderAI/crm-project/api/internal/board/service.go:53.3,53.48 1 1
github.com/abraderAI/crm-project/api/internal/board/service.go:56.2,63.46 2 1
github.com/abraderAI/crm-project/api/internal/board/service.go:63.46,65.3 1 0
github.com/abraderAI/crm-project/api/internal/board/service.go:66.2,66.15 1 1
github.com/abraderAI/crm-project/api/internal/board/service.go:70.93,72.2 1 1
github.com/abraderAI/crm-project/api/internal/board/service.go:75.133,77.2 1 1
github.com/abraderAI/crm-project/api/internal/board/service.go:87.115,89.16 2 1
github.com/abraderAI/crm-project/api/internal/board/service.go:89.16,91.3 1 0
github.com/abraderAI/crm-project/api/internal/board/service.go:92.2,92.14 1 1
github.com/abraderAI/crm-project/api/internal/board/service.go:92.14,94.3 1 1
github.com/abraderAI/crm-project/api/internal/board/service.go:96.2,96.44 1 1
github.com/abraderAI/crm-project/api/internal/board/service.go:96.44,99.24 3 1
github.com/abraderAI/crm-project/api/internal/board/service.go:99.24,101.22 2 1
github.com/abraderAI/crm-project/api/internal/board/service.go:101.22,103.19 2 1
github.com/abraderAI/crm-project/api/internal/board/service.go:103.19,105.6 1 0
github.com/abraderAI/crm-project/api/internal/board/service.go:106.5,106.37 1 1
github.com/abraderAI/crm-project/api/internal/board/service.go:106.37,107.11 1 1
github.com/abraderAI/crm-project/api/internal/board/service.go:109.5,109.48 1 0
github.com/abraderAI/crm-project/api/internal/board/service.go:111.4,111.20 1 1
github.com/abraderAI/crm-project/api/internal/board/service.go:114.2,114.30 1 1
github.com/abraderAI/crm-project/api/internal/board/service.go:114.30,116.3 1 0
github.com/abraderAI/crm-project/api/internal/board/service.go:117.2,117.27 1 1
github.com/abraderAI/crm-project/api/internal/board/service.go:117.27,118.60 1 1
github.com/abraderAI/crm-project/api/internal/board/service.go:118.60,120.4 1 0
github.com/abraderAI/crm-project/api/internal/board/service.go:121.3,122.17 2 1
github.com/abraderAI/crm-project/api/internal/board/service.go:122.17,124.4 1 0
github.com/abraderAI/crm-project/api/internal/board/service.go:125.3,125.22 1 1
github.com/abraderAI/crm-project/api/internal/board/service.go:128.2,128.46 1 1
github.com/abraderAI/crm-project/api/internal/board/service.go:128.46,130.3 1 0
github.com/abraderAI/crm-project/api/internal/board/service.go:131.2,131.15 1 1
github.com/abraderAI/crm-project/api/internal/board/service.go:135.79,137.16 2 1
github.com/abraderAI/crm-project/api/internal/board/service.go:137.16,139.3 1 0
github.com/abraderAI/crm-project/api/internal/board/service.go:140.2,140.14 1 1
github.com/abraderAI/crm-project/api/internal/board/service.go:140.14,142.3 1 1
github.com/abraderAI/crm-project/api/internal/board/service.go:143.2,143.33 1 1
github.com/abraderAI/crm-project/api/internal/board/service.go:147.110,149.16 2 1
github.com/abraderAI/crm-project/api/internal/board/service.go:149.16,151.3 1 0
github.com/abraderAI/crm-project/api/internal/board/service.go:152.2,152.14 1 1
github.com/abraderAI/crm-project/api/internal/board/service.go:152.14,154.3 1 1
github.com/abraderAI/crm-project/api/internal/board/service.go:155.2,156.46 2 1
github.com/abraderAI/crm-project/api/internal/board/service.go:156.46,158.3 1 0
github.com/abraderAI/crm-project/api/internal/board/service.go:159.2,159.15 1 1
github.com/abraderAI/crm-project/api/internal/config/config.go:44.30,61.39 2 1
github.com/abraderAI/crm-project/api/internal/config/config.go:61.39,63.3 1 1
github.com/abraderAI/crm-project/api/internal/config/config.go:65.2,65.17 1 1
github.com/abraderAI/crm-project/api/internal/config/config.go:69.35,70.46 1 1
github.com/abraderAI/crm-project/api/internal/config/config.go:70.46,72.3 1 1
github.com/abraderAI/crm-project/api/internal/config/config.go:74.2,74.24 1 1
github.com/abraderAI/crm-project/api/internal/config/config.go:74.24,76.3 1 1
github.com/abraderAI/crm-project/api/internal/config/config.go:78.2,78.25 1 1
github.com/abraderAI/crm-project/api/internal/config/config.go:78.25,80.3 1 1
github.com/abraderAI/crm-project/api/internal/config/config.go:82.2,85.33 2 1
github.com/abraderAI/crm-project/api/internal/config/config.go:85.33,87.3 1 1
github.com/abraderAI/crm-project/api/internal/config/config.go:89.2,89.12 1 1
github.com/abraderAI/crm-project/api/internal/config/config.go:93.35,95.2 1 1
github.com/abraderAI/crm-project/api/internal/config/config.go:97.42,98.38 1 1
github.com/abraderAI/crm-project/api/internal/config/config.go:98.38,100.3 1 1
github.com/abraderAI/crm-project/api/internal/config/config.go:101.2,101.17 1 1
github.com/abraderAI/crm-project/api/internal/config/config.go:104.46,106.15 2 1
github.com/abraderAI/crm-project/api/internal/config/config.go:106.15,108.3 1 1
github.com/abraderAI/crm-project/api/internal/config/config.go:109.2,110.16 2 1
github.com/abraderAI/crm-project/api/internal/config/config.go:110.16,112.3 1 1
github.com/abraderAI/crm-project/api/internal/config/config.go:113.2,113.10 1 1
github.com/abraderAI/crm-project/api/internal/config/config.go:116.52,118.15 2 1
github.com/abraderAI/crm-project/api/internal/config/config.go:118.15,120.3 1 1
github.com/abraderAI/crm-project/api/internal/config/config.go:121.2,122.16 2 1
github.com/abraderAI/crm-project/api/internal/config/config.go:122.16,124.3 1 1
github.com/abraderAI/crm-project/api/internal/config/config.go:125.2,125.10 1 1
github.com/abraderAI/crm-project/api/internal/config/config.go:128.49,130.15 2 1
github.com/abraderAI/crm-project/api/internal/config/config.go:130.15,132.3 1 1
github.com/abraderAI/crm-project/api/internal/config/config.go:133.2,134.16 2 1
github.com/abraderAI/crm-project/api/internal/config/config.go:134.16,136.3 1 1
github.com/abraderAI/crm-project/api/internal/config/config.go:137.2,137.10 1 1
github.com/abraderAI/crm-project/api/internal/config/config.go:140.58,142.15 2 1
github.com/abraderAI/crm-project/api/internal/config/config.go:142.15,144.3 1 1
github.com/abraderAI/crm-project/api/internal/config/config.go:145.2,147.26 3 1
github.com/abraderAI/crm-project/api/internal/config/config.go:147.26,149.20 2 1
github.com/abraderAI/crm-project/api/internal/config/config.go:149.20,151.4 1 1
github.com/abraderAI/crm-project/api/internal/config/config.go:153.2,153.22 1 1
github.com/abraderAI/crm-project/api/internal/config/config.go:153.22,155.3 1 1
github.com/abraderAI/crm-project/api/internal/config/config.go:156.2,156.15 1 1
github.com/abraderAI/crm-project/api/internal/config/rbac-policy.go:39.55,41.16 2 1
github.com/abraderAI/crm-project/api/internal/config/rbac-policy.go:41.16,43.3 1 1
github.com/abraderAI/crm-project/api/internal/config/rbac-policy.go:45.2,45.30 1 1
github.com/abraderAI/crm-project/api/internal/config/rbac-policy.go:49.56,51.54 2 1
github.com/abraderAI/crm-project/api/internal/config/rbac-policy.go:51.54,53.3 1 1
github.com/abraderAI/crm-project/api/internal/config/rbac-policy.go:55.2,55.42 1 1
github.com/abraderAI/crm-project/api/internal/config/rbac-policy.go:55.42,57.3 1 1
github.com/abraderAI/crm-project/api/internal/config/rbac-policy.go:59.2,60.21 2 1
github.com/abraderAI/crm-project/api/internal/config/rbac-policy.go:63.39,64.33 1 1
github.com/abraderAI/crm-project/api/internal/config/rbac-policy.go:64.33,66.3 1 1
github.com/abraderAI/crm-project/api/internal/config/rbac-policy.go:68.2,68.34 1 1
github.com/abraderAI/crm-project/api/internal/config/rbac-policy.go:68.34,70.3 1 1
github.com/abraderAI/crm-project/api/internal/config/rbac-policy.go:72.2,72.33 1 1
github.com/abraderAI/crm-project/api/internal/config/rbac-policy.go:72.33,74.3 1 1
github.com/abraderAI/crm-project/api/internal/config/rbac-policy.go:76.2,76.35 1 1
github.com/abraderAI/crm-project/api/internal/config/rbac-policy.go:76.35,78.3 1 1
github.com/abraderAI/crm-project/api/internal/config/rbac-policy.go:81.2,81.41 1 1
github.com/abraderAI/crm-project/api/internal/config/rbac-policy.go:81.41,82.46 1 1
github.com/abraderAI/crm-project/api/internal/config/rbac-policy.go:82.46,84.4 1 1
github.com/abraderAI/crm-project/api/internal/config/rbac-policy.go:88.2,89.38 2 1
github.com/abraderAI/crm-project/api/internal/config/rbac-policy.go:89.38,91.3 1 1
github.com/abraderAI/crm-project/api/internal/config/rbac-policy.go:93.2,98.35 2 1
github.com/abraderAI/crm-project/api/internal/config/rbac-policy.go:98.35,99.40 1 1
github.com/abraderAI/crm-project/api/internal/config/rbac-policy.go:99.40,101.4 1 1
github.com/abraderAI/crm-project/api/internal/config/rbac-policy.go:104.2,104.12 1 1
github.com/abraderAI/crm-project/api/internal/config/rbac-policy.go:107.36,109.41 2 1
github.com/abraderAI/crm-project/api/internal/config/rbac-policy.go:109.41,111.3 1 1
github.com/abraderAI/crm-project/api/internal/config/rbac-policy.go:113.2,114.47 2 1
github.com/abraderAI/crm-project/api/internal/config/rbac-policy.go:114.47,118.3 3 1
github.com/abraderAI/crm-project/api/internal/config/rbac-policy.go:123.48,124.39 1 1
github.com/abraderAI/crm-project/api/internal/config/rbac-policy.go:124.39,126.3 1 1
github.com/abraderAI/crm-project/api/internal/config/rbac-policy.go:127.2,127.11 1 1
github.com/abraderAI/crm-project/api/internal/config/rbac-policy.go:131.66,133.9 2 1
github.com/abraderAI/crm-project/api/internal/config/rbac-policy.go:133.9,135.3 1 1
github.com/abraderAI/crm-project/api/internal/config/rbac-policy.go:136.2,136.26 1 1
github.com/abraderAI/crm-project/api/internal/config/rbac-policy.go:136.26,137.22 1 1
github.com/abraderAI/crm-project/api/internal/config/rbac-policy.go:137.22,139.4 1 1
github.com/abraderAI/crm-project/api/internal/config/rbac-policy.go:141.2,141.14 1 1
github.com/abraderAI/crm-project/api/internal/config/rbac-policy.go:145.60,146.40 1 1
github.com/abraderAI/crm-project/api/internal/config/rbac-policy.go:146.40,150.3 3 1
github.com/abraderAI/crm-project/api/internal/config/rbac-policy.go:151.2,151.12 1 1
github.com/abraderAI/crm-project/api/internal/config/rbac-policy.go:155.64,157.2 1 1
github.com/abraderAI/crm-project/api/internal/database/database.go:16.42,18.29 2 1
github.com/abraderAI/crm-project/api/internal/database/database.go:18.29,19.49 1 1
github.com/abraderAI/crm-project/api/internal/database/database.go:19.49,21.4 1 1
github.com/abraderAI/crm-project/api/internal/database/database.go:24.2,27.16 2 1
github.com/abraderAI/crm-project/api/internal/database/database.go:27.16,29.3 1 0
github.com/abraderAI/crm-project/api/internal/database/database.go:32.2,33.16 2 1
github.com/abraderAI/crm-project/api/internal/database/database.go:33.16,35.3 1 0
github.com/abraderAI/crm-project/api/internal/database/database.go:37.2,37.66 1 1
github.com/abraderAI/crm-project/api/internal/database/database.go:37.66,39.3 1 0
github.com/abraderAI/crm-project/api/internal/database/database.go:41.2,41.16 1 1
github.com/abraderAI/crm-project/api/internal/database/migrate.go:12.24,33.2 1 1
github.com/abraderAI/crm-project/api/internal/database/migrate.go:37.33,38.55 1 1
github.com/abraderAI/crm-project/api/internal/database/migrate.go:38.55,40.3 1 0
github.com/abraderAI/crm-project/api/internal/database/migrate.go:42.2,42.51 1 1
github.com/abraderAI/crm-project/api/internal/database/migrate.go:42.51,44.3 1 0
github.com/abraderAI/crm-project/api/internal/database/migrate.go:46.2,46.45 1 1
github.com/abraderAI/crm-project/api/internal/database/migrate.go:46.45,48.3 1 0
github.com/abraderAI/crm-project/api/internal/database/migrate.go:50.2,50.42 1 1
github.com/abraderAI/crm-project/api/internal/database/migrate.go:50.42,52.3 1 0
github.com/abraderAI/crm-project/api/internal/database/migrate.go:54.2,54.12 1 1
github.com/abraderAI/crm-project/api/internal/database/migrate.go:59.48,68.33 2 1
github.com/abraderAI/crm-project/api/internal/database/migrate.go:68.33,69.87 1 1
github.com/abraderAI/crm-project/api/internal/database/migrate.go:69.87,71.4 1 0
github.com/abraderAI/crm-project/api/internal/database/migrate.go:75.2,84.36 2 1
github.com/abraderAI/crm-project/api/internal/database/migrate.go:84.36,85.90 1 1
github.com/abraderAI/crm-project/api/internal/database/migrate.go:85.90,87.4 1 0
github.com/abraderAI/crm-project/api/internal/database/migrate.go:90.2,90.12 1 1
github.com/abraderAI/crm-project/api/internal/database/migrate.go:95.83,99.41 4 1
github.com/abraderAI/crm-project/api/internal/database/migrate.go:99.41,101.3 1 0
github.com/abraderAI/crm-project/api/internal/database/migrate.go:102.2,102.15 1 1
github.com/abraderAI/crm-project/api/internal/database/migrate.go:102.15,104.3 1 1
github.com/abraderAI/crm-project/api/internal/database/migrate.go:105.2,109.46 2 1
github.com/abraderAI/crm-project/api/internal/database/migrate.go:109.46,111.3 1 0
github.com/abraderAI/crm-project/api/internal/database/migrate.go:112.2,112.12 1 1
github.com/abraderAI/crm-project/api/internal/database/migrate.go:116.42,129.31 2 1
github.com/abraderAI/crm-project/api/internal/database/migrate.go:129.31,135.50 2 1
github.com/abraderAI/crm-project/api/internal/database/migrate.go:135.50,137.4 1 0
github.com/abraderAI/crm-project/api/internal/database/migrate.go:140.3,140.84 1 1
github.com/abraderAI/crm-project/api/internal/database/migrate.go:140.84,142.4 1 0
github.com/abraderAI/crm-project/api/internal/database/migrate.go:145.2,145.12 1 1
github.com/abraderAI/crm-project/api/internal/database/migrate.go:149.83,176.35 2 1
github.com/abraderAI/crm-project/api/internal/database/migrate.go:176.35,177.48 1 1
github.com/abraderAI/crm-project/api/internal/database/migrate.go:177.48,179.4 1 0
github.com/abraderAI/crm-project/api/internal/database/migrate.go:182.2,182.12 1 1
github.com/abraderAI/crm-project/api/internal/database/migrate.go:187.51,191.37 4 1
github.com/abraderAI/crm-project/api/internal/database/migrate.go:191.37,192.45 1 1
github.com/abraderAI/crm-project/api/internal/database/migrate.go:192.45,193.14 1 1
github.com/abraderAI/crm-project/api/internal/database/migrate.go:193.14,196.39 2 1
github.com/abraderAI/crm-project/api/internal/database/migrate.go:196.39,198.6 1 1
github.com/abraderAI/crm-project/api/internal/database/migrate.go:199.5,199.48 1 1
github.com/abraderAI/crm-project/api/internal/database/migrate.go:199.48,201.6 1 1
github.com/abraderAI/crm-project/api/internal/database/migrate.go:202.5,202.21 1 1
github.com/abraderAI/crm-project/api/internal/database/migrate.go:202.21,204.6 1 1
github.com/abraderAI/crm-project/api/internal/database/migrate.go:205.5,205.33 1 1
github.com/abraderAI/crm-project/api/internal/database/migrate.go:207.4,207.18 1 1
github.com/abraderAI/crm-project/api/internal/database/migrate.go:208.9,208.21 1 1
github.com/abraderAI/crm-project/api/internal/database/migrate.go:208.21,211.4 2 1
github.com/abraderAI/crm-project/api/internal/database/migrate.go:213.2,213.15 1 1
github.com/abraderAI/crm-project/api/internal/database/migrate.go:217.39,241.30 2 1
github.com/abraderAI/crm-project/api/internal/database/migrate.go:241.30,242.44 1 1
github.com/abraderAI/crm-project/api/internal/database/migrate.go:242.44,244.4 1 0
github.com/abraderAI/crm-project/api/internal/database/migrate.go:247.2,247.12 1 1
github.com/abraderAI/crm-project/api/internal/health/health.go:23.39,25.2 1 1
github.com/abraderAI/crm-project/api/internal/health/health.go:28.67,30.2 1 1
github.com/abraderAI/crm-project/api/internal/health/health.go:33.66,38.16 3 1
github.com/abraderAI/crm-project/api/internal/health/health.go:38.16,45.3 3 0
github.com/abraderAI/crm-project/api/internal/health/health.go:47.2,47.37 1 1
github.com/abraderAI/crm-project/api/internal/health/health.go:47.37,54.3 3 1
github.com/abraderAI/crm-project/api/internal/health/health.go:56.2,60.4 2 1
github.com/abraderAI/crm-project/api/internal/health/health.go:63.61,67.2 3 1
github.com/abraderAI/crm-project/api/internal/membership/handler.go:28.44,30.2 1 0
github.com/abraderAI/crm-project/api/internal/membership/handler.go:35.72,38.63 3 0
github.com/abraderAI/crm-project/api/internal/membership/handler.go:38.63,41.3 2 0
github.com/abraderAI/crm-project/api/internal/membership/handler.go:42.2,42.24 1 0
github.com/abraderAI/crm-project/api/internal/membership/handler.go:42.24,45.3 2 0
github.com/abraderAI/crm-project/api/internal/membership/handler.go:46.2,46.22 1 0
github.com/abraderAI/crm-project/api/internal/membership/handler.go:46.22,48.3 1 0
github.com/abraderAI/crm-project/api/internal/membership/handler.go:49.2,49.27 1 0
github.com/abraderAI/crm-project/api/internal/membership/handler.go:49.27,52.3 2 0
github.com/abraderAI/crm-project/api/internal/membership/handler.go:54.2,55.60 2 0
github.com/abraderAI/crm-project/api/internal/membership/handler.go:55.60,58.3 2 0
github.com/abraderAI/crm-project/api/internal/membership/handler.go:59.2,59.24 1 0
github.com/abraderAI/crm-project/api/internal/membership/handler.go:63.74,66.16 3 0
github.com/abraderAI/crm-project/api/internal/membership/handler.go:66.16,69.3 2 0
github.com/abraderAI/crm-project/api/internal/membership/handler.go:70.2,70.66 1 0
github.com/abraderAI/crm-project/api/internal/membership/handler.go:74.75,81.63 4 0
github.com/abraderAI/crm-project/api/internal/membership/handler.go:81.63,84.3 2 0
github.com/abraderAI/crm-project/api/internal/membership/handler.go:85.2,85.27 1 0
github.com/abraderAI/crm-project/api/internal/membership/handler.go:85.27,88.3 2 0
github.com/abraderAI/crm-project/api/internal/membership/handler.go:90.2,91.16 2 0
github.com/abraderAI/crm-project/api/internal/membership/handler.go:91.16,94.3 2 0
github.com/abraderAI/crm-project/api/internal/membership/handler.go:95.2,95.14 1 0
github.com/abraderAI/crm-project/api/internal/membership/handler.go:95.14,98.3 2 0
github.com/abraderAI/crm-project/api/internal/membership/handler.go:99.2,100.63 2 0
github.com/abraderAI/crm-project/api/internal/membership/handler.go:100.63,103.3 2 0
github.com/abraderAI/crm-project/api/internal/membership/handler.go:104.2,104.36 1 0
github.com/abraderAI/crm-project/api/internal/membership/handler.go:108.75,114.16 4 0
github.com/abraderAI/crm-project/api/internal/membership/handler.go:114.16,117.3 2 0
github.com/abraderAI/crm-project/api/internal/membership/handler.go:118.2,118.14 1 0
github.com/abraderAI/crm-project/api/internal/membership/handler.go:118.14,121.3 2 0
github.com/abraderAI/crm-project/api/internal/membership/handler.go:122.2,122.32 1 0
github.com/abraderAI/crm-project/api/internal/membership/handler.go:122.32,124.17 2 0
github.com/abraderAI/crm-project/api/internal/membership/handler.go:124.17,127.4 2 0
github.com/abraderAI/crm-project/api/internal/membership/handler.go:128.3,128.17 1 0
github.com/abraderAI/crm-project/api/internal/membership/handler.go:128.17,131.4 2 0
github.com/abraderAI/crm-project/api/internal/membership/handler.go:134.2,134.75 1 0
github.com/abraderAI/crm-project/api/internal/membership/handler.go:134.75,135.45 1 0
github.com/abraderAI/crm-project/api/internal/membership/handler.go:135.45,138.4 2 0
github.com/abraderAI/crm-project/api/internal/membership/handler.go:139.3,140.9 2 0
github.com/abraderAI/crm-project/api/internal/membership/handler.go:142.2,142.23 1 0
github.com/abraderAI/crm-project/api/internal/membership/handler.go:148.74,151.63 3 0
github.com/abraderAI/crm-project/api/internal/membership/handler.go:151.63,154.3 2 0
github.com/abraderAI/crm-project/api/internal/membership/handler.go:155.2,155.24 1 0
github.com/abraderAI/crm-project/api/internal/membership/handler.go:155.24,158.3 2 0
github.com/abraderAI/crm-project/api/internal/membership/handler.go:159.2,159.22 1 0
github.com/abraderAI/crm-project/api/internal/membership/handler.go:159.22,161.3 1 0
github.com/abraderAI/crm-project/api/internal/membership/handler.go:162.2,162.27 1 0
github.com/abraderAI/crm-project/api/internal/membership/handler.go:162.27,165.3 2 0
github.com/abraderAI/crm-project/api/internal/membership/handler.go:167.2,168.62 2 0
github.com/abraderAI/crm-project/api/internal/membership/handler.go:168.62,171.3 2 0
github.com/abraderAI/crm-project/api/internal/membership/handler.go:172.2,172.24 1 0
github.com/abraderAI/crm-project/api/internal/membership/handler.go:176.76,179.16 3 0
github.com/abraderAI/crm-project/api/internal/membership/handler.go:179.16,182.3 2 0
github.com/abraderAI/crm-project/api/internal/membership/handler.go:183.2,183.66 1 0
github.com/abraderAI/crm-project/api/internal/membership/handler.go:187.77,191.79 3 0
github.com/abraderAI/crm-project/api/internal/membership/handler.go:191.79,192.45 1 0
github.com/abraderAI/crm-project/api/internal/membership/handler.go:192.45,195.4 2 0
github.com/abraderAI/crm-project/api/internal/membership/handler.go:196.3,197.9 2 0
github.com/abraderAI/crm-project/api/internal/membership/handler.go:199.2,199.23 1 0
github.com/abraderAI/crm-project/api/internal/membership/handler.go:205.74,208.63 3 0
github.com/abraderAI/crm-project/api/internal/membership/handler.go:208.63,211.3 2 0
github.com/abraderAI/crm-project/api/internal/membership/handler.go:212.2,212.24 1 0
github.com/abraderAI/crm-project/api/internal/membership/handler.go:212.24,215.3 2 0
github.com/abraderAI/crm-project/api/internal/membership/handler.go:216.2,216.22 1 0
github.com/abraderAI/crm-project/api/internal/membership/handler.go:216.22,218.3 1 0
github.com/abraderAI/crm-project/api/internal/membership/handler.go:219.2,219.27 1 0
github.com/abraderAI/crm-project/api/internal/membership/handler.go:219.27,222.3 2 0
github.com/abraderAI/crm-project/api/internal/membership/handler.go:224.2,225.62 2 0
github.com/abraderAI/crm-project/api/internal/membership/handler.go:225.62,228.3 2 0
github.com/abraderAI/crm-project/api/internal/membership/handler.go:229.2,229.24 1 0
github.com/abraderAI/crm-project/api/internal/membership/handler.go:233.76,236.16 3 0
github.com/abraderAI/crm-project/api/internal/membership/handler.go:236.16,239.3 2 0
github.com/abraderAI/crm-project/api/internal/membership/handler.go:240.2,240.66 1 0
github.com/abraderAI/crm-project/api/internal/membership/handler.go:244.77,248.79 3 0
github.com/abraderAI/crm-project/api/internal/membership/handler.go:248.79,249.45 1 0
github.com/abraderAI/crm-project/api/internal/membership/handler.go:249.45,252.4 2 0
github.com/abraderAI/crm-project/api/internal/membership/handler.go:253.3,254.9 2 0
github.com/abraderAI/crm-project/api/internal/membership/handler.go:256.2,256.23 1 0
github.com/abraderAI/crm-project/api/internal/membership/repository.go:20.45,22.2 1 1
github.com/abraderAI/crm-project/api/internal/membership/repository.go:27.87,28.62 1 1
github.com/abraderAI/crm-project/api/internal/membership/repository.go:28.62,30.3 1 1
github.com/abraderAI/crm-project/api/internal/membership/repository.go:31.2,31.12 1 1
github.com/abraderAI/crm-project/api/internal/membership/repository.go:35.109,37.113 2 1
github.com/abraderAI/crm-project/api/internal/membership/repository.go:37.113,38.45 1 1
github.com/abraderAI/crm-project/api/internal/membership/repository.go:38.45,40.4 1 1
github.com/abraderAI/crm-project/api/internal/membership/repository.go:41.3,41.56 1 0
github.com/abraderAI/crm-project/api/internal/membership/repository.go:43.2,43.16 1 1
github.com/abraderAI/crm-project/api/internal/membership/repository.go:47.104,49.94 2 1
github.com/abraderAI/crm-project/api/internal/membership/repository.go:49.94,51.3 1 0
github.com/abraderAI/crm-project/api/internal/membership/repository.go:52.2,52.21 1 1
github.com/abraderAI/crm-project/api/internal/membership/repository.go:56.90,57.60 1 1
github.com/abraderAI/crm-project/api/internal/membership/repository.go:57.60,59.3 1 0
github.com/abraderAI/crm-project/api/internal/membership/repository.go:60.2,60.12 1 1
github.com/abraderAI/crm-project/api/internal/membership/repository.go:64.87,66.25 2 1
github.com/abraderAI/crm-project/api/internal/membership/repository.go:66.25,68.3 1 0
github.com/abraderAI/crm-project/api/internal/membership/repository.go:69.2,69.30 1 1
github.com/abraderAI/crm-project/api/internal/membership/repository.go:69.30,71.3 1 1
github.com/abraderAI/crm-project/api/internal/membership/repository.go:72.2,72.12 1 1
github.com/abraderAI/crm-project/api/internal/membership/repository.go:76.87,79.93 2 1
github.com/abraderAI/crm-project/api/internal/membership/repository.go:79.93,81.3 1 0
github.com/abraderAI/crm-project/api/internal/membership/repository.go:82.2,82.19 1 1
github.com/abraderAI/crm-project/api/internal/membership/repository.go:88.91,89.62 1 1
github.com/abraderAI/crm-project/api/internal/membership/repository.go:89.62,91.3 1 0
github.com/abraderAI/crm-project/api/internal/membership/repository.go:92.2,92.12 1 1
github.com/abraderAI/crm-project/api/internal/membership/repository.go:96.115,98.117 2 1
github.com/abraderAI/crm-project/api/internal/membership/repository.go:98.117,99.45 1 1
github.com/abraderAI/crm-project/api/internal/membership/repository.go:99.45,101.4 1 1
github.com/abraderAI/crm-project/api/internal/membership/repository.go:102.3,102.58 1 0
github.com/abraderAI/crm-project/api/internal/membership/repository.go:104.2,104.16 1 1
github.com/abraderAI/crm-project/api/internal/membership/repository.go:108.110,110.98 2 1
github.com/abraderAI/crm-project/api/internal/membership/repository.go:110.98,112.3 1 0
github.com/abraderAI/crm-project/api/internal/membership/repository.go:113.2,113.21 1 1
github.com/abraderAI/crm-project/api/internal/membership/repository.go:117.94,118.60 1 1
github.com/abraderAI/crm-project/api/internal/membership/repository.go:118.60,120.3 1 0
github.com/abraderAI/crm-project/api/internal/membership/repository.go:121.2,121.12 1 1
github.com/abraderAI/crm-project/api/internal/membership/repository.go:125.91,127.25 2 1
github.com/abraderAI/crm-project/api/internal/membership/repository.go:127.25,129.3 1 0
github.com/abraderAI/crm-project/api/internal/membership/repository.go:130.2,130.30 1 1
github.com/abraderAI/crm-project/api/internal/membership/repository.go:130.30,132.3 1 0
github.com/abraderAI/crm-project/api/internal/membership/repository.go:133.2,133.12 1 1
github.com/abraderAI/crm-project/api/internal/membership/repository.go:139.91,140.62 1 1
github.com/abraderAI/crm-project/api/internal/membership/repository.go:140.62,142.3 1 0
github.com/abraderAI/crm-project/api/internal/membership/repository.go:143.2,143.12 1 1
github.com/abraderAI/crm-project/api/internal/membership/repository.go:147.115,149.117 2 1
github.com/abraderAI/crm-project/api/internal/membership/repository.go:149.117,150.45 1 1
github.com/abraderAI/crm-project/api/internal/membership/repository.go:150.45,152.4 1 1
github.com/abraderAI/crm-project/api/internal/membership/repository.go:153.3,153.58 1 0
github.com/abraderAI/crm-project/api/internal/membership/repository.go:155.2,155.16 1 1
github.com/abraderAI/crm-project/api/internal/membership/repository.go:159.110,161.98 2 1
github.com/abraderAI/crm-project/api/internal/membership/repository.go:161.98,163.3 1 0
github.com/abraderAI/crm-project/api/internal/membership/repository.go:164.2,164.21 1 1
github.com/abraderAI/crm-project/api/internal/membership/repository.go:168.94,169.60 1 1
github.com/abraderAI/crm-project/api/internal/membership/repository.go:169.60,171.3 1 0
github.com/abraderAI/crm-project/api/internal/membership/repository.go:172.2,172.12 1 1
github.com/abraderAI/crm-project/api/internal/membership/repository.go:176.91,178.25 2 1
github.com/abraderAI/crm-project/api/internal/membership/repository.go:178.25,180.3 1 0
github.com/abraderAI/crm-project/api/internal/membership/repository.go:181.2,181.30 1 1
github.com/abraderAI/crm-project/api/internal/membership/repository.go:181.30,183.3 1 0
github.com/abraderAI/crm-project/api/internal/membership/repository.go:184.2,184.12 1 1
github.com/abraderAI/crm-project/api/internal/message/handler.go:21.44,23.2 1 0
github.com/abraderAI/crm-project/api/internal/message/handler.go:26.66,31.15 4 0
github.com/abraderAI/crm-project/api/internal/message/handler.go:31.15,33.3 1 0
github.com/abraderAI/crm-project/api/internal/message/handler.go:35.2,36.63 2 0
github.com/abraderAI/crm-project/api/internal/message/handler.go:36.63,39.3 2 0
github.com/abraderAI/crm-project/api/internal/message/handler.go:42.2,43.16 2 0
github.com/abraderAI/crm-project/api/internal/message/handler.go:43.16,44.40 1 0
github.com/abraderAI/crm-project/api/internal/message/handler.go:44.40,47.4 2 0
github.com/abraderAI/crm-project/api/internal/message/handler.go:48.3,49.9 2 0
github.com/abraderAI/crm-project/api/internal/message/handler.go:52.2,52.26 1 0
github.com/abraderAI/crm-project/api/internal/message/handler.go:56.64,61.16 4 0
github.com/abraderAI/crm-project/api/internal/message/handler.go:61.16,64.3 2 0
github.com/abraderAI/crm-project/api/internal/message/handler.go:66.2,69.4 1 0
github.com/abraderAI/crm-project/api/internal/message/handler.go:73.63,78.16 4 0
github.com/abraderAI/crm-project/api/internal/message/handler.go:78.16,81.3 2 0
github.com/abraderAI/crm-project/api/internal/message/handler.go:82.2,82.16 1 0
github.com/abraderAI/crm-project/api/internal/message/handler.go:82.16,85.3 2 0
github.com/abraderAI/crm-project/api/internal/message/handler.go:87.2,87.38 1 0
github.com/abraderAI/crm-project/api/internal/message/handler.go:91.66,97.15 5 0
github.com/abraderAI/crm-project/api/internal/message/handler.go:97.15,99.3 1 0
github.com/abraderAI/crm-project/api/internal/message/handler.go:101.2,102.63 2 0
github.com/abraderAI/crm-project/api/internal/message/handler.go:102.63,105.3 2 0
github.com/abraderAI/crm-project/api/internal/message/handler.go:107.2,108.16 2 0
github.com/abraderAI/crm-project/api/internal/message/handler.go:108.16,109.63 1 0
github.com/abraderAI/crm-project/api/internal/message/handler.go:109.63,112.4 2 0
github.com/abraderAI/crm-project/api/internal/message/handler.go:113.3,114.9 2 0
github.com/abraderAI/crm-project/api/internal/message/handler.go:116.2,116.16 1 0
github.com/abraderAI/crm-project/api/internal/message/handler.go:116.16,119.3 2 0
github.com/abraderAI/crm-project/api/internal/message/handler.go:121.2,121.38 1 0
github.com/abraderAI/crm-project/api/internal/message/handler.go:125.66,129.71 3 0
github.com/abraderAI/crm-project/api/internal/message/handler.go:129.71,130.33 1 0
github.com/abraderAI/crm-project/api/internal/message/handler.go:130.33,133.4 2 0
github.com/abraderAI/crm-project/api/internal/message/handler.go:134.3,135.9 2 0
github.com/abraderAI/crm-project/api/internal/message/handler.go:138.2,138.23 1 0
github.com/abraderAI/crm-project/api/internal/message/repository.go:22.45,24.2 1 1
github.com/abraderAI/crm-project/api/internal/message/repository.go:27.77,28.64 1 1
github.com/abraderAI/crm-project/api/internal/message/repository.go:28.64,30.3 1 0
github.com/abraderAI/crm-project/api/internal/message/repository.go:31.2,31.12 1 1
github.com/abraderAI/crm-project/api/internal/message/repository.go:35.98,39.33 2 1
github.com/abraderAI/crm-project/api/internal/message/repository.go:39.33,40.45 1 1
github.com/abraderAI/crm-project/api/internal/message/repository.go:40.45,42.4 1 1
github.com/abraderAI/crm-project/api/internal/message/repository.go:43.3,43.53 1 0
github.com/abraderAI/crm-project/api/internal/message/repository.go:45.2,45.18 1 1
github.com/abraderAI/crm-project/api/internal/message/repository.go:49.139,53.25 3 1
github.com/abraderAI/crm-project/api/internal/message/repository.go:53.25,55.17 2 0
github.com/abraderAI/crm-project/api/internal/message/repository.go:55.17,57.4 1 0
github.com/abraderAI/crm-project/api/internal/message/repository.go:58.3,58.51 1 0
github.com/abraderAI/crm-project/api/internal/message/repository.go:61.2,61.76 1 1
github.com/abraderAI/crm-project/api/internal/message/repository.go:61.76,63.3 1 0
github.com/abraderAI/crm-project/api/internal/message/repository.go:65.2,66.34 2 1
github.com/abraderAI/crm-project/api/internal/message/repository.go:66.34,71.3 4 1
github.com/abraderAI/crm-project/api/internal/message/repository.go:73.2,73.32 1 1
github.com/abraderAI/crm-project/api/internal/message/repository.go:77.77,78.62 1 1
github.com/abraderAI/crm-project/api/internal/message/repository.go:78.62,80.3 1 0
github.com/abraderAI/crm-project/api/internal/message/repository.go:81.2,81.12 1 1
github.com/abraderAI/crm-project/api/internal/message/repository.go:85.67,87.25 2 1
github.com/abraderAI/crm-project/api/internal/message/repository.go:87.25,89.3 1 0
github.com/abraderAI/crm-project/api/internal/message/repository.go:90.2,90.30 1 1
github.com/abraderAI/crm-project/api/internal/message/repository.go:90.30,92.3 1 0
github.com/abraderAI/crm-project/api/internal/message/repository.go:93.2,93.12 1 1
github.com/abraderAI/crm-project/api/internal/message/repository.go:97.86,98.64 1 1
github.com/abraderAI/crm-project/api/internal/message/repository.go:98.64,100.3 1 0
github.com/abraderAI/crm-project/api/internal/message/repository.go:101.2,101.12 1 1
github.com/abraderAI/crm-project/api/internal/message/service.go:18.44,20.2 1 1
github.com/abraderAI/crm-project/api/internal/message/service.go:31.137,32.18 1 1
github.com/abraderAI/crm-project/api/internal/message/service.go:32.18,34.3 1 1
github.com/abraderAI/crm-project/api/internal/message/service.go:35.2,35.22 1 1
github.com/abraderAI/crm-project/api/internal/message/service.go:35.22,37.3 1 1
github.com/abraderAI/crm-project/api/internal/message/service.go:38.2,38.22 1 1
github.com/abraderAI/crm-project/api/internal/message/service.go:38.22,40.3 1 1
github.com/abraderAI/crm-project/api/internal/message/service.go:41.2,41.27 1 1
github.com/abraderAI/crm-project/api/internal/message/service.go:41.27,43.3 1 1
github.com/abraderAI/crm-project/api/internal/message/service.go:44.2,44.26 1 1
github.com/abraderAI/crm-project/api/internal/message/service.go:44.26,46.3 1 1
github.com/abraderAI/crm-project/api/internal/message/service.go:48.2,55.48 2 1
github.com/abraderAI/crm-project/api/internal/message/service.go:55.48,57.3 1 0
github.com/abraderAI/crm-project/api/internal/message/service.go:58.2,58.17 1 1
github.com/abraderAI/crm-project/api/internal/message/service.go:62.90,64.2 1 1
github.com/abraderAI/crm-project/api/internal/message/service.go:67.136,69.2 1 1
github.com/abraderAI/crm-project/api/internal/message/service.go:77.125,79.16 2 1
github.com/abraderAI/crm-project/api/internal/message/service.go:79.16,81.3 1 0
github.com/abraderAI/crm-project/api/internal/message/service.go:82.2,82.16 1 1
github.com/abraderAI/crm-project/api/internal/message/service.go:82.16,84.3 1 1
github.com/abraderAI/crm-project/api/internal/message/service.go:87.2,87.30 1 1
github.com/abraderAI/crm-project/api/internal/message/service.go:87.30,89.3 1 1
github.com/abraderAI/crm-project/api/internal/message/service.go:92.2,97.23 3 1
github.com/abraderAI/crm-project/api/internal/message/service.go:97.23,99.3 1 1
github.com/abraderAI/crm-project/api/internal/message/service.go:101.2,101.48 1 1
github.com/abraderAI/crm-project/api/internal/message/service.go:101.48,103.3 1 0
github.com/abraderAI/crm-project/api/internal/message/service.go:106.2,114.17 3 1
github.com/abraderAI/crm-project/api/internal/message/service.go:118.77,120.16 2 1
github.com/abraderAI/crm-project/api/internal/message/service.go:120.16,122.3 1 0
github.com/abraderAI/crm-project/api/internal/message/service.go:123.2,123.16 1 1
github.com/abraderAI/crm-project/api/internal/message/service.go:123.16,125.3 1 1
github.com/abraderAI/crm-project/api/internal/message/service.go:126.2,126.35 1 1
github.com/abraderAI/crm-project/api/internal/middleware/content-type.go:12.50,13.71 1 1
github.com/abraderAI/crm-project/api/internal/middleware/content-type.go:13.71,14.52 1 1
github.com/abraderAI/crm-project/api/internal/middleware/content-type.go:14.52,16.19 2 1
github.com/abraderAI/crm-project/api/internal/middleware/content-type.go:16.19,19.5 2 1
github.com/abraderAI/crm-project/api/internal/middleware/content-type.go:22.3,22.23 1 1
github.com/abraderAI/crm-project/api/internal/middleware/content-type.go:26.39,27.16 1 1
github.com/abraderAI/crm-project/api/internal/middleware/content-type.go:28.57,29.14 1 1
github.com/abraderAI/crm-project/api/internal/middleware/content-type.go:30.10,31.15 1 1
github.com/abraderAI/crm-project/api/internal/middleware/content-type.go:35.38,38.2 2 1
github.com/abraderAI/crm-project/api/internal/middleware/cors.go:9.68,11.35 2 1
github.com/abraderAI/crm-project/api/internal/middleware/cors.go:11.35,13.3 1 1
github.com/abraderAI/crm-project/api/internal/middleware/cors.go:15.2,15.46 1 1
github.com/abraderAI/crm-project/api/internal/middleware/cors.go:15.46,16.72 1 1
github.com/abraderAI/crm-project/api/internal/middleware/cors.go:16.72,19.41 2 1
github.com/abraderAI/crm-project/api/internal/middleware/cors.go:19.41,26.5 6 1
github.com/abraderAI/crm-project/api/internal/middleware/cors.go:28.4,28.38 1 1
github.com/abraderAI/crm-project/api/internal/middleware/cors.go:28.38,31.5 2 1
github.com/abraderAI/crm-project/api/internal/middleware/cors.go:33.4,33.24 1 1
github.com/abraderAI/crm-project/api/internal/middleware/logging.go:16.63,18.2 1 1
github.com/abraderAI/crm-project/api/internal/middleware/logging.go:21.49,22.17 1 1
github.com/abraderAI/crm-project/api/internal/middleware/logging.go:22.17,25.3 2 1
github.com/abraderAI/crm-project/api/internal/middleware/logging.go:26.2,26.37 1 1
github.com/abraderAI/crm-project/api/internal/middleware/logging.go:30.56,31.17 1 1
github.com/abraderAI/crm-project/api/internal/middleware/logging.go:31.17,33.3 1 1
github.com/abraderAI/crm-project/api/internal/middleware/logging.go:34.2,34.35 1 1
github.com/abraderAI/crm-project/api/internal/middleware/logging.go:38.67,39.46 1 1
github.com/abraderAI/crm-project/api/internal/middleware/logging.go:39.46,40.72 1 1
github.com/abraderAI/crm-project/api/internal/middleware/logging.go:40.72,57.4 6 1
github.com/abraderAI/crm-project/api/internal/middleware/recovery.go:12.68,13.46 1 1
github.com/abraderAI/crm-project/api/internal/middleware/recovery.go:13.46,14.72 1 1
github.com/abraderAI/crm-project/api/internal/middleware/recovery.go:14.72,15.17 1 1
github.com/abraderAI/crm-project/api/internal/middleware/recovery.go:15.17,16.37 1 1
github.com/abraderAI/crm-project/api/internal/middleware/recovery.go:16.37,24.6 3 1
github.com/abraderAI/crm-project/api/internal/middleware/recovery.go:26.4,26.24 1 1
github.com/abraderAI/crm-project/api/internal/middleware/request-id.go:17.48,18.71 1 1
github.com/abraderAI/crm-project/api/internal/middleware/request-id.go:18.71,20.15 2 1
github.com/abraderAI/crm-project/api/internal/middleware/request-id.go:20.15,22.4 1 1
github.com/abraderAI/crm-project/api/internal/middleware/request-id.go:24.3,26.40 3 1
github.com/abraderAI/crm-project/api/internal/middleware/request-id.go:31.47,32.52 1 1
github.com/abraderAI/crm-project/api/internal/middleware/request-id.go:32.52,34.3 1 1
github.com/abraderAI/crm-project/api/internal/middleware/request-id.go:35.2,35.11 1 1
github.com/abraderAI/crm-project/api/internal/auth/api-key.go:37.51,39.2 1 1
github.com/abraderAI/crm-project/api/internal/auth/api-key.go:53.103,55.16 2 1
github.com/abraderAI/crm-project/api/internal/auth/api-key.go:55.16,57.3 1 0
github.com/abraderAI/crm-project/api/internal/auth/api-key.go:59.2,70.50 4 1
github.com/abraderAI/crm-project/api/internal/auth/api-key.go:70.50,72.3 1 0
github.com/abraderAI/crm-project/api/internal/auth/api-key.go:74.2,82.8 1 1
github.com/abraderAI/crm-project/api/internal/auth/api-key.go:86.73,88.74 2 1
github.com/abraderAI/crm-project/api/internal/auth/api-key.go:88.74,90.3 1 0
github.com/abraderAI/crm-project/api/internal/auth/api-key.go:91.2,91.18 1 1
github.com/abraderAI/crm-project/api/internal/auth/api-key.go:95.62,97.25 2 1
github.com/abraderAI/crm-project/api/internal/auth/api-key.go:97.25,99.3 1 0
github.com/abraderAI/crm-project/api/internal/auth/api-key.go:100.2,100.30 1 1
github.com/abraderAI/crm-project/api/internal/auth/api-key.go:100.30,102.3 1 1
github.com/abraderAI/crm-project/api/internal/auth/api-key.go:103.2,103.12 1 1
github.com/abraderAI/crm-project/api/internal/auth/api-key.go:107.76,108.83 1 1
github.com/abraderAI/crm-project/api/internal/auth/api-key.go:108.83,110.3 1 1
github.com/abraderAI/crm-project/api/internal/auth/api-key.go:112.2,114.75 3 1
github.com/abraderAI/crm-project/api/internal/auth/api-key.go:114.75,115.45 1 1
github.com/abraderAI/crm-project/api/internal/auth/api-key.go:115.45,117.4 1 1
github.com/abraderAI/crm-project/api/internal/auth/api-key.go:118.3,118.56 1 0
github.com/abraderAI/crm-project/api/internal/auth/api-key.go:121.2,121.62 1 1
github.com/abraderAI/crm-project/api/internal/auth/api-key.go:121.62,123.3 1 1
github.com/abraderAI/crm-project/api/internal/auth/api-key.go:126.2,129.18 3 1
github.com/abraderAI/crm-project/api/internal/auth/api-key.go:133.39,135.40 2 1
github.com/abraderAI/crm-project/api/internal/auth/api-key.go:135.40,137.3 1 0
github.com/abraderAI/crm-project/api/internal/auth/api-key.go:138.2,138.50 1 1
github.com/abraderAI/crm-project/api/internal/auth/api-key.go:142.36,145.2 2 1
github.com/abraderAI/crm-project/api/internal/auth/api-key.go:155.62,157.2 1 1
github.com/abraderAI/crm-project/api/internal/auth/api-key.go:166.72,168.17 2 1
github.com/abraderAI/crm-project/api/internal/auth/api-key.go:168.17,171.3 2 0
github.com/abraderAI/crm-project/api/internal/auth/api-key.go:173.2,174.61 2 1
github.com/abraderAI/crm-project/api/internal/auth/api-key.go:174.61,177.3 2 1
github.com/abraderAI/crm-project/api/internal/auth/api-key.go:178.2,178.20 1 1
github.com/abraderAI/crm-project/api/internal/auth/api-key.go:178.20,183.3 2 1
github.com/abraderAI/crm-project/api/internal/auth/api-key.go:185.2,186.16 2 1
github.com/abraderAI/crm-project/api/internal/auth/api-key.go:186.16,189.3 2 0
github.com/abraderAI/crm-project/api/internal/auth/api-key.go:191.2,193.39 3 1
github.com/abraderAI/crm-project/api/internal/auth/api-key.go:197.70,199.17 2 1
github.com/abraderAI/crm-project/api/internal/auth/api-key.go:199.17,202.3 2 0
github.com/abraderAI/crm-project/api/internal/auth/api-key.go:204.2,205.16 2 1
github.com/abraderAI/crm-project/api/internal/auth/api-key.go:205.16,208.3 2 0
github.com/abraderAI/crm-project/api/internal/auth/api-key.go:210.2,213.4 2 1
github.com/abraderAI/crm-project/api/internal/auth/api-key.go:217.72,220.32 3 1
github.com/abraderAI/crm-project/api/internal/auth/api-key.go:220.32,223.3 2 0
github.com/abraderAI/crm-project/api/internal/auth/api-key.go:225.2,225.58 1 1
github.com/abraderAI/crm-project/api/internal/auth/api-key.go:225.58,226.45 1 1
github.com/abraderAI/crm-project/api/internal/auth/api-key.go:226.45,229.4 2 1
github.com/abraderAI/crm-project/api/internal/auth/api-key.go:230.3,231.9 2 0
github.com/abraderAI/crm-project/api/internal/auth/api-key.go:234.2,234.37 1 1
github.com/abraderAI/crm-project/api/internal/auth/context.go:30.75,32.2 1 1
github.com/abraderAI/crm-project/api/internal/auth/context.go:36.55,37.60 1 1
github.com/abraderAI/crm-project/api/internal/auth/context.go:37.60,39.3 1 1
github.com/abraderAI/crm-project/api/internal/auth/context.go:40.2,40.12 1 1
github.com/abraderAI/crm-project/api/internal/auth/jwt.go:66.54,73.2 1 1
github.com/abraderAI/crm-project/api/internal/auth/jwt.go:76.64,81.2 4 1
github.com/abraderAI/crm-project/api/internal/auth/jwt.go:84.73,86.21 2 1
github.com/abraderAI/crm-project/api/internal/auth/jwt.go:86.21,88.3 1 1
github.com/abraderAI/crm-project/api/internal/auth/jwt.go:91.2,92.16 2 1
github.com/abraderAI/crm-project/api/internal/auth/jwt.go:92.16,94.3 1 1
github.com/abraderAI/crm-project/api/internal/auth/jwt.go:95.2,100.61 2 1
github.com/abraderAI/crm-project/api/internal/auth/jwt.go:100.61,102.3 1 1
github.com/abraderAI/crm-project/api/internal/auth/jwt.go:103.2,103.27 1 1
github.com/abraderAI/crm-project/api/internal/auth/jwt.go:103.27,105.3 1 1
github.com/abraderAI/crm-project/api/internal/auth/jwt.go:108.2,109.16 2 1
github.com/abraderAI/crm-project/api/internal/auth/jwt.go:109.16,111.3 1 1
github.com/abraderAI/crm-project/api/internal/auth/jwt.go:112.2,113.62 2 1
github.com/abraderAI/crm-project/api/internal/auth/jwt.go:113.62,115.3 1 1
github.com/abraderAI/crm-project/api/internal/auth/jwt.go:118.2,119.52 2 1
github.com/abraderAI/crm-project/api/internal/auth/jwt.go:119.52,121.3 1 1
github.com/abraderAI/crm-project/api/internal/auth/jwt.go:122.2,122.52 1 1
github.com/abraderAI/crm-project/api/internal/auth/jwt.go:122.52,124.3 1 1
github.com/abraderAI/crm-project/api/internal/auth/jwt.go:127.2,127.55 1 1
github.com/abraderAI/crm-project/api/internal/auth/jwt.go:127.55,129.3 1 1
github.com/abraderAI/crm-project/api/internal/auth/jwt.go:132.2,133.16 2 1
github.com/abraderAI/crm-project/api/internal/auth/jwt.go:133.16,135.3 1 1
github.com/abraderAI/crm-project/api/internal/auth/jwt.go:138.2,138.74 1 1
github.com/abraderAI/crm-project/api/internal/auth/jwt.go:138.74,140.3 1 1
github.com/abraderAI/crm-project/api/internal/auth/jwt.go:142.2,142.21 1 1
github.com/abraderAI/crm-project/api/internal/auth/jwt.go:146.67,152.18 5 1
github.com/abraderAI/crm-project/api/internal/auth/jwt.go:152.18,154.3 1 1
github.com/abraderAI/crm-project/api/internal/auth/jwt.go:157.2,157.38 1 1
github.com/abraderAI/crm-project/api/internal/auth/jwt.go:157.38,159.9 1 1
github.com/abraderAI/crm-project/api/internal/auth/jwt.go:159.9,161.4 1 0
github.com/abraderAI/crm-project/api/internal/auth/jwt.go:162.3,162.51 1 1
github.com/abraderAI/crm-project/api/internal/auth/jwt.go:165.2,169.9 4 1
github.com/abraderAI/crm-project/api/internal/auth/jwt.go:169.9,171.3 1 0
github.com/abraderAI/crm-project/api/internal/auth/jwt.go:172.2,172.17 1 1
github.com/abraderAI/crm-project/api/internal/auth/jwt.go:176.42,179.16 3 1
github.com/abraderAI/crm-project/api/internal/auth/jwt.go:179.16,181.3 1 1
github.com/abraderAI/crm-project/api/internal/auth/jwt.go:182.2,182.15 1 1
github.com/abraderAI/crm-project/api/internal/auth/jwt.go:182.15,182.40 1 1
github.com/abraderAI/crm-project/api/internal/auth/jwt.go:184.2,184.38 1 1
github.com/abraderAI/crm-project/api/internal/auth/jwt.go:184.38,186.3 1 0
github.com/abraderAI/crm-project/api/internal/auth/jwt.go:188.2,189.16 2 1
github.com/abraderAI/crm-project/api/internal/auth/jwt.go:189.16,191.3 1 0
github.com/abraderAI/crm-project/api/internal/auth/jwt.go:193.2,194.52 2 1
github.com/abraderAI/crm-project/api/internal/auth/jwt.go:194.52,196.3 1 0
github.com/abraderAI/crm-project/api/internal/auth/jwt.go:198.2,199.30 2 1
github.com/abraderAI/crm-project/api/internal/auth/jwt.go:199.30,200.39 1 1
github.com/abraderAI/crm-project/api/internal/auth/jwt.go:200.39,201.12 1 0
github.com/abraderAI/crm-project/api/internal/auth/jwt.go:203.3,204.17 2 1
github.com/abraderAI/crm-project/api/internal/auth/jwt.go:204.17,205.12 1 0
github.com/abraderAI/crm-project/api/internal/auth/jwt.go:207.3,207.23 1 1
github.com/abraderAI/crm-project/api/internal/auth/jwt.go:210.2,215.12 5 1
github.com/abraderAI/crm-project/api/internal/auth/jwt.go:219.67,221.16 2 1
github.com/abraderAI/crm-project/api/internal/auth/jwt.go:221.16,223.3 1 0
github.com/abraderAI/crm-project/api/internal/auth/jwt.go:224.2,225.16 2 1
github.com/abraderAI/crm-project/api/internal/auth/jwt.go:225.16,227.3 1 0
github.com/abraderAI/crm-project/api/internal/auth/jwt.go:229.2,231.18 3 1
github.com/abraderAI/crm-project/api/internal/auth/jwt.go:231.18,233.3 1 0
github.com/abraderAI/crm-project/api/internal/auth/jwt.go:235.2,238.8 1 1
github.com/abraderAI/crm-project/api/internal/auth/jwt.go:242.48,244.20 1 1
github.com/abraderAI/crm-project/api/internal/auth/jwt.go:245.9,246.12 1 1
github.com/abraderAI/crm-project/api/internal/auth/jwt.go:247.9,248.11 1 1
github.com/abraderAI/crm-project/api/internal/auth/jwt.go:250.2,250.43 1 1
github.com/abraderAI/crm-project/api/internal/auth/jwt.go:254.79,256.16 2 1
github.com/abraderAI/crm-project/api/internal/auth/jwt.go:256.16,258.3 1 0
github.com/abraderAI/crm-project/api/internal/auth/jwt.go:261.2,263.66 2 1
github.com/abraderAI/crm-project/api/internal/auth/middleware.go:14.71,15.46 1 1
github.com/abraderAI/crm-project/api/internal/auth/middleware.go:15.46,16.72 1 1
github.com/abraderAI/crm-project/api/internal/auth/middleware.go:16.72,18.19 2 1
github.com/abraderAI/crm-project/api/internal/auth/middleware.go:18.19,21.5 2 1
github.com/abraderAI/crm-project/api/internal/auth/middleware.go:23.4,24.18 2 1
github.com/abraderAI/crm-project/api/internal/auth/middleware.go:24.18,27.5 2 0
github.com/abraderAI/crm-project/api/internal/auth/middleware.go:29.4,33.41 2 1
github.com/abraderAI/crm-project/api/internal/auth/middleware.go:39.83,40.46 1 1
github.com/abraderAI/crm-project/api/internal/auth/middleware.go:40.46,41.72 1 1
github.com/abraderAI/crm-project/api/internal/auth/middleware.go:41.72,43.20 2 1
github.com/abraderAI/crm-project/api/internal/auth/middleware.go:43.20,46.5 2 1
github.com/abraderAI/crm-project/api/internal/auth/middleware.go:48.4,49.18 2 1
github.com/abraderAI/crm-project/api/internal/auth/middleware.go:49.18,50.41 1 1
github.com/abraderAI/crm-project/api/internal/auth/middleware.go:50.41,53.6 2 1
github.com/abraderAI/crm-project/api/internal/auth/middleware.go:54.5,55.11 2 1
github.com/abraderAI/crm-project/api/internal/auth/middleware.go:58.4,63.41 2 1
github.com/abraderAI/crm-project/api/internal/auth/middleware.go:70.102,71.46 1 1
github.com/abraderAI/crm-project/api/internal/auth/middleware.go:71.46,72.72 1 1
github.com/abraderAI/crm-project/api/internal/auth/middleware.go:72.72,75.19 2 1
github.com/abraderAI/crm-project/api/internal/auth/middleware.go:75.19,77.19 2 1
github.com/abraderAI/crm-project/api/internal/auth/middleware.go:77.19,80.6 2 1
github.com/abraderAI/crm-project/api/internal/auth/middleware.go:81.5,86.11 3 1
github.com/abraderAI/crm-project/api/internal/auth/middleware.go:90.4,91.20 2 1
github.com/abraderAI/crm-project/api/internal/auth/middleware.go:91.20,93.19 2 1
github.com/abraderAI/crm-project/api/internal/auth/middleware.go:93.19,94.42 1 1
github.com/abraderAI/crm-project/api/internal/auth/middleware.go:94.42,97.7 2 1
github.com/abraderAI/crm-project/api/internal/auth/middleware.go:98.6,99.12 2 1
github.com/abraderAI/crm-project/api/internal/auth/middleware.go:101.5,107.11 3 1
github.com/abraderAI/crm-project/api/internal/auth/middleware.go:111.4,111.86 1 1
github.com/abraderAI/crm-project/api/internal/auth/middleware.go:118.93,119.46 1 1
github.com/abraderAI/crm-project/api/internal/auth/middleware.go:119.46,120.72 1 1
github.com/abraderAI/crm-project/api/internal/auth/middleware.go:120.72,122.17 2 1
github.com/abraderAI/crm-project/api/internal/auth/middleware.go:122.17,125.5 2 1
github.com/abraderAI/crm-project/api/internal/auth/middleware.go:128.4,129.42 2 1
github.com/abraderAI/crm-project/api/internal/auth/middleware.go:129.42,133.5 2 1
github.com/abraderAI/crm-project/api/internal/auth/middleware.go:135.4,136.18 2 1
github.com/abraderAI/crm-project/api/internal/auth/middleware.go:136.18,139.5 2 0
github.com/abraderAI/crm-project/api/internal/auth/middleware.go:141.4,141.18 1 1
github.com/abraderAI/crm-project/api/internal/auth/middleware.go:141.18,144.5 2 1
github.com/abraderAI/crm-project/api/internal/auth/middleware.go:146.4,146.45 1 1
github.com/abraderAI/crm-project/api/internal/auth/middleware.go:146.45,149.5 2 1
github.com/abraderAI/crm-project/api/internal/auth/middleware.go:151.4,151.24 1 1
github.com/abraderAI/crm-project/api/internal/auth/middleware.go:158.74,160.48 1 1
github.com/abraderAI/crm-project/api/internal/auth/middleware.go:160.48,162.3 1 1
github.com/abraderAI/crm-project/api/internal/auth/middleware.go:163.2,163.47 1 1
github.com/abraderAI/crm-project/api/internal/auth/middleware.go:163.47,165.3 1 1
github.com/abraderAI/crm-project/api/internal/auth/middleware.go:166.2,166.46 1 1
github.com/abraderAI/crm-project/api/internal/auth/middleware.go:166.46,168.3 1 1
github.com/abraderAI/crm-project/api/internal/auth/middleware.go:169.2,169.46 1 1
github.com/abraderAI/crm-project/api/internal/auth/middleware.go:169.46,171.3 1 1
github.com/abraderAI/crm-project/api/internal/auth/middleware.go:172.2,172.44 1 1
github.com/abraderAI/crm-project/api/internal/auth/middleware.go:172.44,174.3 1 1
github.com/abraderAI/crm-project/api/internal/auth/middleware.go:175.2,175.15 1 1
github.com/abraderAI/crm-project/api/internal/auth/middleware.go:179.49,181.16 2 1
github.com/abraderAI/crm-project/api/internal/auth/middleware.go:181.16,183.3 1 1
github.com/abraderAI/crm-project/api/internal/auth/middleware.go:184.2,185.79 2 1
github.com/abraderAI/crm-project/api/internal/auth/middleware.go:185.79,187.3 1 1
github.com/abraderAI/crm-project/api/internal/auth/middleware.go:188.2,188.46 1 1
github.com/abraderAI/crm-project/api/internal/auth/middleware.go:192.55,193.9 1 1
github.com/abraderAI/crm-project/api/internal/auth/middleware.go:194.39,195.49 1 1
github.com/abraderAI/crm-project/api/internal/auth/middleware.go:196.38,197.54 1 1
github.com/abraderAI/crm-project/api/internal/auth/middleware.go:198.38,199.52 1 1
github.com/abraderAI/crm-project/api/internal/auth/middleware.go:200.41,201.55 1 1
github.com/abraderAI/crm-project/api/internal/auth/middleware.go:202.43,203.53 1 1
github.com/abraderAI/crm-project/api/internal/auth/middleware.go:204.41,205.47 1 1
github.com/abraderAI/crm-project/api/internal/auth/middleware.go:206.10,207.53 1 1
github.com/abraderAI/crm-project/api/internal/auth/rbac.go:20.72,25.2 1 1
github.com/abraderAI/crm-project/api/internal/auth/rbac.go:30.113,31.20 1 1
github.com/abraderAI/crm-project/api/internal/auth/rbac.go:32.15,33.50 1 1
github.com/abraderAI/crm-project/api/internal/auth/rbac.go:34.15,35.50 1 1
github.com/abraderAI/crm-project/api/internal/auth/rbac.go:36.13,37.48 1 1
github.com/abraderAI/crm-project/api/internal/auth/rbac.go:38.10,39.63 1 1
github.com/abraderAI/crm-project/api/internal/auth/rbac.go:44.104,50.16 3 1
github.com/abraderAI/crm-project/api/internal/auth/rbac.go:50.16,52.3 1 1
github.com/abraderAI/crm-project/api/internal/auth/rbac.go:53.2,53.35 1 1
github.com/abraderAI/crm-project/api/internal/auth/rbac.go:53.35,55.3 1 0
github.com/abraderAI/crm-project/api/internal/auth/rbac.go:58.2,59.104 2 1
github.com/abraderAI/crm-project/api/internal/auth/rbac.go:59.104,61.3 1 0
github.com/abraderAI/crm-project/api/internal/auth/rbac.go:63.2,63.54 1 1
github.com/abraderAI/crm-project/api/internal/auth/rbac.go:67.104,73.16 3 1
github.com/abraderAI/crm-project/api/internal/auth/rbac.go:73.16,75.3 1 1
github.com/abraderAI/crm-project/api/internal/auth/rbac.go:76.2,76.35 1 1
github.com/abraderAI/crm-project/api/internal/auth/rbac.go:76.35,78.3 1 0
github.com/abraderAI/crm-project/api/internal/auth/rbac.go:81.2,82.102 2 1
github.com/abraderAI/crm-project/api/internal/auth/rbac.go:82.102,84.3 1 0
github.com/abraderAI/crm-project/api/internal/auth/rbac.go:86.2,86.50 1 1
github.com/abraderAI/crm-project/api/internal/auth/rbac.go:90.100,95.16 3 1
github.com/abraderAI/crm-project/api/internal/auth/rbac.go:95.16,97.3 1 1
github.com/abraderAI/crm-project/api/internal/auth/rbac.go:98.2,98.35 1 1
github.com/abraderAI/crm-project/api/internal/auth/rbac.go:98.35,100.3 1 0
github.com/abraderAI/crm-project/api/internal/auth/rbac.go:101.2,101.16 1 1
github.com/abraderAI/crm-project/api/internal/auth/rbac.go:105.78,107.2 1 1
github.com/abraderAI/crm-project/api/internal/auth/rbac.go:110.69,112.2 1 1
github.com/abraderAI/crm-project/api/internal/auth/rbac.go:115.107,116.20 1 1
github.com/abraderAI/crm-project/api/internal/auth/rbac.go:117.13,118.23 1 1
github.com/abraderAI/crm-project/api/internal/auth/rbac.go:119.15,121.104 2 1
github.com/abraderAI/crm-project/api/internal/auth/rbac.go:121.104,123.4 1 0
github.com/abraderAI/crm-project/api/internal/auth/rbac.go:124.3,124.26 1 1
github.com/abraderAI/crm-project/api/internal/auth/rbac.go:125.15,127.106 2 1
github.com/abraderAI/crm-project/api/internal/auth/rbac.go:127.106,129.4 1 0
github.com/abraderAI/crm-project/api/internal/auth/rbac.go:130.3,131.109 2 1
github.com/abraderAI/crm-project/api/internal/auth/rbac.go:131.109,133.4 1 0
github.com/abraderAI/crm-project/api/internal/auth/rbac.go:134.3,134.26 1 1
github.com/abraderAI/crm-project/api/internal/auth/rbac.go:135.16,137.107 2 1
github.com/abraderAI/crm-project/api/internal/auth/rbac.go:137.107,139.4 1 0
github.com/abraderAI/crm-project/api/internal/auth/rbac.go:140.3,140.60 1 1
github.com/abraderAI/crm-project/api/internal/auth/rbac.go:141.17,143.109 2 1
github.com/abraderAI/crm-project/api/internal/auth/rbac.go:143.109,145.4 1 0
github.com/abraderAI/crm-project/api/internal/auth/rbac.go:146.3,146.63 1 1
github.com/abraderAI/crm-project/api/internal/auth/rbac.go:147.10,148.63 1 1
github.com/abraderAI/crm-project/api/internal/org/handler.go:20.44,22.2 1 0
github.com/abraderAI/crm-project/api/internal/org/handler.go:25.66,27.63 2 0
github.com/abraderAI/crm-project/api/internal/org/handler.go:27.63,30.3 2 0
github.com/abraderAI/crm-project/api/internal/org/handler.go:32.2,33.16 2 0
github.com/abraderAI/crm-project/api/internal/org/handler.go:33.16,36.3 2 0
github.com/abraderAI/crm-project/api/internal/org/handler.go:38.2,38.26 1 0
github.com/abraderAI/crm-project/api/internal/org/handler.go:42.64,46.16 3 0
github.com/abraderAI/crm-project/api/internal/org/handler.go:46.16,49.3 2 0
github.com/abraderAI/crm-project/api/internal/org/handler.go:51.2,54.4 1 0
github.com/abraderAI/crm-project/api/internal/org/handler.go:58.63,60.20 2 0
github.com/abraderAI/crm-project/api/internal/org/handler.go:60.20,63.3 2 0
github.com/abraderAI/crm-project/api/internal/org/handler.go:65.2,66.16 2 0
github.com/abraderAI/crm-project/api/internal/org/handler.go:66.16,69.3 2 0
github.com/abraderAI/crm-project/api/internal/org/handler.go:70.2,70.16 1 0
github.com/abraderAI/crm-project/api/internal/org/handler.go:70.16,73.3 2 0
github.com/abraderAI/crm-project/api/internal/org/handler.go:75.2,75.38 1 0
github.com/abraderAI/crm-project/api/internal/org/handler.go:79.66,81.20 2 0
github.com/abraderAI/crm-project/api/internal/org/handler.go:81.20,84.3 2 0
github.com/abraderAI/crm-project/api/internal/org/handler.go:86.2,87.63 2 0
github.com/abraderAI/crm-project/api/internal/org/handler.go:87.63,90.3 2 0
github.com/abraderAI/crm-project/api/internal/org/handler.go:92.2,93.16 2 0
github.com/abraderAI/crm-project/api/internal/org/handler.go:93.16,96.3 2 0
github.com/abraderAI/crm-project/api/internal/org/handler.go:97.2,97.16 1 0
github.com/abraderAI/crm-project/api/internal/org/handler.go:97.16,100.3 2 0
github.com/abraderAI/crm-project/api/internal/org/handler.go:102.2,102.38 1 0
github.com/abraderAI/crm-project/api/internal/org/handler.go:106.66,108.20 2 0
github.com/abraderAI/crm-project/api/internal/org/handler.go:108.20,111.3 2 0
github.com/abraderAI/crm-project/api/internal/org/handler.go:113.2,113.64 1 0
github.com/abraderAI/crm-project/api/internal/org/handler.go:113.64,114.33 1 0
github.com/abraderAI/crm-project/api/internal/org/handler.go:114.33,117.4 2 0
github.com/abraderAI/crm-project/api/internal/org/handler.go:118.3,119.9 2 0
github.com/abraderAI/crm-project/api/internal/org/handler.go:122.2,122.23 1 0
github.com/abraderAI/crm-project/api/internal/org/repository.go:22.45,24.2 1 1
github.com/abraderAI/crm-project/api/internal/org/repository.go:27.73,28.64 1 1
github.com/abraderAI/crm-project/api/internal/org/repository.go:28.64,30.3 1 0
github.com/abraderAI/crm-project/api/internal/org/repository.go:31.2,31.12 1 1
github.com/abraderAI/crm-project/api/internal/org/repository.go:35.96,40.48 3 1
github.com/abraderAI/crm-project/api/internal/org/repository.go:40.48,42.3 1 1
github.com/abraderAI/crm-project/api/internal/org/repository.go:42.8,44.3 1 1
github.com/abraderAI/crm-project/api/internal/org/repository.go:46.2,46.48 1 1
github.com/abraderAI/crm-project/api/internal/org/repository.go:46.48,47.45 1 1
github.com/abraderAI/crm-project/api/internal/org/repository.go:47.45,49.4 1 1
github.com/abraderAI/crm-project/api/internal/org/repository.go:50.3,50.49 1 0
github.com/abraderAI/crm-project/api/internal/org/repository.go:52.2,52.18 1 1
github.com/abraderAI/crm-project/api/internal/org/repository.go:56.118,60.25 3 1
github.com/abraderAI/crm-project/api/internal/org/repository.go:60.25,62.17 2 1
github.com/abraderAI/crm-project/api/internal/org/repository.go:62.17,64.4 1 0
github.com/abraderAI/crm-project/api/internal/org/repository.go:65.3,65.51 1 1
github.com/abraderAI/crm-project/api/internal/org/repository.go:69.2,69.72 1 1
github.com/abraderAI/crm-project/api/internal/org/repository.go:69.72,71.3 1 0
github.com/abraderAI/crm-project/api/internal/org/repository.go:73.2,74.30 2 1
github.com/abraderAI/crm-project/api/internal/org/repository.go:74.30,79.3 4 1
github.com/abraderAI/crm-project/api/internal/org/repository.go:81.2,81.28 1 1
github.com/abraderAI/crm-project/api/internal/org/repository.go:85.73,86.62 1 1
github.com/abraderAI/crm-project/api/internal/org/repository.go:86.62,88.3 1 0
github.com/abraderAI/crm-project/api/internal/org/repository.go:89.2,89.12 1 1
github.com/abraderAI/crm-project/api/internal/org/repository.go:93.67,95.25 2 1
github.com/abraderAI/crm-project/api/internal/org/repository.go:95.25,97.3 1 0
github.com/abraderAI/crm-project/api/internal/org/repository.go:98.2,98.30 1 1
github.com/abraderAI/crm-project/api/internal/org/repository.go:98.30,100.3 1 0
github.com/abraderAI/crm-project/api/internal/org/repository.go:101.2,101.12 1 1
github.com/abraderAI/crm-project/api/internal/org/repository.go:105.81,107.111 2 1
github.com/abraderAI/crm-project/api/internal/org/repository.go:107.111,109.3 1 0
github.com/abraderAI/crm-project/api/internal/org/repository.go:110.2,110.23 1 1
github.com/abraderAI/crm-project/api/internal/org/service.go:19.44,21.2 1 1
github.com/abraderAI/crm-project/api/internal/org/service.go:31.87,32.22 1 1
github.com/abraderAI/crm-project/api/internal/org/service.go:32.22,34.3 1 1
github.com/abraderAI/crm-project/api/internal/org/service.go:35.2,35.26 1 1
github.com/abraderAI/crm-project/api/internal/org/service.go:35.26,36.59 1 1
github.com/abraderAI/crm-project/api/internal/org/service.go:36.59,38.4 1 1
github.com/abraderAI/crm-project/api/internal/org/service.go:39.8,41.3 1 1
github.com/abraderAI/crm-project/api/internal/org/service.go:43.2,46.20 3 1
github.com/abraderAI/crm-project/api/internal/org/service.go:46.20,48.17 2 1
github.com/abraderAI/crm-project/api/internal/org/service.go:48.17,50.4 1 0
github.com/abraderAI/crm-project/api/internal/org/service.go:51.3,51.14 1 1
github.com/abraderAI/crm-project/api/internal/org/service.go:51.14,52.9 1 1
github.com/abraderAI/crm-project/api/internal/org/service.go:54.3,54.46 1 1
github.com/abraderAI/crm-project/api/internal/org/service.go:57.2,63.48 2 1
github.com/abraderAI/crm-project/api/internal/org/service.go:63.48,65.3 1 0
github.com/abraderAI/crm-project/api/internal/org/service.go:66.2,66.17 1 1
github.com/abraderAI/crm-project/api/internal/org/service.go:70.82,72.2 1 1
github.com/abraderAI/crm-project/api/internal/org/service.go:75.115,77.2 1 1
github.com/abraderAI/crm-project/api/internal/org/service.go:87.104,89.16 2 1
github.com/abraderAI/crm-project/api/internal/org/service.go:89.16,91.3 1 0
github.com/abraderAI/crm-project/api/internal/org/service.go:92.2,92.16 1 1
github.com/abraderAI/crm-project/api/internal/org/service.go:92.16,94.3 1 1
github.com/abraderAI/crm-project/api/internal/org/service.go:96.2,96.44 1 1
github.com/abraderAI/crm-project/api/internal/org/service.go:96.44,100.26 3 1
github.com/abraderAI/crm-project/api/internal/org/service.go:100.26,102.22 2 1
github.com/abraderAI/crm-project/api/internal/org/service.go:102.22,104.19 2 1
github.com/abraderAI/crm-project/api/internal/org/service.go:104.19,106.6 1 0
github.com/abraderAI/crm-project/api/internal/org/service.go:107.5,107.39 1 1
github.com/abraderAI/crm-project/api/internal/org/service.go:107.39,108.11 1 1
github.com/abraderAI/crm-project/api/internal/org/service.go:110.5,110.48 1 0
github.com/abraderAI/crm-project/api/internal/org/service.go:112.4,112.22 1 1
github.com/abraderAI/crm-project/api/internal/org/service.go:115.2,115.30 1 1
github.com/abraderAI/crm-project/api/internal/org/service.go:115.30,117.3 1 1
github.com/abraderAI/crm-project/api/internal/org/service.go:118.2,118.27 1 1
github.com/abraderAI/crm-project/api/internal/org/service.go:118.27,119.60 1 1
github.com/abraderAI/crm-project/api/internal/org/service.go:119.60,121.4 1 1
github.com/abraderAI/crm-project/api/internal/org/service.go:122.3,123.17 2 1
github.com/abraderAI/crm-project/api/internal/org/service.go:123.17,125.4 1 0
github.com/abraderAI/crm-project/api/internal/org/service.go:126.3,126.24 1 1
github.com/abraderAI/crm-project/api/internal/org/service.go:129.2,129.48 1 1
github.com/abraderAI/crm-project/api/internal/org/service.go:129.48,131.3 1 0
github.com/abraderAI/crm-project/api/internal/org/service.go:132.2,132.17 1 1
github.com/abraderAI/crm-project/api/internal/org/service.go:136.70,138.16 2 1
github.com/abraderAI/crm-project/api/internal/org/service.go:138.16,140.3 1 0
github.com/abraderAI/crm-project/api/internal/org/service.go:141.2,141.16 1 1
github.com/abraderAI/crm-project/api/internal/org/service.go:141.16,143.3 1 1
github.com/abraderAI/crm-project/api/internal/org/service.go:144.2,144.35 1 1
github.com/abraderAI/crm-project/api/internal/models/audit.go:20.37,21.11 1 1
github.com/abraderAI/crm-project/api/internal/models/audit.go:22.63,23.14 1 1
github.com/abraderAI/crm-project/api/internal/models/audit.go:25.2,25.14 1 1
github.com/abraderAI/crm-project/api/internal/models/audit.go:44.51,45.16 1 1
github.com/abraderAI/crm-project/api/internal/models/audit.go:45.16,47.17 2 1
github.com/abraderAI/crm-project/api/internal/models/audit.go:47.17,49.4 1 0
github.com/abraderAI/crm-project/api/internal/models/audit.go:50.3,50.21 1 1
github.com/abraderAI/crm-project/api/internal/models/audit.go:52.2,52.12 1 1
github.com/abraderAI/crm-project/api/internal/models/base.go:21.52,22.16 1 1
github.com/abraderAI/crm-project/api/internal/models/base.go:22.16,24.17 2 1
github.com/abraderAI/crm-project/api/internal/models/base.go:24.17,26.4 1 0
github.com/abraderAI/crm-project/api/internal/models/base.go:27.3,27.21 1 1
github.com/abraderAI/crm-project/api/internal/models/base.go:29.2,29.12 1 1
github.com/abraderAI/crm-project/api/internal/models/membership.go:16.29,25.2 1 1
github.com/abraderAI/crm-project/api/internal/models/membership.go:28.30,29.36 1 1
github.com/abraderAI/crm-project/api/internal/models/membership.go:29.36,30.13 1 1
github.com/abraderAI/crm-project/api/internal/models/membership.go:30.13,32.4 1 1
github.com/abraderAI/crm-project/api/internal/models/membership.go:34.2,34.14 1 1
github.com/abraderAI/crm-project/api/internal/models/membership.go:38.27,39.36 1 1
github.com/abraderAI/crm-project/api/internal/models/membership.go:39.36,40.13 1 1
github.com/abraderAI/crm-project/api/internal/models/membership.go:40.13,42.4 1 1
github.com/abraderAI/crm-project/api/internal/models/membership.go:44.2,44.11 1 1
github.com/abraderAI/crm-project/api/internal/models/message.go:15.40,23.2 1 1
github.com/abraderAI/crm-project/api/internal/models/message.go:26.37,27.40 1 1
github.com/abraderAI/crm-project/api/internal/models/message.go:27.40,28.13 1 1
github.com/abraderAI/crm-project/api/internal/models/message.go:28.13,30.4 1 1
github.com/abraderAI/crm-project/api/internal/models/message.go:32.2,32.14 1 1
github.com/abraderAI/crm-project/api/internal/models/revision.go:22.51,23.16 1 1
github.com/abraderAI/crm-project/api/internal/models/revision.go:23.16,25.17 2 1
github.com/abraderAI/crm-project/api/internal/models/revision.go:25.17,27.4 1 0
github.com/abraderAI/crm-project/api/internal/models/revision.go:28.3,28.21 1 1
github.com/abraderAI/crm-project/api/internal/models/revision.go:30.2,30.12 1 1
github.com/abraderAI/crm-project/api/internal/models/space.go:15.36,23.2 1 1
github.com/abraderAI/crm-project/api/internal/models/space.go:26.35,27.38 1 1
github.com/abraderAI/crm-project/api/internal/models/space.go:27.38,28.13 1 1
github.com/abraderAI/crm-project/api/internal/models/space.go:28.13,30.4 1 1
github.com/abraderAI/crm-project/api/internal/models/space.go:32.2,32.14 1 1
github.com/abraderAI/crm-project/api/internal/space/handler.go:20.44,22.2 1 0
github.com/abraderAI/crm-project/api/internal/space/handler.go:25.66,27.17 2 0
github.com/abraderAI/crm-project/api/internal/space/handler.go:27.17,30.3 2 0
github.com/abraderAI/crm-project/api/internal/space/handler.go:32.2,33.63 2 0
github.com/abraderAI/crm-project/api/internal/space/handler.go:33.63,36.3 2 0
github.com/abraderAI/crm-project/api/internal/space/handler.go:38.2,39.16 2 0
github.com/abraderAI/crm-project/api/internal/space/handler.go:39.16,42.3 2 0
github.com/abraderAI/crm-project/api/internal/space/handler.go:44.2,44.25 1 0
github.com/abraderAI/crm-project/api/internal/space/handler.go:48.64,53.16 4 0
github.com/abraderAI/crm-project/api/internal/space/handler.go:53.16,56.3 2 0
github.com/abraderAI/crm-project/api/internal/space/handler.go:58.2,61.4 1 0
github.com/abraderAI/crm-project/api/internal/space/handler.go:65.63,70.16 4 0
github.com/abraderAI/crm-project/api/internal/space/handler.go:70.16,73.3 2 0
github.com/abraderAI/crm-project/api/internal/space/handler.go:74.2,74.15 1 0
github.com/abraderAI/crm-project/api/internal/space/handler.go:74.15,77.3 2 0
github.com/abraderAI/crm-project/api/internal/space/handler.go:79.2,79.37 1 0
github.com/abraderAI/crm-project/api/internal/space/handler.go:83.66,88.63 4 0
github.com/abraderAI/crm-project/api/internal/space/handler.go:88.63,91.3 2 0
github.com/abraderAI/crm-project/api/internal/space/handler.go:93.2,94.16 2 0
github.com/abraderAI/crm-project/api/internal/space/handler.go:94.16,97.3 2 0
github.com/abraderAI/crm-project/api/internal/space/handler.go:98.2,98.15 1 0
github.com/abraderAI/crm-project/api/internal/space/handler.go:98.15,101.3 2 0
github.com/abraderAI/crm-project/api/internal/space/handler.go:103.2,103.37 1 0
github.com/abraderAI/crm-project/api/internal/space/handler.go:107.66,111.71 3 0
github.com/abraderAI/crm-project/api/internal/space/handler.go:111.71,112.33 1 0
github.com/abraderAI/crm-project/api/internal/space/handler.go:112.33,115.4 2 0
github.com/abraderAI/crm-project/api/internal/space/handler.go:116.3,117.9 2 0
github.com/abraderAI/crm-project/api/internal/space/handler.go:120.2,120.23 1 0
github.com/abraderAI/crm-project/api/internal/space/repository.go:22.45,24.2 1 1
github.com/abraderAI/crm-project/api/internal/space/repository.go:27.77,28.66 1 1
github.com/abraderAI/crm-project/api/internal/space/repository.go:28.66,30.3 1 0
github.com/abraderAI/crm-project/api/internal/space/repository.go:31.2,31.12 1 1
github.com/abraderAI/crm-project/api/internal/space/repository.go:35.105,39.48 3 1
github.com/abraderAI/crm-project/api/internal/space/repository.go:39.48,41.3 1 1
github.com/abraderAI/crm-project/api/internal/space/repository.go:41.8,43.3 1 1
github.com/abraderAI/crm-project/api/internal/space/repository.go:45.2,45.50 1 1
github.com/abraderAI/crm-project/api/internal/space/repository.go:45.50,46.45 1 1
github.com/abraderAI/crm-project/api/internal/space/repository.go:46.45,48.4 1 1
github.com/abraderAI/crm-project/api/internal/space/repository.go:49.3,49.51 1 0
github.com/abraderAI/crm-project/api/internal/space/repository.go:51.2,51.20 1 1
github.com/abraderAI/crm-project/api/internal/space/repository.go:55.134,59.25 3 1
github.com/abraderAI/crm-project/api/internal/space/repository.go:59.25,61.17 2 1
github.com/abraderAI/crm-project/api/internal/space/repository.go:61.17,63.4 1 0
github.com/abraderAI/crm-project/api/internal/space/repository.go:64.3,64.51 1 1
github.com/abraderAI/crm-project/api/internal/space/repository.go:67.2,67.74 1 1
github.com/abraderAI/crm-project/api/internal/space/repository.go:67.74,69.3 1 0
github.com/abraderAI/crm-project/api/internal/space/repository.go:71.2,72.32 2 1
github.com/abraderAI/crm-project/api/internal/space/repository.go:72.32,77.3 4 1
github.com/abraderAI/crm-project/api/internal/space/repository.go:79.2,79.30 1 1
github.com/abraderAI/crm-project/api/internal/space/repository.go:83.77,84.64 1 1
[...]
github.com/abraderAI/crm-project/api/internal/thread/handler.go:67.16,69.4 1 0
github.com/abraderAI/crm-project/api/internal/thread/handler.go:71.3,72.64 2 0
github.com/abraderAI/crm-project/api/internal/thread/handler.go:72.64,75.4 2 0
github.com/abraderAI/crm-project/api/internal/thread/handler.go:77.3,78.17 2 0
github.com/abraderAI/crm-project/api/internal/thread/handler.go:78.17,79.40 1 0
github.com/abraderAI/crm-project/api/internal/thread/handler.go:79.40,82.5 2 0
github.com/abraderAI/crm-project/api/internal/thread/handler.go:83.4,84.10 2 0
github.com/abraderAI/crm-project/api/internal/thread/handler.go:87.3,87.25 1 0
github.com/abraderAI/crm-project/api/internal/thread/handler.go:92.64,105.16 6 0
github.com/abraderAI/crm-project/api/internal/thread/handler.go:105.16,108.3 2 0
github.com/abraderAI/crm-project/api/internal/thread/handler.go:110.2,113.4 1 0
github.com/abraderAI/crm-project/api/internal/thread/handler.go:117.63,122.16 4 0
github.com/abraderAI/crm-project/api/internal/thread/handler.go:122.16,125.3 2 0
github.com/abraderAI/crm-project/api/internal/thread/handler.go:126.2,126.14 1 0
github.com/abraderAI/crm-project/api/internal/thread/handler.go:126.14,129.3 2 0
github.com/abraderAI/crm-project/api/internal/thread/handler.go:131.2,131.36 1 0
github.com/abraderAI/crm-project/api/internal/thread/handler.go:135.66,141.15 5 0
github.com/abraderAI/crm-project/api/internal/thread/handler.go:141.15,143.3 1 0
github.com/abraderAI/crm-project/api/internal/thread/handler.go:145.2,146.63 2 0
github.com/abraderAI/crm-project/api/internal/thread/handler.go:146.63,149.3 2 0
github.com/abraderAI/crm-project/api/internal/thread/handler.go:151.2,152.16 2 0
github.com/abraderAI/crm-project/api/internal/thread/handler.go:152.16,155.3 2 0
github.com/abraderAI/crm-project/api/internal/thread/handler.go:156.2,156.14 1 0
github.com/abraderAI/crm-project/api/internal/thread/handler.go:156.14,159.3 2 0
github.com/abraderAI/crm-project/api/internal/thread/handler.go:161.2,161.36 1 0
github.com/abraderAI/crm-project/api/internal/thread/handler.go:165.66,169.73 3 0
github.com/abraderAI/crm-project/api/internal/thread/handler.go:169.73,170.33 1 0
github.com/abraderAI/crm-project/api/internal/thread/handler.go:170.33,173.4 2 0
github.com/abraderAI/crm-project/api/internal/thread/handler.go:174.3,175.9 2 0
github.com/abraderAI/crm-project/api/internal/thread/handler.go:178.2,178.23 1 0
github.com/abraderAI/crm-project/api/internal/thread/handler.go:182.63,187.16 4 0
github.com/abraderAI/crm-project/api/internal/thread/handler.go:187.16,190.3 2 0
github.com/abraderAI/crm-project/api/internal/thread/handler.go:191.2,191.14 1 0
github.com/abraderAI/crm-project/api/internal/thread/handler.go:191.14,194.3 2 0
github.com/abraderAI/crm-project/api/internal/thread/handler.go:195.2,195.36 1 0
github.com/abraderAI/crm-project/api/internal/thread/handler.go:199.65,204.16 4 0
github.com/abraderAI/crm-project/api/internal/thread/handler.go:204.16,207.3 2 0
github.com/abraderAI/crm-project/api/internal/thread/handler.go:208.2,208.14 1 0
github.com/abraderAI/crm-project/api/internal/thread/handler.go:208.14,211.3 2 0
github.com/abraderAI/crm-project/api/internal/thread/handler.go:212.2,212.36 1 0
github.com/abraderAI/crm-project/api/internal/thread/handler.go:216.64,221.16 4 0
github.com/abraderAI/crm-project/api/internal/thread/handler.go:221.16,224.3 2 0
github.com/abraderAI/crm-project/api/internal/thread/handler.go:225.2,225.14 1 0
github.com/abraderAI/crm-project/api/internal/thread/handler.go:225.14,228.3 2 0
github.com/abraderAI/crm-project/api/internal/thread/handler.go:229.2,229.36 1 0
github.com/abraderAI/crm-project/api/internal/thread/handler.go:233.66,238.16 4 0
github.com/abraderAI/crm-project/api/internal/thread/handler.go:238.16,241.3 2 0
github.com/abraderAI/crm-project/api/internal/thread/handler.go:242.2,242.14 1 0
github.com/abraderAI/crm-project/api/internal/thread/handler.go:242.14,245.3 2 0
github.com/abraderAI/crm-project/api/internal/thread/handler.go:246.2,246.36 1 0
github.com/abraderAI/crm-project/api/internal/thread/handler.go:251.61,253.41 2 1
github.com/abraderAI/crm-project/api/internal/thread/handler.go:253.41,254.43 1 1
github.com/abraderAI/crm-project/api/internal/thread/handler.go:254.43,255.12 1 1
github.com/abraderAI/crm-project/api/internal/thread/handler.go:257.3,257.23 1 1
github.com/abraderAI/crm-project/api/internal/thread/handler.go:257.23,258.12 1 0
github.com/abraderAI/crm-project/api/internal/thread/handler.go:261.3,265.22 4 1
github.com/abraderAI/crm-project/api/internal/thread/handler.go:265.22,272.4 1 1
github.com/abraderAI/crm-project/api/internal/thread/handler.go:272.9,272.29 1 1
github.com/abraderAI/crm-project/api/internal/thread/handler.go:272.29,279.4 1 1
github.com/abraderAI/crm-project/api/internal/thread/handler.go:281.2,281.16 1 1
github.com/abraderAI/crm-project/api/internal/thread/repository.go:23.45,25.2 1 1
github.com/abraderAI/crm-project/api/internal/thread/repository.go:28.79,29.67 1 1
github.com/abraderAI/crm-project/api/internal/thread/repository.go:29.67,31.3 1 0
github.com/abraderAI/crm-project/api/internal/thread/repository.go:32.2,32.12 1 1
github.com/abraderAI/crm-project/api/internal/thread/repository.go:36.108,40.48 3 1
github.com/abraderAI/crm-project/api/internal/thread/repository.go:40.48,42.3 1 1
github.com/abraderAI/crm-project/api/internal/thread/repository.go:42.8,44.3 1 1
github.com/abraderAI/crm-project/api/internal/thread/repository.go:46.2,46.51 1 1
github.com/abraderAI/crm-project/api/internal/thread/repository.go:46.51,47.45 1 1
github.com/abraderAI/crm-project/api/internal/thread/repository.go:47.45,49.4 1 1
github.com/abraderAI/crm-project/api/internal/thread/repository.go:50.3,50.52 1 0
github.com/abraderAI/crm-project/api/internal/thread/repository.go:52.2,52.21 1 1
github.com/abraderAI/crm-project/api/internal/thread/repository.go:56.87,58.81 2 0
github.com/abraderAI/crm-project/api/internal/thread/repository.go:58.81,59.45 1 0
github.com/abraderAI/crm-project/api/internal/thread/repository.go:59.45,61.4 1 0
github.com/abraderAI/crm-project/api/internal/thread/repository.go:62.3,62.58 1 0
github.com/abraderAI/crm-project/api/internal/thread/repository.go:64.2,64.21 1 0
github.com/abraderAI/crm-project/api/internal/thread/repository.go:81.130,85.25 3 1
github.com/abraderAI/crm-project/api/internal/thread/repository.go:85.25,87.17 2 0
github.com/abraderAI/crm-project/api/internal/thread/repository.go:87.17,89.4 1 0
github.com/abraderAI/crm-project/api/internal/thread/repository.go:90.3,90.51 1 0
github.com/abraderAI/crm-project/api/internal/thread/repository.go:94.2,94.35 1 1
github.com/abraderAI/crm-project/api/internal/thread/repository.go:94.35,96.38 2 1
github.com/abraderAI/crm-project/api/internal/thread/repository.go:97.17,98.65 1 1
github.com/abraderAI/crm-project/api/internal/thread/repository.go:99.13,100.79 1 1
github.com/abraderAI/crm-project/api/internal/thread/repository.go:101.14,102.80 1 1
github.com/abraderAI/crm-project/api/internal/thread/repository.go:103.13,104.79 1 1
github.com/abraderAI/crm-project/api/internal/thread/repository.go:105.14,106.80 1 0
github.com/abraderAI/crm-project/api/internal/thread/repository.go:110.2,110.75 1 1
github.com/abraderAI/crm-project/api/internal/thread/repository.go:110.75,112.3 1 0
github.com/abraderAI/crm-project/api/internal/thread/repository.go:114.2,115.33 2 1
github.com/abraderAI/crm-project/api/internal/thread/repository.go:115.33,120.3 4 1
github.com/abraderAI/crm-project/api/internal/thread/repository.go:122.2,122.31 1 1
github.com/abraderAI/crm-project/api/internal/thread/repository.go:126.79,127.65 1 1
github.com/abraderAI/crm-project/api/internal/thread/repository.go:127.65,129.3 1 0
github.com/abraderAI/crm-project/api/internal/thread/repository.go:130.2,130.12 1 1
github.com/abraderAI/crm-project/api/internal/thread/repository.go:134.67,136.25 2 1
github.com/abraderAI/crm-project/api/internal/thread/repository.go:136.25,138.3 1 0
github.com/abraderAI/crm-project/api/internal/thread/repository.go:139.2,139.30 1 1
github.com/abraderAI/crm-project/api/internal/thread/repository.go:139.30,141.3 1 0
github.com/abraderAI/crm-project/api/internal/thread/repository.go:142.2,142.12 1 1
github.com/abraderAI/crm-project/api/internal/thread/repository.go:146.97,149.85 2 1
github.com/abraderAI/crm-project/api/internal/thread/repository.go:149.85,151.3 1 0
github.com/abraderAI/crm-project/api/internal/thread/repository.go:152.2,152.23 1 1
github.com/abraderAI/crm-project/api/internal/thread/repository.go:156.86,157.64 1 1
github.com/abraderAI/crm-project/api/internal/thread/repository.go:157.64,159.3 1 0
github.com/abraderAI/crm-project/api/internal/thread/repository.go:160.2,160.12 1 1
github.com/abraderAI/crm-project/api/internal/thread/service.go:20.44,22.2 1 1
github.com/abraderAI/crm-project/api/internal/thread/service.go:33.134,34.17 1 1
github.com/abraderAI/crm-project/api/internal/thread/service.go:34.17,36.3 1 1
github.com/abraderAI/crm-project/api/internal/thread/service.go:37.2,37.23 1 1
github.com/abraderAI/crm-project/api/internal/thread/service.go:37.23,39.3 1 1
github.com/abraderAI/crm-project/api/internal/thread/service.go:40.2,40.26 1 1
github.com/abraderAI/crm-project/api/internal/thread/service.go:40.26,41.59 1 1
github.com/abraderAI/crm-project/api/internal/thread/service.go:41.59,43.4 1 1
github.com/abraderAI/crm-project/api/internal/thread/service.go:44.8,46.3 1 1
github.com/abraderAI/crm-project/api/internal/thread/service.go:48.2,50.20 3 1
github.com/abraderAI/crm-project/api/internal/thread/service.go:50.20,52.17 2 1
github.com/abraderAI/crm-project/api/internal/thread/service.go:52.17,54.4 1 0
github.com/abraderAI/crm-project/api/internal/thread/service.go:55.3,55.14 1 1
github.com/abraderAI/crm-project/api/internal/thread/service.go:55.14,56.9 1 1
github.com/abraderAI/crm-project/api/internal/thread/service.go:58.3,58.49 1 1
github.com/abraderAI/crm-project/api/internal/thread/service.go:61.2,69.46 2 1
github.com/abraderAI/crm-project/api/internal/thread/service.go:69.46,71.3 1 0
github.com/abraderAI/crm-project/api/internal/thread/service.go:72.2,72.15 1 1
github.com/abraderAI/crm-project/api/internal/thread/service.go:76.94,78.2 1 1
github.com/abraderAI/crm-project/api/internal/thread/service.go:81.127,83.2 1 1
github.com/abraderAI/crm-project/api/internal/thread/service.go:93.126,95.16 2 1
github.com/abraderAI/crm-project/api/internal/thread/service.go:95.16,97.3 1 0
github.com/abraderAI/crm-project/api/internal/thread/service.go:98.2,98.14 1 1
github.com/abraderAI/crm-project/api/internal/thread/service.go:98.14,100.3 1 1
github.com/abraderAI/crm-project/api/internal/thread/service.go:103.2,110.46 3 1
github.com/abraderAI/crm-project/api/internal/thread/service.go:110.46,113.24 3 1
github.com/abraderAI/crm-project/api/internal/thread/service.go:113.24,115.22 2 1
github.com/abraderAI/crm-project/api/internal/thread/service.go:115.22,117.19 2 1
github.com/abraderAI/crm-project/api/internal/thread/service.go:117.19,119.6 1 0
github.com/abraderAI/crm-project/api/internal/thread/service.go:120.5,120.37 1 1
github.com/abraderAI/crm-project/api/internal/thread/service.go:120.37,121.11 1 1
github.com/abraderAI/crm-project/api/internal/thread/service.go:123.5,123.48 1 0
github.com/abraderAI/crm-project/api/internal/thread/service.go:125.4,125.20 1 1
github.com/abraderAI/crm-project/api/internal/thread/service.go:128.2,128.23 1 1
github.com/abraderAI/crm-project/api/internal/thread/service.go:128.23,130.3 1 1
github.com/abraderAI/crm-project/api/internal/thread/service.go:131.2,131.27 1 1
github.com/abraderAI/crm-project/api/internal/thread/service.go:131.27,132.60 1 1
github.com/abraderAI/crm-project/api/internal/thread/service.go:132.60,134.4 1 0
github.com/abraderAI/crm-project/api/internal/thread/service.go:135.3,136.17 2 1
github.com/abraderAI/crm-project/api/internal/thread/service.go:136.17,138.4 1 0
github.com/abraderAI/crm-project/api/internal/thread/service.go:139.3,139.22 1 1
github.com/abraderAI/crm-project/api/internal/thread/service.go:142.2,142.46 1 1
github.com/abraderAI/crm-project/api/internal/thread/service.go:142.46,144.3 1 0
github.com/abraderAI/crm-project/api/internal/thread/service.go:147.2,155.15 3 1
github.com/abraderAI/crm-project/api/internal/thread/service.go:159.79,161.16 2 1
github.com/abraderAI/crm-project/api/internal/thread/service.go:161.16,163.3 1 0
github.com/abraderAI/crm-project/api/internal/thread/service.go:164.2,164.14 1 1
github.com/abraderAI/crm-project/api/internal/thread/service.go:164.14,166.3 1 1
github.com/abraderAI/crm-project/api/internal/thread/service.go:167.2,167.33 1 1
github.com/abraderAI/crm-project/api/internal/thread/service.go:171.110,173.16 2 1
github.com/abraderAI/crm-project/api/internal/thread/service.go:173.16,175.3 1 0
github.com/abraderAI/crm-project/api/internal/thread/service.go:176.2,176.14 1 1
github.com/abraderAI/crm-project/api/internal/thread/service.go:176.14,178.3 1 1
github.com/abraderAI/crm-project/api/internal/thread/service.go:179.2,180.46 2 1
github.com/abraderAI/crm-project/api/internal/thread/service.go:180.46,182.3 1 0
github.com/abraderAI/crm-project/api/internal/thread/service.go:183.2,183.15 1 1
github.com/abraderAI/crm-project/api/internal/thread/service.go:187.111,189.16 2 1
github.com/abraderAI/crm-project/api/internal/thread/service.go:189.16,191.3 1 0
github.com/abraderAI/crm-project/api/internal/thread/service.go:192.2,192.14 1 1
github.com/abraderAI/crm-project/api/internal/thread/service.go:192.14,194.3 1 1
github.com/abraderAI/crm-project/api/internal/thread/service.go:195.2,196.46 2 1
github.com/abraderAI/crm-project/api/internal/thread/service.go:196.46,198.3 1 0
github.com/abraderAI/crm-project/api/internal/thread/service.go:199.2,199.15 1 1
github.com/abraderAI/crm-project/api/pkg/errors/errors.go:26.65,30.2 3 1
github.com/abraderAI/crm-project/api/pkg/errors/errors.go:33.53,40.2 1 1
github.com/abraderAI/crm-project/api/pkg/errors/errors.go:43.57,50.2 1 1
github.com/abraderAI/crm-project/api/pkg/errors/errors.go:53.54,60.2 1 1
github.com/abraderAI/crm-project/api/pkg/errors/errors.go:63.86,71.2 1 1
github.com/abraderAI/crm-project/api/pkg/errors/errors.go:74.55,81.2 1 1
github.com/abraderAI/crm-project/api/pkg/errors/errors.go:84.53,91.2 1 1
github.com/abraderAI/crm-project/api/pkg/errors/errors.go:94.58,101.2 1 1
github.com/abraderAI/crm-project/api/pkg/metadata/metadata.go:12.52,13.34 1 1
github.com/abraderAI/crm-project/api/pkg/metadata/metadata.go:13.34,15.3 1 1
github.com/abraderAI/crm-project/api/pkg/metadata/metadata.go:16.2,16.32 1 1
github.com/abraderAI/crm-project/api/pkg/metadata/metadata.go:16.32,18.3 1 1
github.com/abraderAI/crm-project/api/pkg/metadata/metadata.go:20.2,21.63 2 1
github.com/abraderAI/crm-project/api/pkg/metadata/metadata.go:21.63,23.3 1 1
github.com/abraderAI/crm-project/api/pkg/metadata/metadata.go:24.2,24.65 1 1
github.com/abraderAI/crm-project/api/pkg/metadata/metadata.go:24.65,26.3 1 1
github.com/abraderAI/crm-project/api/pkg/metadata/metadata.go:28.2,30.16 3 1
github.com/abraderAI/crm-project/api/pkg/metadata/metadata.go:30.16,32.3 1 0
github.com/abraderAI/crm-project/api/pkg/metadata/metadata.go:33.2,33.28 1 1
github.com/abraderAI/crm-project/api/pkg/metadata/metadata.go:37.52,38.31 1 1
github.com/abraderAI/crm-project/api/pkg/metadata/metadata.go:38.31,39.20 1 1
github.com/abraderAI/crm-project/api/pkg/metadata/metadata.go:39.20,41.12 2 1
github.com/abraderAI/crm-project/api/pkg/metadata/metadata.go:43.3,44.14 2 1
github.com/abraderAI/crm-project/api/pkg/metadata/metadata.go:44.14,46.12 2 1
github.com/abraderAI/crm-project/api/pkg/metadata/metadata.go:48.3,50.21 3 1
github.com/abraderAI/crm-project/api/pkg/metadata/metadata.go:50.21,52.4 1 1
github.com/abraderAI/crm-project/api/pkg/metadata/metadata.go:52.9,54.4 1 1
github.com/abraderAI/crm-project/api/pkg/metadata/metadata.go:56.2,56.12 1 1
github.com/abraderAI/crm-project/api/pkg/metadata/metadata.go:60.31,61.13 1 1
github.com/abraderAI/crm-project/api/pkg/metadata/metadata.go:61.13,63.3 1 1
github.com/abraderAI/crm-project/api/pkg/metadata/metadata.go:64.2,65.54 2 1
github.com/abraderAI/crm-project/api/pkg/metadata/metadata.go:65.54,67.3 1 1
github.com/abraderAI/crm-project/api/pkg/metadata/metadata.go:68.2,68.12 1 1
github.com/abraderAI/crm-project/api/pkg/pagination/pagination.go:37.36,41.34 3 1
github.com/abraderAI/crm-project/api/pkg/pagination/pagination.go:41.34,42.44 1 1
github.com/abraderAI/crm-project/api/pkg/pagination/pagination.go:42.44,44.4 1 1
github.com/abraderAI/crm-project/api/pkg/pagination/pagination.go:47.2,47.15 1 1
github.com/abraderAI/crm-project/api/pkg/pagination/pagination.go:47.15,49.3 1 1
github.com/abraderAI/crm-project/api/pkg/pagination/pagination.go:50.2,50.22 1 1
github.com/abraderAI/crm-project/api/pkg/pagination/pagination.go:50.22,52.3 1 1
github.com/abraderAI/crm-project/api/pkg/pagination/pagination.go:54.2,57.3 1 1
github.com/abraderAI/crm-project/api/pkg/pagination/pagination.go:61.40,64.2 2 1
github.com/abraderAI/crm-project/api/pkg/pagination/pagination.go:68.53,69.18 1 1
github.com/abraderAI/crm-project/api/pkg/pagination/pagination.go:69.18,71.3 1 1
github.com/abraderAI/crm-project/api/pkg/pagination/pagination.go:73.2,74.16 2 1
github.com/abraderAI/crm-project/api/pkg/pagination/pagination.go:74.16,76.3 1 1
github.com/abraderAI/crm-project/api/pkg/pagination/pagination.go:78.2,79.77 2 1
github.com/abraderAI/crm-project/api/pkg/pagination/pagination.go:79.77,81.3 1 1
github.com/abraderAI/crm-project/api/pkg/pagination/pagination.go:83.2,84.16 2 1
github.com/abraderAI/crm-project/api/pkg/pagination/pagination.go:84.16,86.3 1 1
github.com/abraderAI/crm-project/api/pkg/pagination/pagination.go:88.2,88.16 1 1
github.com/abraderAI/crm-project/api/pkg/response/response.go:18.56,22.2 3 1
github.com/abraderAI/crm-project/api/pkg/response/response.go:25.47,27.2 1 1
github.com/abraderAI/crm-project/api/pkg/response/response.go:30.39,32.2 1 1
github.com/abraderAI/crm-project/api/pkg/slug/slug.go:19.35,25.2 5 1
github.com/abraderAI/crm-project/api/internal/server/server.go:34.41,79.37 30 1
github.com/abraderAI/crm-project/api/internal/server/server.go:79.37,81.60 1 1
github.com/abraderAI/crm-project/api/internal/server/server.go:81.60,85.4 3 1
github.com/abraderAI/crm-project/api/internal/server/server.go:88.3,88.36 1 1
github.com/abraderAI/crm-project/api/internal/server/server.go:88.36,99.61 7 1
github.com/abraderAI/crm-project/api/internal/server/server.go:99.61,103.5 3 1
github.com/abraderAI/crm-project/api/internal/server/server.go:106.4,106.59 1 1
github.com/abraderAI/crm-project/api/internal/server/server.go:106.59,111.5 4 1
github.com/abraderAI/crm-project/api/internal/server/server.go:114.4,114.59 1 1
github.com/abraderAI/crm-project/api/internal/server/server.go:114.59,122.53 6 1
github.com/abraderAI/crm-project/api/internal/server/server.go:122.53,126.6 3 1
github.com/abraderAI/crm-project/api/internal/server/server.go:129.5,129.53 1 1
github.com/abraderAI/crm-project/api/internal/server/server.go:129.53,139.54 8 1
github.com/abraderAI/crm-project/api/internal/server/server.go:139.54,143.7 3 1
github.com/abraderAI/crm-project/api/internal/server/server.go:146.6,146.55 1 1
github.com/abraderAI/crm-project/api/internal/server/server.go:146.55,158.59 10 1
github.com/abraderAI/crm-project/api/internal/server/server.go:158.59,164.8 5 1
github.com/abraderAI/crm-project/api/internal/server/server.go:172.2,172.58 1 1
github.com/abraderAI/crm-project/api/internal/server/server.go:172.58,174.3 1 1
github.com/abraderAI/crm-project/api/internal/server/server.go:176.2,176.66 1 1
github.com/abraderAI/crm-project/api/internal/server/server.go:176.66,183.3 1 0
github.com/abraderAI/crm-project/api/internal/server/server.go:185.2,185.10 1 1
github.com/abraderAI/crm-project/api/internal/server/server.go:190.63,192.2 1 0
